Determining if the feenableexcept exist failed with the following output:
Change Dir: C:/__Dev/dcmtk-3.6.7/build/CMakeFiles/CMakeTmp

Run Build Command(s):C:/Program Files/Microsoft Visual Studio/2022/Professional/MSBuild/Current/Bin/amd64/MSBuild.exe cmTC_70bc2.vcxproj /p:Configuration=Release /p:Platform=x64 /p:VisualStudioVersion=17.0 /v:n && MSBuild version 17.6.3+07e294721 for .NET Framework
빌드 시작: 2023-07-05 오전 9:29:13

1 노드의 "C:\__Dev\dcmtk-3.6.7\build\CMakeFiles\CMakeTmp\cmTC_70bc2.vcxproj" 프로젝트(기본 대상)입니다.
PrepareForBuild:
  "cmTC_70bc2.dir\Release\" 디렉터리를 만들고 있습니다.
  "C:\__Dev\dcmtk-3.6.7\build\CMakeFiles\CMakeTmp\Release\" 디렉터리를 만들고 있습니다.
  "cmTC_70bc2.dir\Release\cmTC_70bc2.tlog\" 디렉터리를 만들고 있습니다.
InitializeBuildStatus:
  "AlwaysCreate"이(가) 지정되었기 때문에 "cmTC_70bc2.dir\Release\cmTC_70bc2.tlog\unsuccessfulbuild"을(를) 만들고 있습니다.
VcpkgTripletSelection:
  Using triplet "x64-windows" from "C:\__Dev\vcpkg\installed\x64-windows\"
ClCompile:
  C:\Program Files\Microsoft Visual Studio\2022\Professional\VC\Tools\MSVC\14.36.32532\bin\HostX64\x64\CL.exe /c /I"C:\__Dev\vcpkg\installed\x64-windows\include" /W1 /WX- /diagnostics:column /O2 /Ob2 /D _MBCS /D WIN32 /D _WINDOWS /D NDEBUG /D "CMAKE_INTDIR=\"Release\"" /Gm- /EHsc /MT /GS /fp:precise /Zc:wchar_t /Zc:forScope /Zc:inline /GR /Fo"cmTC_70bc2.dir\Release\\" /Fd"cmTC_70bc2.dir\Release\vc143.pdb" /external:W1 /Gd /TP /errorReport:queue "C:\__Dev\dcmtk-3.6.7\build\CMakeTmp\CheckSymbolExists.cxx"
  Microsoft (R) C/C++ 최적화 컴파일러 버전 19.36.32532(x64)
  CheckSymbolExists.cxx
  Copyright (c) Microsoft Corporation. All rights reserved.
  cl /c /I"C:\__Dev\vcpkg\installed\x64-windows\include" /W1 /WX- /diagnostics:column /O2 /Ob2 /D _MBCS /D WIN32 /D _WINDOWS /D NDEBUG /D "CMAKE_INTDIR=\"Release\"" /Gm- /EHsc /MT /GS /fp:precise /Zc:wchar_t /Zc:forScope /Zc:inline /GR /Fo"cmTC_70bc2.dir\Release\\" /Fd"cmTC_70bc2.dir\Release\vc143.pdb" /external:W1 /Gd /TP /errorReport:queue "C:\__Dev\dcmtk-3.6.7\build\CMakeTmp\CheckSymbolExists.cxx"
C:\__Dev\dcmtk-3.6.7\build\CMakeTmp\CheckSymbolExists.cxx(22,1): error C2065: 'feenableexcept': 선언되지 않은 식별자입니다. [C:\__Dev\dcmtk-3.6.7\build\CMakeFiles\CMakeTmp\cmTC_70bc2.vcxproj]
"C:\__Dev\dcmtk-3.6.7\build\CMakeFiles\CMakeTmp\cmTC_70bc2.vcxproj" 프로젝트를 빌드했습니다(기본 대상). - 실패

빌드하지 못했습니다.

"C:\__Dev\dcmtk-3.6.7\build\CMakeFiles\CMakeTmp\cmTC_70bc2.vcxproj"(기본 대상)(1)->
(ClCompile 대상) -> 
  C:\__Dev\dcmtk-3.6.7\build\CMakeTmp\CheckSymbolExists.cxx(22,1): error C2065: 'feenableexcept': 선언되지 않은 식별자입니다. [C:\__Dev\dcmtk-3.6.7\build\CMakeFiles\CMakeTmp\cmTC_70bc2.vcxproj]

    경고 0개
    오류 1개

경과 시간: 00:00:00.83


File C:/__Dev/dcmtk-3.6.7/build/CMakeTmp/CheckSymbolExists.cxx:
/* */
#include <io.h>
#include <math.h>
#include <process.h>
#include <stdlib.h>
#include <stdint.h>
#include <stddef.h>
#include <string.h>
#include <sys/types.h>
#include <sys/stat.h>
#include <sys/timeb.h>
#include <stdarg.h>
#include <stdio.h>
#include <winsock2.h>
#include <ws2tcpip.h>
#include <windows.h>
#include <winsock.h>
#include <fenv.h>

int main()
{
feenableexcept;return 0;
}

Determining if the finite exist failed with the following output:
Change Dir: C:/__Dev/dcmtk-3.6.7/build/CMakeFiles/CMakeTmp

Run Build Command(s):C:/Program Files/Microsoft Visual Studio/2022/Professional/MSBuild/Current/Bin/amd64/MSBuild.exe cmTC_e6e0c.vcxproj /p:Configuration=Release /p:Platform=x64 /p:VisualStudioVersion=17.0 /v:n && MSBuild version 17.6.3+07e294721 for .NET Framework
빌드 시작: 2023-07-05 오전 9:29:18

1 노드의 "C:\__Dev\dcmtk-3.6.7\build\CMakeFiles\CMakeTmp\cmTC_e6e0c.vcxproj" 프로젝트(기본 대상)입니다.
PrepareForBuild:
  "cmTC_e6e0c.dir\Release\" 디렉터리를 만들고 있습니다.
  "C:\__Dev\dcmtk-3.6.7\build\CMakeFiles\CMakeTmp\Release\" 디렉터리를 만들고 있습니다.
  "cmTC_e6e0c.dir\Release\cmTC_e6e0c.tlog\" 디렉터리를 만들고 있습니다.
InitializeBuildStatus:
  "AlwaysCreate"이(가) 지정되었기 때문에 "cmTC_e6e0c.dir\Release\cmTC_e6e0c.tlog\unsuccessfulbuild"을(를) 만들고 있습니다.
VcpkgTripletSelection:
  Using triplet "x64-windows" from "C:\__Dev\vcpkg\installed\x64-windows\"
ClCompile:
  C:\Program Files\Microsoft Visual Studio\2022\Professional\VC\Tools\MSVC\14.36.32532\bin\HostX64\x64\CL.exe /c /I"C:\__Dev\vcpkg\installed\x64-windows\include" /W1 /WX- /diagnostics:column /O2 /Ob2 /D _MBCS /D WIN32 /D _WINDOWS /D NDEBUG /D "CMAKE_INTDIR=\"Release\"" /Gm- /EHsc /MT /GS /fp:precise /Zc:wchar_t /Zc:forScope /Zc:inline /GR /Fo"cmTC_e6e0c.dir\Release\\" /Fd"cmTC_e6e0c.dir\Release\vc143.pdb" /external:W1 /Gd /TP /errorReport:queue "C:\__Dev\dcmtk-3.6.7\build\CMakeTmp\CheckSymbolExists.cxx"
  Microsoft (R) C/C++ 최적화 컴파일러 버전 19.36.32532(x64)
  CheckSymbolExists.cxx
  Copyright (c) Microsoft Corporation. All rights reserved.
  cl /c /I"C:\__Dev\vcpkg\installed\x64-windows\include" /W1 /WX- /diagnostics:column /O2 /Ob2 /D _MBCS /D WIN32 /D _WINDOWS /D NDEBUG /D "CMAKE_INTDIR=\"Release\"" /Gm- /EHsc /MT /GS /fp:precise /Zc:wchar_t /Zc:forScope /Zc:inline /GR /Fo"cmTC_e6e0c.dir\Release\\" /Fd"cmTC_e6e0c.dir\Release\vc143.pdb" /external:W1 /Gd /TP /errorReport:queue "C:\__Dev\dcmtk-3.6.7\build\CMakeTmp\CheckSymbolExists.cxx"
C:\__Dev\dcmtk-3.6.7\build\CMakeTmp\CheckSymbolExists.cxx(22,1): error C2065: 'finite': 선언되지 않은 식별자입니다. [C:\__Dev\dcmtk-3.6.7\build\CMakeFiles\CMakeTmp\cmTC_e6e0c.vcxproj]
"C:\__Dev\dcmtk-3.6.7\build\CMakeFiles\CMakeTmp\cmTC_e6e0c.vcxproj" 프로젝트를 빌드했습니다(기본 대상). - 실패

빌드하지 못했습니다.

"C:\__Dev\dcmtk-3.6.7\build\CMakeFiles\CMakeTmp\cmTC_e6e0c.vcxproj"(기본 대상)(1)->
(ClCompile 대상) -> 
  C:\__Dev\dcmtk-3.6.7\build\CMakeTmp\CheckSymbolExists.cxx(22,1): error C2065: 'finite': 선언되지 않은 식별자입니다. [C:\__Dev\dcmtk-3.6.7\build\CMakeFiles\CMakeTmp\cmTC_e6e0c.vcxproj]

    경고 0개
    오류 1개

경과 시간: 00:00:00.91


File C:/__Dev/dcmtk-3.6.7/build/CMakeTmp/CheckSymbolExists.cxx:
/* */
#include <io.h>
#include <math.h>
#include <process.h>
#include <stdlib.h>
#include <stdint.h>
#include <stddef.h>
#include <string.h>
#include <sys/types.h>
#include <sys/stat.h>
#include <sys/timeb.h>
#include <stdarg.h>
#include <stdio.h>
#include <winsock2.h>
#include <ws2tcpip.h>
#include <windows.h>
#include <winsock.h>
#include <fenv.h>

int main()
{
finite;return 0;
}

Determining if the std::finite exist failed with the following output:
Change Dir: C:/__Dev/dcmtk-3.6.7/build/CMakeFiles/CMakeTmp

Run Build Command(s):C:/Program Files/Microsoft Visual Studio/2022/Professional/MSBuild/Current/Bin/amd64/MSBuild.exe cmTC_87c6f.vcxproj /p:Configuration=Release /p:Platform=x64 /p:VisualStudioVersion=17.0 /v:n && MSBuild version 17.6.3+07e294721 for .NET Framework
빌드 시작: 2023-07-05 오전 9:29:22

1 노드의 "C:\__Dev\dcmtk-3.6.7\build\CMakeFiles\CMakeTmp\cmTC_87c6f.vcxproj" 프로젝트(기본 대상)입니다.
PrepareForBuild:
  "cmTC_87c6f.dir\Release\" 디렉터리를 만들고 있습니다.
  "C:\__Dev\dcmtk-3.6.7\build\CMakeFiles\CMakeTmp\Release\" 디렉터리를 만들고 있습니다.
  "cmTC_87c6f.dir\Release\cmTC_87c6f.tlog\" 디렉터리를 만들고 있습니다.
InitializeBuildStatus:
  "AlwaysCreate"이(가) 지정되었기 때문에 "cmTC_87c6f.dir\Release\cmTC_87c6f.tlog\unsuccessfulbuild"을(를) 만들고 있습니다.
VcpkgTripletSelection:
  Using triplet "x64-windows" from "C:\__Dev\vcpkg\installed\x64-windows\"
ClCompile:
  C:\Program Files\Microsoft Visual Studio\2022\Professional\VC\Tools\MSVC\14.36.32532\bin\HostX64\x64\CL.exe /c /I"C:\__Dev\vcpkg\installed\x64-windows\include" /W1 /WX- /diagnostics:column /O2 /Ob2 /D _MBCS /D WIN32 /D _WINDOWS /D NDEBUG /D "CMAKE_INTDIR=\"Release\"" /Gm- /EHsc /MT /GS /fp:precise /Zc:wchar_t /Zc:forScope /Zc:inline /GR /Fo"cmTC_87c6f.dir\Release\\" /Fd"cmTC_87c6f.dir\Release\vc143.pdb" /external:W1 /Gd /TP /errorReport:queue "C:\__Dev\dcmtk-3.6.7\build\CMakeTmp\CheckSymbolExists.cxx"
  Microsoft (R) C/C++ 최적화 컴파일러 버전 19.36.32532(x64)
  CheckSymbolExists.cxx
  Copyright (c) Microsoft Corporation. All rights reserved.
  cl /c /I"C:\__Dev\vcpkg\installed\x64-windows\include" /W1 /WX- /diagnostics:column /O2 /Ob2 /D _MBCS /D WIN32 /D _WINDOWS /D NDEBUG /D "CMAKE_INTDIR=\"Release\"" /Gm- /EHsc /MT /GS /fp:precise /Zc:wchar_t /Zc:forScope /Zc:inline /GR /Fo"cmTC_87c6f.dir\Release\\" /Fd"cmTC_87c6f.dir\Release\vc143.pdb" /external:W1 /Gd /TP /errorReport:queue "C:\__Dev\dcmtk-3.6.7\build\CMakeTmp\CheckSymbolExists.cxx"
C:\__Dev\dcmtk-3.6.7\build\CMakeTmp\CheckSymbolExists.cxx(22,6): error C2039: 'finite': 'std'의 멤버가 아닙니다. [C:\__Dev\dcmtk-3.6.7\build\CMakeFiles\CMakeTmp\cmTC_87c6f.vcxproj]
C:\Program Files (x86)\Windows Kits\10\Include\10.0.22621.0\ucrt\stddef.h(23,15): message : 'std' 선언을 참조하십시오. [C:\__Dev\dcmtk-3.6.7\build\CMakeFiles\CMakeTmp\cmTC_87c6f.vcxproj]
C:\__Dev\dcmtk-3.6.7\build\CMakeTmp\CheckSymbolExists.cxx(22,12): error C2065: 'finite': 선언되지 않은 식별자입니다. [C:\__Dev\dcmtk-3.6.7\build\CMakeFiles\CMakeTmp\cmTC_87c6f.vcxproj]
"C:\__Dev\dcmtk-3.6.7\build\CMakeFiles\CMakeTmp\cmTC_87c6f.vcxproj" 프로젝트를 빌드했습니다(기본 대상). - 실패

빌드하지 못했습니다.

"C:\__Dev\dcmtk-3.6.7\build\CMakeFiles\CMakeTmp\cmTC_87c6f.vcxproj"(기본 대상)(1)->
(ClCompile 대상) -> 
  C:\__Dev\dcmtk-3.6.7\build\CMakeTmp\CheckSymbolExists.cxx(22,6): error C2039: 'finite': 'std'의 멤버가 아닙니다. [C:\__Dev\dcmtk-3.6.7\build\CMakeFiles\CMakeTmp\cmTC_87c6f.vcxproj]
  C:\__Dev\dcmtk-3.6.7\build\CMakeTmp\CheckSymbolExists.cxx(22,12): error C2065: 'finite': 선언되지 않은 식별자입니다. [C:\__Dev\dcmtk-3.6.7\build\CMakeFiles\CMakeTmp\cmTC_87c6f.vcxproj]

    경고 0개
    오류 2개

경과 시간: 00:00:01.01


File C:/__Dev/dcmtk-3.6.7/build/CMakeTmp/CheckSymbolExists.cxx:
/* */
#include <io.h>
#include <math.h>
#include <process.h>
#include <stdlib.h>
#include <stdint.h>
#include <stddef.h>
#include <string.h>
#include <sys/types.h>
#include <sys/stat.h>
#include <sys/timeb.h>
#include <stdarg.h>
#include <stdio.h>
#include <winsock2.h>
#include <ws2tcpip.h>
#include <windows.h>
#include <winsock.h>
#include <fenv.h>

int main()
{
std::finite;return 0;
}

Determining if the flock exist failed with the following output:
Change Dir: C:/__Dev/dcmtk-3.6.7/build/CMakeFiles/CMakeTmp

Run Build Command(s):C:/Program Files/Microsoft Visual Studio/2022/Professional/MSBuild/Current/Bin/amd64/MSBuild.exe cmTC_03fb3.vcxproj /p:Configuration=Release /p:Platform=x64 /p:VisualStudioVersion=17.0 /v:n && MSBuild version 17.6.3+07e294721 for .NET Framework
빌드 시작: 2023-07-05 오전 9:29:24

1 노드의 "C:\__Dev\dcmtk-3.6.7\build\CMakeFiles\CMakeTmp\cmTC_03fb3.vcxproj" 프로젝트(기본 대상)입니다.
PrepareForBuild:
  "cmTC_03fb3.dir\Release\" 디렉터리를 만들고 있습니다.
  "C:\__Dev\dcmtk-3.6.7\build\CMakeFiles\CMakeTmp\Release\" 디렉터리를 만들고 있습니다.
  "cmTC_03fb3.dir\Release\cmTC_03fb3.tlog\" 디렉터리를 만들고 있습니다.
InitializeBuildStatus:
  "AlwaysCreate"이(가) 지정되었기 때문에 "cmTC_03fb3.dir\Release\cmTC_03fb3.tlog\unsuccessfulbuild"을(를) 만들고 있습니다.
VcpkgTripletSelection:
  Using triplet "x64-windows" from "C:\__Dev\vcpkg\installed\x64-windows\"
ClCompile:
  C:\Program Files\Microsoft Visual Studio\2022\Professional\VC\Tools\MSVC\14.36.32532\bin\HostX64\x64\CL.exe /c /I"C:\__Dev\vcpkg\installed\x64-windows\include" /W1 /WX- /diagnostics:column /O2 /Ob2 /D _MBCS /D WIN32 /D _WINDOWS /D NDEBUG /D "CMAKE_INTDIR=\"Release\"" /Gm- /EHsc /MT /GS /fp:precise /Zc:wchar_t /Zc:forScope /Zc:inline /GR /Fo"cmTC_03fb3.dir\Release\\" /Fd"cmTC_03fb3.dir\Release\vc143.pdb" /external:W1 /Gd /TP /errorReport:queue "C:\__Dev\dcmtk-3.6.7\build\CMakeTmp\CheckSymbolExists.cxx"
  Microsoft (R) C/C++ 최적화 컴파일러 버전 19.36.32532(x64)
  CheckSymbolExists.cxx
  Copyright (c) Microsoft Corporation. All rights reserved.
  cl /c /I"C:\__Dev\vcpkg\installed\x64-windows\include" /W1 /WX- /diagnostics:column /O2 /Ob2 /D _MBCS /D WIN32 /D _WINDOWS /D NDEBUG /D "CMAKE_INTDIR=\"Release\"" /Gm- /EHsc /MT /GS /fp:precise /Zc:wchar_t /Zc:forScope /Zc:inline /GR /Fo"cmTC_03fb3.dir\Release\\" /Fd"cmTC_03fb3.dir\Release\vc143.pdb" /external:W1 /Gd /TP /errorReport:queue "C:\__Dev\dcmtk-3.6.7\build\CMakeTmp\CheckSymbolExists.cxx"
C:\__Dev\dcmtk-3.6.7\build\CMakeTmp\CheckSymbolExists.cxx(22,1): error C2065: 'flock': 선언되지 않은 식별자입니다. [C:\__Dev\dcmtk-3.6.7\build\CMakeFiles\CMakeTmp\cmTC_03fb3.vcxproj]
"C:\__Dev\dcmtk-3.6.7\build\CMakeFiles\CMakeTmp\cmTC_03fb3.vcxproj" 프로젝트를 빌드했습니다(기본 대상). - 실패

빌드하지 못했습니다.

"C:\__Dev\dcmtk-3.6.7\build\CMakeFiles\CMakeTmp\cmTC_03fb3.vcxproj"(기본 대상)(1)->
(ClCompile 대상) -> 
  C:\__Dev\dcmtk-3.6.7\build\CMakeTmp\CheckSymbolExists.cxx(22,1): error C2065: 'flock': 선언되지 않은 식별자입니다. [C:\__Dev\dcmtk-3.6.7\build\CMakeFiles\CMakeTmp\cmTC_03fb3.vcxproj]

    경고 0개
    오류 1개

경과 시간: 00:00:00.90


File C:/__Dev/dcmtk-3.6.7/build/CMakeTmp/CheckSymbolExists.cxx:
/* */
#include <io.h>
#include <math.h>
#include <process.h>
#include <stdlib.h>
#include <stdint.h>
#include <stddef.h>
#include <string.h>
#include <sys/types.h>
#include <sys/stat.h>
#include <sys/timeb.h>
#include <stdarg.h>
#include <stdio.h>
#include <winsock2.h>
#include <ws2tcpip.h>
#include <windows.h>
#include <winsock.h>
#include <fenv.h>

int main()
{
flock;return 0;
}

Determining if the gethostbyname_r exist failed with the following output:
Change Dir: C:/__Dev/dcmtk-3.6.7/build/CMakeFiles/CMakeTmp

Run Build Command(s):C:/Program Files/Microsoft Visual Studio/2022/Professional/MSBuild/Current/Bin/amd64/MSBuild.exe cmTC_9b0ce.vcxproj /p:Configuration=Release /p:Platform=x64 /p:VisualStudioVersion=17.0 /v:n && MSBuild version 17.6.3+07e294721 for .NET Framework
빌드 시작: 2023-07-05 오전 9:29:27

1 노드의 "C:\__Dev\dcmtk-3.6.7\build\CMakeFiles\CMakeTmp\cmTC_9b0ce.vcxproj" 프로젝트(기본 대상)입니다.
PrepareForBuild:
  "cmTC_9b0ce.dir\Release\" 디렉터리를 만들고 있습니다.
  "C:\__Dev\dcmtk-3.6.7\build\CMakeFiles\CMakeTmp\Release\" 디렉터리를 만들고 있습니다.
  "cmTC_9b0ce.dir\Release\cmTC_9b0ce.tlog\" 디렉터리를 만들고 있습니다.
InitializeBuildStatus:
  "AlwaysCreate"이(가) 지정되었기 때문에 "cmTC_9b0ce.dir\Release\cmTC_9b0ce.tlog\unsuccessfulbuild"을(를) 만들고 있습니다.
VcpkgTripletSelection:
  Using triplet "x64-windows" from "C:\__Dev\vcpkg\installed\x64-windows\"
ClCompile:
  C:\Program Files\Microsoft Visual Studio\2022\Professional\VC\Tools\MSVC\14.36.32532\bin\HostX64\x64\CL.exe /c /I"C:\__Dev\vcpkg\installed\x64-windows\include" /W1 /WX- /diagnostics:column /O2 /Ob2 /D _MBCS /D WIN32 /D _WINDOWS /D NDEBUG /D "CMAKE_INTDIR=\"Release\"" /Gm- /EHsc /MT /GS /fp:precise /Zc:wchar_t /Zc:forScope /Zc:inline /GR /Fo"cmTC_9b0ce.dir\Release\\" /Fd"cmTC_9b0ce.dir\Release\vc143.pdb" /external:W1 /Gd /TP /errorReport:queue "C:\__Dev\dcmtk-3.6.7\build\CMakeTmp\CheckSymbolExists.cxx"
  Microsoft (R) C/C++ 최적화 컴파일러 버전 19.36.32532(x64)
  CheckSymbolExists.cxx
  Copyright (c) Microsoft Corporation. All rights reserved.
  cl /c /I"C:\__Dev\vcpkg\installed\x64-windows\include" /W1 /WX- /diagnostics:column /O2 /Ob2 /D _MBCS /D WIN32 /D _WINDOWS /D NDEBUG /D "CMAKE_INTDIR=\"Release\"" /Gm- /EHsc /MT /GS /fp:precise /Zc:wchar_t /Zc:forScope /Zc:inline /GR /Fo"cmTC_9b0ce.dir\Release\\" /Fd"cmTC_9b0ce.dir\Release\vc143.pdb" /external:W1 /Gd /TP /errorReport:queue "C:\__Dev\dcmtk-3.6.7\build\CMakeTmp\CheckSymbolExists.cxx"
C:\__Dev\dcmtk-3.6.7\build\CMakeTmp\CheckSymbolExists.cxx(22,1): error C2065: 'gethostbyname_r': 선언되지 않은 식별자입니다. [C:\__Dev\dcmtk-3.6.7\build\CMakeFiles\CMakeTmp\cmTC_9b0ce.vcxproj]
"C:\__Dev\dcmtk-3.6.7\build\CMakeFiles\CMakeTmp\cmTC_9b0ce.vcxproj" 프로젝트를 빌드했습니다(기본 대상). - 실패

빌드하지 못했습니다.

"C:\__Dev\dcmtk-3.6.7\build\CMakeFiles\CMakeTmp\cmTC_9b0ce.vcxproj"(기본 대상)(1)->
(ClCompile 대상) -> 
  C:\__Dev\dcmtk-3.6.7\build\CMakeTmp\CheckSymbolExists.cxx(22,1): error C2065: 'gethostbyname_r': 선언되지 않은 식별자입니다. [C:\__Dev\dcmtk-3.6.7\build\CMakeFiles\CMakeTmp\cmTC_9b0ce.vcxproj]

    경고 0개
    오류 1개

경과 시간: 00:00:00.84


File C:/__Dev/dcmtk-3.6.7/build/CMakeTmp/CheckSymbolExists.cxx:
/* */
#include <io.h>
#include <math.h>
#include <process.h>
#include <stdlib.h>
#include <stdint.h>
#include <stddef.h>
#include <string.h>
#include <sys/types.h>
#include <sys/stat.h>
#include <sys/timeb.h>
#include <stdarg.h>
#include <stdio.h>
#include <winsock2.h>
#include <ws2tcpip.h>
#include <windows.h>
#include <winsock.h>
#include <fenv.h>

int main()
{
gethostbyname_r;return 0;
}

Determining if the gethostbyaddr_r exist failed with the following output:
Change Dir: C:/__Dev/dcmtk-3.6.7/build/CMakeFiles/CMakeTmp

Run Build Command(s):C:/Program Files/Microsoft Visual Studio/2022/Professional/MSBuild/Current/Bin/amd64/MSBuild.exe cmTC_b9394.vcxproj /p:Configuration=Release /p:Platform=x64 /p:VisualStudioVersion=17.0 /v:n && MSBuild version 17.6.3+07e294721 for .NET Framework
빌드 시작: 2023-07-05 오전 9:29:28

1 노드의 "C:\__Dev\dcmtk-3.6.7\build\CMakeFiles\CMakeTmp\cmTC_b9394.vcxproj" 프로젝트(기본 대상)입니다.
PrepareForBuild:
  "cmTC_b9394.dir\Release\" 디렉터리를 만들고 있습니다.
  "C:\__Dev\dcmtk-3.6.7\build\CMakeFiles\CMakeTmp\Release\" 디렉터리를 만들고 있습니다.
  "cmTC_b9394.dir\Release\cmTC_b9394.tlog\" 디렉터리를 만들고 있습니다.
InitializeBuildStatus:
  "AlwaysCreate"이(가) 지정되었기 때문에 "cmTC_b9394.dir\Release\cmTC_b9394.tlog\unsuccessfulbuild"을(를) 만들고 있습니다.
VcpkgTripletSelection:
  Using triplet "x64-windows" from "C:\__Dev\vcpkg\installed\x64-windows\"
ClCompile:
  C:\Program Files\Microsoft Visual Studio\2022\Professional\VC\Tools\MSVC\14.36.32532\bin\HostX64\x64\CL.exe /c /I"C:\__Dev\vcpkg\installed\x64-windows\include" /W1 /WX- /diagnostics:column /O2 /Ob2 /D _MBCS /D WIN32 /D _WINDOWS /D NDEBUG /D "CMAKE_INTDIR=\"Release\"" /Gm- /EHsc /MT /GS /fp:precise /Zc:wchar_t /Zc:forScope /Zc:inline /GR /Fo"cmTC_b9394.dir\Release\\" /Fd"cmTC_b9394.dir\Release\vc143.pdb" /external:W1 /Gd /TP /errorReport:queue "C:\__Dev\dcmtk-3.6.7\build\CMakeTmp\CheckSymbolExists.cxx"
  Microsoft (R) C/C++ 최적화 컴파일러 버전 19.36.32532(x64)
  CheckSymbolExists.cxx
  Copyright (c) Microsoft Corporation. All rights reserved.
  cl /c /I"C:\__Dev\vcpkg\installed\x64-windows\include" /W1 /WX- /diagnostics:column /O2 /Ob2 /D _MBCS /D WIN32 /D _WINDOWS /D NDEBUG /D "CMAKE_INTDIR=\"Release\"" /Gm- /EHsc /MT /GS /fp:precise /Zc:wchar_t /Zc:forScope /Zc:inline /GR /Fo"cmTC_b9394.dir\Release\\" /Fd"cmTC_b9394.dir\Release\vc143.pdb" /external:W1 /Gd /TP /errorReport:queue "C:\__Dev\dcmtk-3.6.7\build\CMakeTmp\CheckSymbolExists.cxx"
C:\__Dev\dcmtk-3.6.7\build\CMakeTmp\CheckSymbolExists.cxx(22,1): error C2065: 'gethostbyaddr_r': 선언되지 않은 식별자입니다. [C:\__Dev\dcmtk-3.6.7\build\CMakeFiles\CMakeTmp\cmTC_b9394.vcxproj]
"C:\__Dev\dcmtk-3.6.7\build\CMakeFiles\CMakeTmp\cmTC_b9394.vcxproj" 프로젝트를 빌드했습니다(기본 대상). - 실패

빌드하지 못했습니다.

"C:\__Dev\dcmtk-3.6.7\build\CMakeFiles\CMakeTmp\cmTC_b9394.vcxproj"(기본 대상)(1)->
(ClCompile 대상) -> 
  C:\__Dev\dcmtk-3.6.7\build\CMakeTmp\CheckSymbolExists.cxx(22,1): error C2065: 'gethostbyaddr_r': 선언되지 않은 식별자입니다. [C:\__Dev\dcmtk-3.6.7\build\CMakeFiles\CMakeTmp\cmTC_b9394.vcxproj]

    경고 0개
    오류 1개

경과 시간: 00:00:00.84


File C:/__Dev/dcmtk-3.6.7/build/CMakeTmp/CheckSymbolExists.cxx:
/* */
#include <io.h>
#include <math.h>
#include <process.h>
#include <stdlib.h>
#include <stdint.h>
#include <stddef.h>
#include <string.h>
#include <sys/types.h>
#include <sys/stat.h>
#include <sys/timeb.h>
#include <stdarg.h>
#include <stdio.h>
#include <winsock2.h>
#include <ws2tcpip.h>
#include <windows.h>
#include <winsock.h>
#include <fenv.h>

int main()
{
gethostbyaddr_r;return 0;
}

Determining if the gethostid exist failed with the following output:
Change Dir: C:/__Dev/dcmtk-3.6.7/build/CMakeFiles/CMakeTmp

Run Build Command(s):C:/Program Files/Microsoft Visual Studio/2022/Professional/MSBuild/Current/Bin/amd64/MSBuild.exe cmTC_61559.vcxproj /p:Configuration=Release /p:Platform=x64 /p:VisualStudioVersion=17.0 /v:n && MSBuild version 17.6.3+07e294721 for .NET Framework
빌드 시작: 2023-07-05 오전 9:29:29

1 노드의 "C:\__Dev\dcmtk-3.6.7\build\CMakeFiles\CMakeTmp\cmTC_61559.vcxproj" 프로젝트(기본 대상)입니다.
PrepareForBuild:
  "cmTC_61559.dir\Release\" 디렉터리를 만들고 있습니다.
  "C:\__Dev\dcmtk-3.6.7\build\CMakeFiles\CMakeTmp\Release\" 디렉터리를 만들고 있습니다.
  "cmTC_61559.dir\Release\cmTC_61559.tlog\" 디렉터리를 만들고 있습니다.
InitializeBuildStatus:
  "AlwaysCreate"이(가) 지정되었기 때문에 "cmTC_61559.dir\Release\cmTC_61559.tlog\unsuccessfulbuild"을(를) 만들고 있습니다.
VcpkgTripletSelection:
  Using triplet "x64-windows" from "C:\__Dev\vcpkg\installed\x64-windows\"
ClCompile:
  C:\Program Files\Microsoft Visual Studio\2022\Professional\VC\Tools\MSVC\14.36.32532\bin\HostX64\x64\CL.exe /c /I"C:\__Dev\vcpkg\installed\x64-windows\include" /W1 /WX- /diagnostics:column /O2 /Ob2 /D _MBCS /D WIN32 /D _WINDOWS /D NDEBUG /D "CMAKE_INTDIR=\"Release\"" /Gm- /EHsc /MT /GS /fp:precise /Zc:wchar_t /Zc:forScope /Zc:inline /GR /Fo"cmTC_61559.dir\Release\\" /Fd"cmTC_61559.dir\Release\vc143.pdb" /external:W1 /Gd /TP /errorReport:queue "C:\__Dev\dcmtk-3.6.7\build\CMakeTmp\CheckSymbolExists.cxx"
  Microsoft (R) C/C++ 최적화 컴파일러 버전 19.36.32532(x64)
  CheckSymbolExists.cxx
  Copyright (c) Microsoft Corporation. All rights reserved.
  cl /c /I"C:\__Dev\vcpkg\installed\x64-windows\include" /W1 /WX- /diagnostics:column /O2 /Ob2 /D _MBCS /D WIN32 /D _WINDOWS /D NDEBUG /D "CMAKE_INTDIR=\"Release\"" /Gm- /EHsc /MT /GS /fp:precise /Zc:wchar_t /Zc:forScope /Zc:inline /GR /Fo"cmTC_61559.dir\Release\\" /Fd"cmTC_61559.dir\Release\vc143.pdb" /external:W1 /Gd /TP /errorReport:queue "C:\__Dev\dcmtk-3.6.7\build\CMakeTmp\CheckSymbolExists.cxx"
C:\__Dev\dcmtk-3.6.7\build\CMakeTmp\CheckSymbolExists.cxx(22,1): error C2065: 'gethostid': 선언되지 않은 식별자입니다. [C:\__Dev\dcmtk-3.6.7\build\CMakeFiles\CMakeTmp\cmTC_61559.vcxproj]
"C:\__Dev\dcmtk-3.6.7\build\CMakeFiles\CMakeTmp\cmTC_61559.vcxproj" 프로젝트를 빌드했습니다(기본 대상). - 실패

빌드하지 못했습니다.

"C:\__Dev\dcmtk-3.6.7\build\CMakeFiles\CMakeTmp\cmTC_61559.vcxproj"(기본 대상)(1)->
(ClCompile 대상) -> 
  C:\__Dev\dcmtk-3.6.7\build\CMakeTmp\CheckSymbolExists.cxx(22,1): error C2065: 'gethostid': 선언되지 않은 식별자입니다. [C:\__Dev\dcmtk-3.6.7\build\CMakeFiles\CMakeTmp\cmTC_61559.vcxproj]

    경고 0개
    오류 1개

경과 시간: 00:00:00.82


File C:/__Dev/dcmtk-3.6.7/build/CMakeTmp/CheckSymbolExists.cxx:
/* */
#include <io.h>
#include <math.h>
#include <process.h>
#include <stdlib.h>
#include <stdint.h>
#include <stddef.h>
#include <string.h>
#include <sys/types.h>
#include <sys/stat.h>
#include <sys/timeb.h>
#include <stdarg.h>
#include <stdio.h>
#include <winsock2.h>
#include <ws2tcpip.h>
#include <windows.h>
#include <winsock.h>
#include <fenv.h>

int main()
{
gethostid;return 0;
}

Determining if the waitpid exist failed with the following output:
Change Dir: C:/__Dev/dcmtk-3.6.7/build/CMakeFiles/CMakeTmp

Run Build Command(s):C:/Program Files/Microsoft Visual Studio/2022/Professional/MSBuild/Current/Bin/amd64/MSBuild.exe cmTC_5c93a.vcxproj /p:Configuration=Release /p:Platform=x64 /p:VisualStudioVersion=17.0 /v:n && MSBuild version 17.6.3+07e294721 for .NET Framework
빌드 시작: 2023-07-05 오전 9:29:32

1 노드의 "C:\__Dev\dcmtk-3.6.7\build\CMakeFiles\CMakeTmp\cmTC_5c93a.vcxproj" 프로젝트(기본 대상)입니다.
PrepareForBuild:
  "cmTC_5c93a.dir\Release\" 디렉터리를 만들고 있습니다.
  "C:\__Dev\dcmtk-3.6.7\build\CMakeFiles\CMakeTmp\Release\" 디렉터리를 만들고 있습니다.
  "cmTC_5c93a.dir\Release\cmTC_5c93a.tlog\" 디렉터리를 만들고 있습니다.
InitializeBuildStatus:
  "AlwaysCreate"이(가) 지정되었기 때문에 "cmTC_5c93a.dir\Release\cmTC_5c93a.tlog\unsuccessfulbuild"을(를) 만들고 있습니다.
VcpkgTripletSelection:
  Using triplet "x64-windows" from "C:\__Dev\vcpkg\installed\x64-windows\"
ClCompile:
  C:\Program Files\Microsoft Visual Studio\2022\Professional\VC\Tools\MSVC\14.36.32532\bin\HostX64\x64\CL.exe /c /I"C:\__Dev\vcpkg\installed\x64-windows\include" /W1 /WX- /diagnostics:column /O2 /Ob2 /D _MBCS /D WIN32 /D _WINDOWS /D NDEBUG /D "CMAKE_INTDIR=\"Release\"" /Gm- /EHsc /MT /GS /fp:precise /Zc:wchar_t /Zc:forScope /Zc:inline /GR /Fo"cmTC_5c93a.dir\Release\\" /Fd"cmTC_5c93a.dir\Release\vc143.pdb" /external:W1 /Gd /TP /errorReport:queue "C:\__Dev\dcmtk-3.6.7\build\CMakeTmp\CheckSymbolExists.cxx"
  Microsoft (R) C/C++ 최적화 컴파일러 버전 19.36.32532(x64)
  CheckSymbolExists.cxx
  Copyright (c) Microsoft Corporation. All rights reserved.
  cl /c /I"C:\__Dev\vcpkg\installed\x64-windows\include" /W1 /WX- /diagnostics:column /O2 /Ob2 /D _MBCS /D WIN32 /D _WINDOWS /D NDEBUG /D "CMAKE_INTDIR=\"Release\"" /Gm- /EHsc /MT /GS /fp:precise /Zc:wchar_t /Zc:forScope /Zc:inline /GR /Fo"cmTC_5c93a.dir\Release\\" /Fd"cmTC_5c93a.dir\Release\vc143.pdb" /external:W1 /Gd /TP /errorReport:queue "C:\__Dev\dcmtk-3.6.7\build\CMakeTmp\CheckSymbolExists.cxx"
C:\__Dev\dcmtk-3.6.7\build\CMakeTmp\CheckSymbolExists.cxx(22,1): error C2065: 'waitpid': 선언되지 않은 식별자입니다. [C:\__Dev\dcmtk-3.6.7\build\CMakeFiles\CMakeTmp\cmTC_5c93a.vcxproj]
"C:\__Dev\dcmtk-3.6.7\build\CMakeFiles\CMakeTmp\cmTC_5c93a.vcxproj" 프로젝트를 빌드했습니다(기본 대상). - 실패

빌드하지 못했습니다.

"C:\__Dev\dcmtk-3.6.7\build\CMakeFiles\CMakeTmp\cmTC_5c93a.vcxproj"(기본 대상)(1)->
(ClCompile 대상) -> 
  C:\__Dev\dcmtk-3.6.7\build\CMakeTmp\CheckSymbolExists.cxx(22,1): error C2065: 'waitpid': 선언되지 않은 식별자입니다. [C:\__Dev\dcmtk-3.6.7\build\CMakeFiles\CMakeTmp\cmTC_5c93a.vcxproj]

    경고 0개
    오류 1개

경과 시간: 00:00:00.79


File C:/__Dev/dcmtk-3.6.7/build/CMakeTmp/CheckSymbolExists.cxx:
/* */
#include <io.h>
#include <math.h>
#include <process.h>
#include <stdlib.h>
#include <stdint.h>
#include <stddef.h>
#include <string.h>
#include <sys/types.h>
#include <sys/stat.h>
#include <sys/timeb.h>
#include <stdarg.h>
#include <stdio.h>
#include <winsock2.h>
#include <ws2tcpip.h>
#include <windows.h>
#include <winsock.h>
#include <fenv.h>

int main()
{
waitpid;return 0;
}

Determining if the wait3 exist failed with the following output:
Change Dir: C:/__Dev/dcmtk-3.6.7/build/CMakeFiles/CMakeTmp

Run Build Command(s):C:/Program Files/Microsoft Visual Studio/2022/Professional/MSBuild/Current/Bin/amd64/MSBuild.exe cmTC_e09f6.vcxproj /p:Configuration=Release /p:Platform=x64 /p:VisualStudioVersion=17.0 /v:n && MSBuild version 17.6.3+07e294721 for .NET Framework
빌드 시작: 2023-07-05 오전 9:29:34

1 노드의 "C:\__Dev\dcmtk-3.6.7\build\CMakeFiles\CMakeTmp\cmTC_e09f6.vcxproj" 프로젝트(기본 대상)입니다.
PrepareForBuild:
  "cmTC_e09f6.dir\Release\" 디렉터리를 만들고 있습니다.
  "C:\__Dev\dcmtk-3.6.7\build\CMakeFiles\CMakeTmp\Release\" 디렉터리를 만들고 있습니다.
  "cmTC_e09f6.dir\Release\cmTC_e09f6.tlog\" 디렉터리를 만들고 있습니다.
InitializeBuildStatus:
  "AlwaysCreate"이(가) 지정되었기 때문에 "cmTC_e09f6.dir\Release\cmTC_e09f6.tlog\unsuccessfulbuild"을(를) 만들고 있습니다.
VcpkgTripletSelection:
  Using triplet "x64-windows" from "C:\__Dev\vcpkg\installed\x64-windows\"
ClCompile:
  C:\Program Files\Microsoft Visual Studio\2022\Professional\VC\Tools\MSVC\14.36.32532\bin\HostX64\x64\CL.exe /c /I"C:\__Dev\vcpkg\installed\x64-windows\include" /W1 /WX- /diagnostics:column /O2 /Ob2 /D _MBCS /D WIN32 /D _WINDOWS /D NDEBUG /D "CMAKE_INTDIR=\"Release\"" /Gm- /EHsc /MT /GS /fp:precise /Zc:wchar_t /Zc:forScope /Zc:inline /GR /Fo"cmTC_e09f6.dir\Release\\" /Fd"cmTC_e09f6.dir\Release\vc143.pdb" /external:W1 /Gd /TP /errorReport:queue "C:\__Dev\dcmtk-3.6.7\build\CMakeTmp\CheckSymbolExists.cxx"
  Microsoft (R) C/C++ 최적화 컴파일러 버전 19.36.32532(x64)
  CheckSymbolExists.cxx
  Copyright (c) Microsoft Corporation. All rights reserved.
  cl /c /I"C:\__Dev\vcpkg\installed\x64-windows\include" /W1 /WX- /diagnostics:column /O2 /Ob2 /D _MBCS /D WIN32 /D _WINDOWS /D NDEBUG /D "CMAKE_INTDIR=\"Release\"" /Gm- /EHsc /MT /GS /fp:precise /Zc:wchar_t /Zc:forScope /Zc:inline /GR /Fo"cmTC_e09f6.dir\Release\\" /Fd"cmTC_e09f6.dir\Release\vc143.pdb" /external:W1 /Gd /TP /errorReport:queue "C:\__Dev\dcmtk-3.6.7\build\CMakeTmp\CheckSymbolExists.cxx"
C:\__Dev\dcmtk-3.6.7\build\CMakeTmp\CheckSymbolExists.cxx(22,1): error C2065: 'wait3': 선언되지 않은 식별자입니다. [C:\__Dev\dcmtk-3.6.7\build\CMakeFiles\CMakeTmp\cmTC_e09f6.vcxproj]
"C:\__Dev\dcmtk-3.6.7\build\CMakeFiles\CMakeTmp\cmTC_e09f6.vcxproj" 프로젝트를 빌드했습니다(기본 대상). - 실패

빌드하지 못했습니다.

"C:\__Dev\dcmtk-3.6.7\build\CMakeFiles\CMakeTmp\cmTC_e09f6.vcxproj"(기본 대상)(1)->
(ClCompile 대상) -> 
  C:\__Dev\dcmtk-3.6.7\build\CMakeTmp\CheckSymbolExists.cxx(22,1): error C2065: 'wait3': 선언되지 않은 식별자입니다. [C:\__Dev\dcmtk-3.6.7\build\CMakeFiles\CMakeTmp\cmTC_e09f6.vcxproj]

    경고 0개
    오류 1개

경과 시간: 00:00:00.82


File C:/__Dev/dcmtk-3.6.7/build/CMakeTmp/CheckSymbolExists.cxx:
/* */
#include <io.h>
#include <math.h>
#include <process.h>
#include <stdlib.h>
#include <stdint.h>
#include <stddef.h>
#include <string.h>
#include <sys/types.h>
#include <sys/stat.h>
#include <sys/timeb.h>
#include <stdarg.h>
#include <stdio.h>
#include <winsock2.h>
#include <ws2tcpip.h>
#include <windows.h>
#include <winsock.h>
#include <fenv.h>

int main()
{
wait3;return 0;
}

Determining if the usleep exist failed with the following output:
Change Dir: C:/__Dev/dcmtk-3.6.7/build/CMakeFiles/CMakeTmp

Run Build Command(s):C:/Program Files/Microsoft Visual Studio/2022/Professional/MSBuild/Current/Bin/amd64/MSBuild.exe cmTC_919bd.vcxproj /p:Configuration=Release /p:Platform=x64 /p:VisualStudioVersion=17.0 /v:n && MSBuild version 17.6.3+07e294721 for .NET Framework
빌드 시작: 2023-07-05 오전 9:29:35

1 노드의 "C:\__Dev\dcmtk-3.6.7\build\CMakeFiles\CMakeTmp\cmTC_919bd.vcxproj" 프로젝트(기본 대상)입니다.
PrepareForBuild:
  "cmTC_919bd.dir\Release\" 디렉터리를 만들고 있습니다.
  "C:\__Dev\dcmtk-3.6.7\build\CMakeFiles\CMakeTmp\Release\" 디렉터리를 만들고 있습니다.
  "cmTC_919bd.dir\Release\cmTC_919bd.tlog\" 디렉터리를 만들고 있습니다.
InitializeBuildStatus:
  "AlwaysCreate"이(가) 지정되었기 때문에 "cmTC_919bd.dir\Release\cmTC_919bd.tlog\unsuccessfulbuild"을(를) 만들고 있습니다.
VcpkgTripletSelection:
  Using triplet "x64-windows" from "C:\__Dev\vcpkg\installed\x64-windows\"
ClCompile:
  C:\Program Files\Microsoft Visual Studio\2022\Professional\VC\Tools\MSVC\14.36.32532\bin\HostX64\x64\CL.exe /c /I"C:\__Dev\vcpkg\installed\x64-windows\include" /W1 /WX- /diagnostics:column /O2 /Ob2 /D _MBCS /D WIN32 /D _WINDOWS /D NDEBUG /D "CMAKE_INTDIR=\"Release\"" /Gm- /EHsc /MT /GS /fp:precise /Zc:wchar_t /Zc:forScope /Zc:inline /GR /Fo"cmTC_919bd.dir\Release\\" /Fd"cmTC_919bd.dir\Release\vc143.pdb" /external:W1 /Gd /TP /errorReport:queue "C:\__Dev\dcmtk-3.6.7\build\CMakeTmp\CheckSymbolExists.cxx"
  Microsoft (R) C/C++ 최적화 컴파일러 버전 19.36.32532(x64)
  CheckSymbolExists.cxx
  Copyright (c) Microsoft Corporation. All rights reserved.
  cl /c /I"C:\__Dev\vcpkg\installed\x64-windows\include" /W1 /WX- /diagnostics:column /O2 /Ob2 /D _MBCS /D WIN32 /D _WINDOWS /D NDEBUG /D "CMAKE_INTDIR=\"Release\"" /Gm- /EHsc /MT /GS /fp:precise /Zc:wchar_t /Zc:forScope /Zc:inline /GR /Fo"cmTC_919bd.dir\Release\\" /Fd"cmTC_919bd.dir\Release\vc143.pdb" /external:W1 /Gd /TP /errorReport:queue "C:\__Dev\dcmtk-3.6.7\build\CMakeTmp\CheckSymbolExists.cxx"
C:\__Dev\dcmtk-3.6.7\build\CMakeTmp\CheckSymbolExists.cxx(22,1): error C2065: 'usleep': 선언되지 않은 식별자입니다. [C:\__Dev\dcmtk-3.6.7\build\CMakeFiles\CMakeTmp\cmTC_919bd.vcxproj]
"C:\__Dev\dcmtk-3.6.7\build\CMakeFiles\CMakeTmp\cmTC_919bd.vcxproj" 프로젝트를 빌드했습니다(기본 대상). - 실패

빌드하지 못했습니다.

"C:\__Dev\dcmtk-3.6.7\build\CMakeFiles\CMakeTmp\cmTC_919bd.vcxproj"(기본 대상)(1)->
(ClCompile 대상) -> 
  C:\__Dev\dcmtk-3.6.7\build\CMakeTmp\CheckSymbolExists.cxx(22,1): error C2065: 'usleep': 선언되지 않은 식별자입니다. [C:\__Dev\dcmtk-3.6.7\build\CMakeFiles\CMakeTmp\cmTC_919bd.vcxproj]

    경고 0개
    오류 1개

경과 시간: 00:00:00.83


File C:/__Dev/dcmtk-3.6.7/build/CMakeTmp/CheckSymbolExists.cxx:
/* */
#include <io.h>
#include <math.h>
#include <process.h>
#include <stdlib.h>
#include <stdint.h>
#include <stddef.h>
#include <string.h>
#include <sys/types.h>
#include <sys/stat.h>
#include <sys/timeb.h>
#include <stdarg.h>
#include <stdio.h>
#include <winsock2.h>
#include <ws2tcpip.h>
#include <windows.h>
#include <winsock.h>
#include <fenv.h>

int main()
{
usleep;return 0;
}

Determining if the gettimeofday exist failed with the following output:
Change Dir: C:/__Dev/dcmtk-3.6.7/build/CMakeFiles/CMakeTmp

Run Build Command(s):C:/Program Files/Microsoft Visual Studio/2022/Professional/MSBuild/Current/Bin/amd64/MSBuild.exe cmTC_498af.vcxproj /p:Configuration=Release /p:Platform=x64 /p:VisualStudioVersion=17.0 /v:n && MSBuild version 17.6.3+07e294721 for .NET Framework
빌드 시작: 2023-07-05 오전 9:30:07

1 노드의 "C:\__Dev\dcmtk-3.6.7\build\CMakeFiles\CMakeTmp\cmTC_498af.vcxproj" 프로젝트(기본 대상)입니다.
PrepareForBuild:
  "cmTC_498af.dir\Release\" 디렉터리를 만들고 있습니다.
  "C:\__Dev\dcmtk-3.6.7\build\CMakeFiles\CMakeTmp\Release\" 디렉터리를 만들고 있습니다.
  "cmTC_498af.dir\Release\cmTC_498af.tlog\" 디렉터리를 만들고 있습니다.
InitializeBuildStatus:
  "AlwaysCreate"이(가) 지정되었기 때문에 "cmTC_498af.dir\Release\cmTC_498af.tlog\unsuccessfulbuild"을(를) 만들고 있습니다.
VcpkgTripletSelection:
  Using triplet "x64-windows" from "C:\__Dev\vcpkg\installed\x64-windows\"
ClCompile:
  C:\Program Files\Microsoft Visual Studio\2022\Professional\VC\Tools\MSVC\14.36.32532\bin\HostX64\x64\CL.exe /c /I"C:\__Dev\vcpkg\installed\x64-windows\include" /W1 /WX- /diagnostics:column /O2 /Ob2 /D _MBCS /D WIN32 /D _WINDOWS /D NDEBUG /D "CMAKE_INTDIR=\"Release\"" /Gm- /EHsc /MT /GS /fp:precise /Zc:wchar_t /Zc:forScope /Zc:inline /GR /Fo"cmTC_498af.dir\Release\\" /Fd"cmTC_498af.dir\Release\vc143.pdb" /external:W1 /Gd /TP /errorReport:queue "C:\__Dev\dcmtk-3.6.7\build\CMakeTmp\CheckSymbolExists.cxx"
  Microsoft (R) C/C++ 최적화 컴파일러 버전 19.36.32532(x64)
  CheckSymbolExists.cxx
  Copyright (c) Microsoft Corporation. All rights reserved.
  cl /c /I"C:\__Dev\vcpkg\installed\x64-windows\include" /W1 /WX- /diagnostics:column /O2 /Ob2 /D _MBCS /D WIN32 /D _WINDOWS /D NDEBUG /D "CMAKE_INTDIR=\"Release\"" /Gm- /EHsc /MT /GS /fp:precise /Zc:wchar_t /Zc:forScope /Zc:inline /GR /Fo"cmTC_498af.dir\Release\\" /Fd"cmTC_498af.dir\Release\vc143.pdb" /external:W1 /Gd /TP /errorReport:queue "C:\__Dev\dcmtk-3.6.7\build\CMakeTmp\CheckSymbolExists.cxx"
C:\__Dev\dcmtk-3.6.7\build\CMakeTmp\CheckSymbolExists.cxx(22,1): error C2065: 'gettimeofday': 선언되지 않은 식별자입니다. [C:\__Dev\dcmtk-3.6.7\build\CMakeFiles\CMakeTmp\cmTC_498af.vcxproj]
"C:\__Dev\dcmtk-3.6.7\build\CMakeFiles\CMakeTmp\cmTC_498af.vcxproj" 프로젝트를 빌드했습니다(기본 대상). - 실패

빌드하지 못했습니다.

"C:\__Dev\dcmtk-3.6.7\build\CMakeFiles\CMakeTmp\cmTC_498af.vcxproj"(기본 대상)(1)->
(ClCompile 대상) -> 
  C:\__Dev\dcmtk-3.6.7\build\CMakeTmp\CheckSymbolExists.cxx(22,1): error C2065: 'gettimeofday': 선언되지 않은 식별자입니다. [C:\__Dev\dcmtk-3.6.7\build\CMakeFiles\CMakeTmp\cmTC_498af.vcxproj]

    경고 0개
    오류 1개

경과 시간: 00:00:00.82


File C:/__Dev/dcmtk-3.6.7/build/CMakeTmp/CheckSymbolExists.cxx:
/* */
#include <io.h>
#include <math.h>
#include <process.h>
#include <stdlib.h>
#include <stdint.h>
#include <stddef.h>
#include <string.h>
#include <sys/types.h>
#include <sys/stat.h>
#include <sys/timeb.h>
#include <stdarg.h>
#include <stdio.h>
#include <winsock2.h>
#include <ws2tcpip.h>
#include <windows.h>
#include <winsock.h>
#include <fenv.h>

int main()
{
gettimeofday;return 0;
}

Determining if the mkstemp exist failed with the following output:
Change Dir: C:/__Dev/dcmtk-3.6.7/build/CMakeFiles/CMakeTmp

Run Build Command(s):C:/Program Files/Microsoft Visual Studio/2022/Professional/MSBuild/Current/Bin/amd64/MSBuild.exe cmTC_3e464.vcxproj /p:Configuration=Release /p:Platform=x64 /p:VisualStudioVersion=17.0 /v:n && MSBuild version 17.6.3+07e294721 for .NET Framework
빌드 시작: 2023-07-05 오전 9:30:11

1 노드의 "C:\__Dev\dcmtk-3.6.7\build\CMakeFiles\CMakeTmp\cmTC_3e464.vcxproj" 프로젝트(기본 대상)입니다.
PrepareForBuild:
  "cmTC_3e464.dir\Release\" 디렉터리를 만들고 있습니다.
  "C:\__Dev\dcmtk-3.6.7\build\CMakeFiles\CMakeTmp\Release\" 디렉터리를 만들고 있습니다.
  "cmTC_3e464.dir\Release\cmTC_3e464.tlog\" 디렉터리를 만들고 있습니다.
InitializeBuildStatus:
  "AlwaysCreate"이(가) 지정되었기 때문에 "cmTC_3e464.dir\Release\cmTC_3e464.tlog\unsuccessfulbuild"을(를) 만들고 있습니다.
VcpkgTripletSelection:
  Using triplet "x64-windows" from "C:\__Dev\vcpkg\installed\x64-windows\"
ClCompile:
  C:\Program Files\Microsoft Visual Studio\2022\Professional\VC\Tools\MSVC\14.36.32532\bin\HostX64\x64\CL.exe /c /I"C:\__Dev\vcpkg\installed\x64-windows\include" /W1 /WX- /diagnostics:column /O2 /Ob2 /D _MBCS /D WIN32 /D _WINDOWS /D NDEBUG /D "CMAKE_INTDIR=\"Release\"" /Gm- /EHsc /MT /GS /fp:precise /Zc:wchar_t /Zc:forScope /Zc:inline /GR /Fo"cmTC_3e464.dir\Release\\" /Fd"cmTC_3e464.dir\Release\vc143.pdb" /external:W1 /Gd /TP /errorReport:queue "C:\__Dev\dcmtk-3.6.7\build\CMakeTmp\CheckSymbolExists.cxx"
  Microsoft (R) C/C++ 최적화 컴파일러 버전 19.36.32532(x64)
  CheckSymbolExists.cxx
  Copyright (c) Microsoft Corporation. All rights reserved.
  cl /c /I"C:\__Dev\vcpkg\installed\x64-windows\include" /W1 /WX- /diagnostics:column /O2 /Ob2 /D _MBCS /D WIN32 /D _WINDOWS /D NDEBUG /D "CMAKE_INTDIR=\"Release\"" /Gm- /EHsc /MT /GS /fp:precise /Zc:wchar_t /Zc:forScope /Zc:inline /GR /Fo"cmTC_3e464.dir\Release\\" /Fd"cmTC_3e464.dir\Release\vc143.pdb" /external:W1 /Gd /TP /errorReport:queue "C:\__Dev\dcmtk-3.6.7\build\CMakeTmp\CheckSymbolExists.cxx"
C:\__Dev\dcmtk-3.6.7\build\CMakeTmp\CheckSymbolExists.cxx(22,1): error C2065: 'mkstemp': 선언되지 않은 식별자입니다. [C:\__Dev\dcmtk-3.6.7\build\CMakeFiles\CMakeTmp\cmTC_3e464.vcxproj]
"C:\__Dev\dcmtk-3.6.7\build\CMakeFiles\CMakeTmp\cmTC_3e464.vcxproj" 프로젝트를 빌드했습니다(기본 대상). - 실패

빌드하지 못했습니다.

"C:\__Dev\dcmtk-3.6.7\build\CMakeFiles\CMakeTmp\cmTC_3e464.vcxproj"(기본 대상)(1)->
(ClCompile 대상) -> 
  C:\__Dev\dcmtk-3.6.7\build\CMakeTmp\CheckSymbolExists.cxx(22,1): error C2065: 'mkstemp': 선언되지 않은 식별자입니다. [C:\__Dev\dcmtk-3.6.7\build\CMakeFiles\CMakeTmp\cmTC_3e464.vcxproj]

    경고 0개
    오류 1개

경과 시간: 00:00:00.84


File C:/__Dev/dcmtk-3.6.7/build/CMakeTmp/CheckSymbolExists.cxx:
/* */
#include <io.h>
#include <math.h>
#include <process.h>
#include <stdlib.h>
#include <stdint.h>
#include <stddef.h>
#include <string.h>
#include <sys/types.h>
#include <sys/stat.h>
#include <sys/timeb.h>
#include <stdarg.h>
#include <stdio.h>
#include <winsock2.h>
#include <ws2tcpip.h>
#include <windows.h>
#include <winsock.h>
#include <fenv.h>

int main()
{
mkstemp;return 0;
}

Determining if the strcasecmp exist failed with the following output:
Change Dir: C:/__Dev/dcmtk-3.6.7/build/CMakeFiles/CMakeTmp

Run Build Command(s):C:/Program Files/Microsoft Visual Studio/2022/Professional/MSBuild/Current/Bin/amd64/MSBuild.exe cmTC_98fed.vcxproj /p:Configuration=Release /p:Platform=x64 /p:VisualStudioVersion=17.0 /v:n && MSBuild version 17.6.3+07e294721 for .NET Framework
빌드 시작: 2023-07-05 오전 9:30:22

1 노드의 "C:\__Dev\dcmtk-3.6.7\build\CMakeFiles\CMakeTmp\cmTC_98fed.vcxproj" 프로젝트(기본 대상)입니다.
PrepareForBuild:
  "cmTC_98fed.dir\Release\" 디렉터리를 만들고 있습니다.
  "C:\__Dev\dcmtk-3.6.7\build\CMakeFiles\CMakeTmp\Release\" 디렉터리를 만들고 있습니다.
  "cmTC_98fed.dir\Release\cmTC_98fed.tlog\" 디렉터리를 만들고 있습니다.
InitializeBuildStatus:
  "AlwaysCreate"이(가) 지정되었기 때문에 "cmTC_98fed.dir\Release\cmTC_98fed.tlog\unsuccessfulbuild"을(를) 만들고 있습니다.
VcpkgTripletSelection:
  Using triplet "x64-windows" from "C:\__Dev\vcpkg\installed\x64-windows\"
ClCompile:
  C:\Program Files\Microsoft Visual Studio\2022\Professional\VC\Tools\MSVC\14.36.32532\bin\HostX64\x64\CL.exe /c /I"C:\__Dev\vcpkg\installed\x64-windows\include" /W1 /WX- /diagnostics:column /O2 /Ob2 /D _MBCS /D WIN32 /D _WINDOWS /D NDEBUG /D "CMAKE_INTDIR=\"Release\"" /Gm- /EHsc /MT /GS /fp:precise /Zc:wchar_t /Zc:forScope /Zc:inline /GR /Fo"cmTC_98fed.dir\Release\\" /Fd"cmTC_98fed.dir\Release\vc143.pdb" /external:W1 /Gd /TP /errorReport:queue "C:\__Dev\dcmtk-3.6.7\build\CMakeTmp\CheckSymbolExists.cxx"
  Microsoft (R) C/C++ 최적화 컴파일러 버전 19.36.32532(x64)
  CheckSymbolExists.cxx
  Copyright (c) Microsoft Corporation. All rights reserved.
  cl /c /I"C:\__Dev\vcpkg\installed\x64-windows\include" /W1 /WX- /diagnostics:column /O2 /Ob2 /D _MBCS /D WIN32 /D _WINDOWS /D NDEBUG /D "CMAKE_INTDIR=\"Release\"" /Gm- /EHsc /MT /GS /fp:precise /Zc:wchar_t /Zc:forScope /Zc:inline /GR /Fo"cmTC_98fed.dir\Release\\" /Fd"cmTC_98fed.dir\Release\vc143.pdb" /external:W1 /Gd /TP /errorReport:queue "C:\__Dev\dcmtk-3.6.7\build\CMakeTmp\CheckSymbolExists.cxx"
C:\__Dev\dcmtk-3.6.7\build\CMakeTmp\CheckSymbolExists.cxx(22,1): error C2065: 'strcasecmp': 선언되지 않은 식별자입니다. [C:\__Dev\dcmtk-3.6.7\build\CMakeFiles\CMakeTmp\cmTC_98fed.vcxproj]
"C:\__Dev\dcmtk-3.6.7\build\CMakeFiles\CMakeTmp\cmTC_98fed.vcxproj" 프로젝트를 빌드했습니다(기본 대상). - 실패

빌드하지 못했습니다.

"C:\__Dev\dcmtk-3.6.7\build\CMakeFiles\CMakeTmp\cmTC_98fed.vcxproj"(기본 대상)(1)->
(ClCompile 대상) -> 
  C:\__Dev\dcmtk-3.6.7\build\CMakeTmp\CheckSymbolExists.cxx(22,1): error C2065: 'strcasecmp': 선언되지 않은 식별자입니다. [C:\__Dev\dcmtk-3.6.7\build\CMakeFiles\CMakeTmp\cmTC_98fed.vcxproj]

    경고 0개
    오류 1개

경과 시간: 00:00:00.83


File C:/__Dev/dcmtk-3.6.7/build/CMakeTmp/CheckSymbolExists.cxx:
/* */
#include <io.h>
#include <math.h>
#include <process.h>
#include <stdlib.h>
#include <stdint.h>
#include <stddef.h>
#include <string.h>
#include <sys/types.h>
#include <sys/stat.h>
#include <sys/timeb.h>
#include <stdarg.h>
#include <stdio.h>
#include <winsock2.h>
#include <ws2tcpip.h>
#include <windows.h>
#include <winsock.h>
#include <fenv.h>

int main()
{
strcasecmp;return 0;
}

Determining if the strncasecmp exist failed with the following output:
Change Dir: C:/__Dev/dcmtk-3.6.7/build/CMakeFiles/CMakeTmp

Run Build Command(s):C:/Program Files/Microsoft Visual Studio/2022/Professional/MSBuild/Current/Bin/amd64/MSBuild.exe cmTC_b0873.vcxproj /p:Configuration=Release /p:Platform=x64 /p:VisualStudioVersion=17.0 /v:n && MSBuild version 17.6.3+07e294721 for .NET Framework
빌드 시작: 2023-07-05 오전 9:30:23

1 노드의 "C:\__Dev\dcmtk-3.6.7\build\CMakeFiles\CMakeTmp\cmTC_b0873.vcxproj" 프로젝트(기본 대상)입니다.
PrepareForBuild:
  "cmTC_b0873.dir\Release\" 디렉터리를 만들고 있습니다.
  "C:\__Dev\dcmtk-3.6.7\build\CMakeFiles\CMakeTmp\Release\" 디렉터리를 만들고 있습니다.
  "cmTC_b0873.dir\Release\cmTC_b0873.tlog\" 디렉터리를 만들고 있습니다.
InitializeBuildStatus:
  "AlwaysCreate"이(가) 지정되었기 때문에 "cmTC_b0873.dir\Release\cmTC_b0873.tlog\unsuccessfulbuild"을(를) 만들고 있습니다.
VcpkgTripletSelection:
  Using triplet "x64-windows" from "C:\__Dev\vcpkg\installed\x64-windows\"
ClCompile:
  C:\Program Files\Microsoft Visual Studio\2022\Professional\VC\Tools\MSVC\14.36.32532\bin\HostX64\x64\CL.exe /c /I"C:\__Dev\vcpkg\installed\x64-windows\include" /W1 /WX- /diagnostics:column /O2 /Ob2 /D _MBCS /D WIN32 /D _WINDOWS /D NDEBUG /D "CMAKE_INTDIR=\"Release\"" /Gm- /EHsc /MT /GS /fp:precise /Zc:wchar_t /Zc:forScope /Zc:inline /GR /Fo"cmTC_b0873.dir\Release\\" /Fd"cmTC_b0873.dir\Release\vc143.pdb" /external:W1 /Gd /TP /errorReport:queue "C:\__Dev\dcmtk-3.6.7\build\CMakeTmp\CheckSymbolExists.cxx"
  Microsoft (R) C/C++ 최적화 컴파일러 버전 19.36.32532(x64)
  CheckSymbolExists.cxx
  Copyright (c) Microsoft Corporation. All rights reserved.
  cl /c /I"C:\__Dev\vcpkg\installed\x64-windows\include" /W1 /WX- /diagnostics:column /O2 /Ob2 /D _MBCS /D WIN32 /D _WINDOWS /D NDEBUG /D "CMAKE_INTDIR=\"Release\"" /Gm- /EHsc /MT /GS /fp:precise /Zc:wchar_t /Zc:forScope /Zc:inline /GR /Fo"cmTC_b0873.dir\Release\\" /Fd"cmTC_b0873.dir\Release\vc143.pdb" /external:W1 /Gd /TP /errorReport:queue "C:\__Dev\dcmtk-3.6.7\build\CMakeTmp\CheckSymbolExists.cxx"
C:\__Dev\dcmtk-3.6.7\build\CMakeTmp\CheckSymbolExists.cxx(22,1): error C2065: 'strncasecmp': 선언되지 않은 식별자입니다. [C:\__Dev\dcmtk-3.6.7\build\CMakeFiles\CMakeTmp\cmTC_b0873.vcxproj]
"C:\__Dev\dcmtk-3.6.7\build\CMakeFiles\CMakeTmp\cmTC_b0873.vcxproj" 프로젝트를 빌드했습니다(기본 대상). - 실패

빌드하지 못했습니다.

"C:\__Dev\dcmtk-3.6.7\build\CMakeFiles\CMakeTmp\cmTC_b0873.vcxproj"(기본 대상)(1)->
(ClCompile 대상) -> 
  C:\__Dev\dcmtk-3.6.7\build\CMakeTmp\CheckSymbolExists.cxx(22,1): error C2065: 'strncasecmp': 선언되지 않은 식별자입니다. [C:\__Dev\dcmtk-3.6.7\build\CMakeFiles\CMakeTmp\cmTC_b0873.vcxproj]

    경고 0개
    오류 1개

경과 시간: 00:00:00.84


File C:/__Dev/dcmtk-3.6.7/build/CMakeTmp/CheckSymbolExists.cxx:
/* */
#include <io.h>
#include <math.h>
#include <process.h>
#include <stdlib.h>
#include <stdint.h>
#include <stddef.h>
#include <string.h>
#include <sys/types.h>
#include <sys/stat.h>
#include <sys/timeb.h>
#include <stdarg.h>
#include <stdio.h>
#include <winsock2.h>
#include <ws2tcpip.h>
#include <windows.h>
#include <winsock.h>
#include <fenv.h>

int main()
{
strncasecmp;return 0;
}

Determining if the strerror_r exist failed with the following output:
Change Dir: C:/__Dev/dcmtk-3.6.7/build/CMakeFiles/CMakeTmp

Run Build Command(s):C:/Program Files/Microsoft Visual Studio/2022/Professional/MSBuild/Current/Bin/amd64/MSBuild.exe cmTC_04a97.vcxproj /p:Configuration=Release /p:Platform=x64 /p:VisualStudioVersion=17.0 /v:n && MSBuild version 17.6.3+07e294721 for .NET Framework
빌드 시작: 2023-07-05 오전 9:30:24

1 노드의 "C:\__Dev\dcmtk-3.6.7\build\CMakeFiles\CMakeTmp\cmTC_04a97.vcxproj" 프로젝트(기본 대상)입니다.
PrepareForBuild:
  "cmTC_04a97.dir\Release\" 디렉터리를 만들고 있습니다.
  "C:\__Dev\dcmtk-3.6.7\build\CMakeFiles\CMakeTmp\Release\" 디렉터리를 만들고 있습니다.
  "cmTC_04a97.dir\Release\cmTC_04a97.tlog\" 디렉터리를 만들고 있습니다.
InitializeBuildStatus:
  "AlwaysCreate"이(가) 지정되었기 때문에 "cmTC_04a97.dir\Release\cmTC_04a97.tlog\unsuccessfulbuild"을(를) 만들고 있습니다.
VcpkgTripletSelection:
  Using triplet "x64-windows" from "C:\__Dev\vcpkg\installed\x64-windows\"
ClCompile:
  C:\Program Files\Microsoft Visual Studio\2022\Professional\VC\Tools\MSVC\14.36.32532\bin\HostX64\x64\CL.exe /c /I"C:\__Dev\vcpkg\installed\x64-windows\include" /W1 /WX- /diagnostics:column /O2 /Ob2 /D _MBCS /D WIN32 /D _WINDOWS /D NDEBUG /D "CMAKE_INTDIR=\"Release\"" /Gm- /EHsc /MT /GS /fp:precise /Zc:wchar_t /Zc:forScope /Zc:inline /GR /Fo"cmTC_04a97.dir\Release\\" /Fd"cmTC_04a97.dir\Release\vc143.pdb" /external:W1 /Gd /TP /errorReport:queue "C:\__Dev\dcmtk-3.6.7\build\CMakeTmp\CheckSymbolExists.cxx"
  Microsoft (R) C/C++ 최적화 컴파일러 버전 19.36.32532(x64)
  CheckSymbolExists.cxx
  Copyright (c) Microsoft Corporation. All rights reserved.
  cl /c /I"C:\__Dev\vcpkg\installed\x64-windows\include" /W1 /WX- /diagnostics:column /O2 /Ob2 /D _MBCS /D WIN32 /D _WINDOWS /D NDEBUG /D "CMAKE_INTDIR=\"Release\"" /Gm- /EHsc /MT /GS /fp:precise /Zc:wchar_t /Zc:forScope /Zc:inline /GR /Fo"cmTC_04a97.dir\Release\\" /Fd"cmTC_04a97.dir\Release\vc143.pdb" /external:W1 /Gd /TP /errorReport:queue "C:\__Dev\dcmtk-3.6.7\build\CMakeTmp\CheckSymbolExists.cxx"
C:\__Dev\dcmtk-3.6.7\build\CMakeTmp\CheckSymbolExists.cxx(22,1): error C2065: 'strerror_r': 선언되지 않은 식별자입니다. [C:\__Dev\dcmtk-3.6.7\build\CMakeFiles\CMakeTmp\cmTC_04a97.vcxproj]
"C:\__Dev\dcmtk-3.6.7\build\CMakeFiles\CMakeTmp\cmTC_04a97.vcxproj" 프로젝트를 빌드했습니다(기본 대상). - 실패

빌드하지 못했습니다.

"C:\__Dev\dcmtk-3.6.7\build\CMakeFiles\CMakeTmp\cmTC_04a97.vcxproj"(기본 대상)(1)->
(ClCompile 대상) -> 
  C:\__Dev\dcmtk-3.6.7\build\CMakeTmp\CheckSymbolExists.cxx(22,1): error C2065: 'strerror_r': 선언되지 않은 식별자입니다. [C:\__Dev\dcmtk-3.6.7\build\CMakeFiles\CMakeTmp\cmTC_04a97.vcxproj]

    경고 0개
    오류 1개

경과 시간: 00:00:00.86


File C:/__Dev/dcmtk-3.6.7/build/CMakeTmp/CheckSymbolExists.cxx:
/* */
#include <io.h>
#include <math.h>
#include <process.h>
#include <stdlib.h>
#include <stdint.h>
#include <stddef.h>
#include <string.h>
#include <sys/types.h>
#include <sys/stat.h>
#include <sys/timeb.h>
#include <stdarg.h>
#include <stdio.h>
#include <winsock2.h>
#include <ws2tcpip.h>
#include <windows.h>
#include <winsock.h>
#include <fenv.h>

int main()
{
strerror_r;return 0;
}

Determining if the SYS_gettid exist failed with the following output:
Change Dir: C:/__Dev/dcmtk-3.6.7/build/CMakeFiles/CMakeTmp

Run Build Command(s):C:/Program Files/Microsoft Visual Studio/2022/Professional/MSBuild/Current/Bin/amd64/MSBuild.exe cmTC_c13f1.vcxproj /p:Configuration=Release /p:Platform=x64 /p:VisualStudioVersion=17.0 /v:n && MSBuild version 17.6.3+07e294721 for .NET Framework
빌드 시작: 2023-07-05 오전 9:30:25

1 노드의 "C:\__Dev\dcmtk-3.6.7\build\CMakeFiles\CMakeTmp\cmTC_c13f1.vcxproj" 프로젝트(기본 대상)입니다.
PrepareForBuild:
  "cmTC_c13f1.dir\Release\" 디렉터리를 만들고 있습니다.
  "C:\__Dev\dcmtk-3.6.7\build\CMakeFiles\CMakeTmp\Release\" 디렉터리를 만들고 있습니다.
  "cmTC_c13f1.dir\Release\cmTC_c13f1.tlog\" 디렉터리를 만들고 있습니다.
InitializeBuildStatus:
  "AlwaysCreate"이(가) 지정되었기 때문에 "cmTC_c13f1.dir\Release\cmTC_c13f1.tlog\unsuccessfulbuild"을(를) 만들고 있습니다.
VcpkgTripletSelection:
  Using triplet "x64-windows" from "C:\__Dev\vcpkg\installed\x64-windows\"
ClCompile:
  C:\Program Files\Microsoft Visual Studio\2022\Professional\VC\Tools\MSVC\14.36.32532\bin\HostX64\x64\CL.exe /c /I"C:\__Dev\vcpkg\installed\x64-windows\include" /W1 /WX- /diagnostics:column /O2 /Ob2 /D _MBCS /D WIN32 /D _WINDOWS /D NDEBUG /D "CMAKE_INTDIR=\"Release\"" /Gm- /EHsc /MT /GS /fp:precise /Zc:wchar_t /Zc:forScope /Zc:inline /GR /Fo"cmTC_c13f1.dir\Release\\" /Fd"cmTC_c13f1.dir\Release\vc143.pdb" /external:W1 /Gd /TP /errorReport:queue "C:\__Dev\dcmtk-3.6.7\build\CMakeTmp\CheckSymbolExists.cxx"
  Microsoft (R) C/C++ 최적화 컴파일러 버전 19.36.32532(x64)
  CheckSymbolExists.cxx
  Copyright (c) Microsoft Corporation. All rights reserved.
  cl /c /I"C:\__Dev\vcpkg\installed\x64-windows\include" /W1 /WX- /diagnostics:column /O2 /Ob2 /D _MBCS /D WIN32 /D _WINDOWS /D NDEBUG /D "CMAKE_INTDIR=\"Release\"" /Gm- /EHsc /MT /GS /fp:precise /Zc:wchar_t /Zc:forScope /Zc:inline /GR /Fo"cmTC_c13f1.dir\Release\\" /Fd"cmTC_c13f1.dir\Release\vc143.pdb" /external:W1 /Gd /TP /errorReport:queue "C:\__Dev\dcmtk-3.6.7\build\CMakeTmp\CheckSymbolExists.cxx"
C:\__Dev\dcmtk-3.6.7\build\CMakeTmp\CheckSymbolExists.cxx(22,1): error C2065: 'SYS_gettid': 선언되지 않은 식별자입니다. [C:\__Dev\dcmtk-3.6.7\build\CMakeFiles\CMakeTmp\cmTC_c13f1.vcxproj]
"C:\__Dev\dcmtk-3.6.7\build\CMakeFiles\CMakeTmp\cmTC_c13f1.vcxproj" 프로젝트를 빌드했습니다(기본 대상). - 실패

빌드하지 못했습니다.

"C:\__Dev\dcmtk-3.6.7\build\CMakeFiles\CMakeTmp\cmTC_c13f1.vcxproj"(기본 대상)(1)->
(ClCompile 대상) -> 
  C:\__Dev\dcmtk-3.6.7\build\CMakeTmp\CheckSymbolExists.cxx(22,1): error C2065: 'SYS_gettid': 선언되지 않은 식별자입니다. [C:\__Dev\dcmtk-3.6.7\build\CMakeFiles\CMakeTmp\cmTC_c13f1.vcxproj]

    경고 0개
    오류 1개

경과 시간: 00:00:00.84


File C:/__Dev/dcmtk-3.6.7/build/CMakeTmp/CheckSymbolExists.cxx:
/* */
#include <io.h>
#include <math.h>
#include <process.h>
#include <stdlib.h>
#include <stdint.h>
#include <stddef.h>
#include <string.h>
#include <sys/types.h>
#include <sys/stat.h>
#include <sys/timeb.h>
#include <stdarg.h>
#include <stdio.h>
#include <winsock2.h>
#include <ws2tcpip.h>
#include <windows.h>
#include <winsock.h>
#include <fenv.h>

int main()
{
SYS_gettid;return 0;
}

Determining if the std::ios_base::openmode definition exist failed with the following output:
Change Dir: C:/__Dev/dcmtk-3.6.7/build/CMakeFiles/CMakeTmp

Run Build Command(s):C:/Program Files/Microsoft Visual Studio/2022/Professional/MSBuild/Current/Bin/amd64/MSBuild.exe cmTC_4927f.vcxproj /p:Configuration=Release /p:Platform=x64 /p:VisualStudioVersion=17.0 /v:n && MSBuild version 17.6.3+07e294721 for .NET Framework
빌드 시작: 2023-07-05 오전 9:30:26

1 노드의 "C:\__Dev\dcmtk-3.6.7\build\CMakeFiles\CMakeTmp\cmTC_4927f.vcxproj" 프로젝트(기본 대상)입니다.
PrepareForBuild:
  "cmTC_4927f.dir\Release\" 디렉터리를 만들고 있습니다.
  "C:\__Dev\dcmtk-3.6.7\build\CMakeFiles\CMakeTmp\Release\" 디렉터리를 만들고 있습니다.
  "cmTC_4927f.dir\Release\cmTC_4927f.tlog\" 디렉터리를 만들고 있습니다.
InitializeBuildStatus:
  "AlwaysCreate"이(가) 지정되었기 때문에 "cmTC_4927f.dir\Release\cmTC_4927f.tlog\unsuccessfulbuild"을(를) 만들고 있습니다.
VcpkgTripletSelection:
  Using triplet "x64-windows" from "C:\__Dev\vcpkg\installed\x64-windows\"
ClCompile:
  C:\Program Files\Microsoft Visual Studio\2022\Professional\VC\Tools\MSVC\14.36.32532\bin\HostX64\x64\CL.exe /c /I"C:\__Dev\vcpkg\installed\x64-windows\include" /W1 /WX- /diagnostics:column /O2 /Ob2 /D _MBCS /D WIN32 /D _WINDOWS /D NDEBUG /D "CMAKE_INTDIR=\"Release\"" /Gm- /EHsc /MT /GS /fp:precise /Zc:wchar_t /Zc:forScope /Zc:inline /GR /Fo"cmTC_4927f.dir\Release\\" /Fd"cmTC_4927f.dir\Release\vc143.pdb" /external:W1 /Gd /TP /errorReport:queue "C:\__Dev\dcmtk-3.6.7\build\CMakeTmp\CheckSymbolExists.cxx"
  Microsoft (R) C/C++ 최적화 컴파일러 버전 19.36.32532(x64)
  CheckSymbolExists.cxx
  Copyright (c) Microsoft Corporation. All rights reserved.
  cl /c /I"C:\__Dev\vcpkg\installed\x64-windows\include" /W1 /WX- /diagnostics:column /O2 /Ob2 /D _MBCS /D WIN32 /D _WINDOWS /D NDEBUG /D "CMAKE_INTDIR=\"Release\"" /Gm- /EHsc /MT /GS /fp:precise /Zc:wchar_t /Zc:forScope /Zc:inline /GR /Fo"cmTC_4927f.dir\Release\\" /Fd"cmTC_4927f.dir\Release\vc143.pdb" /external:W1 /Gd /TP /errorReport:queue "C:\__Dev\dcmtk-3.6.7\build\CMakeTmp\CheckSymbolExists.cxx"
C:\__Dev\dcmtk-3.6.7\build\CMakeTmp\CheckSymbolExists.cxx(10,6): error C2039: 'ios_base': 'std'의 멤버가 아닙니다. [C:\__Dev\dcmtk-3.6.7\build\CMakeFiles\CMakeTmp\cmTC_4927f.vcxproj]
C:\Program Files\Microsoft Visual Studio\2022\Professional\VC\Tools\MSVC\14.36.32532\include\cstddef(22,1): message : 'std' 선언을 참조하십시오. [C:\__Dev\dcmtk-3.6.7\build\CMakeFiles\CMakeTmp\cmTC_4927f.vcxproj]
C:\__Dev\dcmtk-3.6.7\build\CMakeTmp\CheckSymbolExists.cxx(10,6): error C3083: 'ios_base': '::'의 왼쪽에 있는 기호는 형식이어야 합니다. [C:\__Dev\dcmtk-3.6.7\build\CMakeFiles\CMakeTmp\cmTC_4927f.vcxproj]
C:\__Dev\dcmtk-3.6.7\build\CMakeTmp\CheckSymbolExists.cxx(10,16): error C2039: 'openmode': 'std'의 멤버가 아닙니다. [C:\__Dev\dcmtk-3.6.7\build\CMakeFiles\CMakeTmp\cmTC_4927f.vcxproj]
C:\Program Files\Microsoft Visual Studio\2022\Professional\VC\Tools\MSVC\14.36.32532\include\cstddef(22,1): message : 'std' 선언을 참조하십시오. [C:\__Dev\dcmtk-3.6.7\build\CMakeFiles\CMakeTmp\cmTC_4927f.vcxproj]
C:\__Dev\dcmtk-3.6.7\build\CMakeTmp\CheckSymbolExists.cxx(10,25): error C2065: 'openmode': 선언되지 않은 식별자입니다. [C:\__Dev\dcmtk-3.6.7\build\CMakeFiles\CMakeTmp\cmTC_4927f.vcxproj]
C:\__Dev\dcmtk-3.6.7\build\CMakeTmp\CheckSymbolExists.cxx(10,25): error C2146: 구문 오류: ';'이(가) 'definition' 식별자 앞에 없습니다. [C:\__Dev\dcmtk-3.6.7\build\CMakeFiles\CMakeTmp\cmTC_4927f.vcxproj]
C:\__Dev\dcmtk-3.6.7\build\CMakeTmp\CheckSymbolExists.cxx(10,25): error C2065: 'definition': 선언되지 않은 식별자입니다. [C:\__Dev\dcmtk-3.6.7\build\CMakeFiles\CMakeTmp\cmTC_4927f.vcxproj]
"C:\__Dev\dcmtk-3.6.7\build\CMakeFiles\CMakeTmp\cmTC_4927f.vcxproj" 프로젝트를 빌드했습니다(기본 대상). - 실패

빌드하지 못했습니다.

"C:\__Dev\dcmtk-3.6.7\build\CMakeFiles\CMakeTmp\cmTC_4927f.vcxproj"(기본 대상)(1)->
(ClCompile 대상) -> 
  C:\__Dev\dcmtk-3.6.7\build\CMakeTmp\CheckSymbolExists.cxx(10,6): error C2039: 'ios_base': 'std'의 멤버가 아닙니다. [C:\__Dev\dcmtk-3.6.7\build\CMakeFiles\CMakeTmp\cmTC_4927f.vcxproj]
  C:\__Dev\dcmtk-3.6.7\build\CMakeTmp\CheckSymbolExists.cxx(10,6): error C3083: 'ios_base': '::'의 왼쪽에 있는 기호는 형식이어야 합니다. [C:\__Dev\dcmtk-3.6.7\build\CMakeFiles\CMakeTmp\cmTC_4927f.vcxproj]
  C:\__Dev\dcmtk-3.6.7\build\CMakeTmp\CheckSymbolExists.cxx(10,16): error C2039: 'openmode': 'std'의 멤버가 아닙니다. [C:\__Dev\dcmtk-3.6.7\build\CMakeFiles\CMakeTmp\cmTC_4927f.vcxproj]
  C:\__Dev\dcmtk-3.6.7\build\CMakeTmp\CheckSymbolExists.cxx(10,25): error C2065: 'openmode': 선언되지 않은 식별자입니다. [C:\__Dev\dcmtk-3.6.7\build\CMakeFiles\CMakeTmp\cmTC_4927f.vcxproj]
  C:\__Dev\dcmtk-3.6.7\build\CMakeTmp\CheckSymbolExists.cxx(10,25): error C2146: 구문 오류: ';'이(가) 'definition' 식별자 앞에 없습니다. [C:\__Dev\dcmtk-3.6.7\build\CMakeFiles\CMakeTmp\cmTC_4927f.vcxproj]
  C:\__Dev\dcmtk-3.6.7\build\CMakeTmp\CheckSymbolExists.cxx(10,25): error C2065: 'definition': 선언되지 않은 식별자입니다. [C:\__Dev\dcmtk-3.6.7\build\CMakeFiles\CMakeTmp\cmTC_4927f.vcxproj]

    경고 0개
    오류 6개

경과 시간: 00:00:00.43


File C:/__Dev/dcmtk-3.6.7/build/CMakeTmp/CheckSymbolExists.cxx:
/* */
#include <cmath>
#include <cstdio>
#include <cstdarg>
#include <cstdint>
#include <cstddef>

int main()
{
std::ios_base::openmode definition;return 0;
}

Determining if the pthread_rwlock_init exist failed with the following output:
Change Dir: C:/__Dev/dcmtk-3.6.7/build/CMakeFiles/CMakeTmp

Run Build Command(s):C:/Program Files/Microsoft Visual Studio/2022/Professional/MSBuild/Current/Bin/amd64/MSBuild.exe cmTC_e1d57.vcxproj /p:Configuration=Release /p:Platform=x64 /p:VisualStudioVersion=17.0 /v:n && MSBuild version 17.6.3+07e294721 for .NET Framework
빌드 시작: 2023-07-05 오전 9:30:27

1 노드의 "C:\__Dev\dcmtk-3.6.7\build\CMakeFiles\CMakeTmp\cmTC_e1d57.vcxproj" 프로젝트(기본 대상)입니다.
PrepareForBuild:
  "cmTC_e1d57.dir\Release\" 디렉터리를 만들고 있습니다.
  "C:\__Dev\dcmtk-3.6.7\build\CMakeFiles\CMakeTmp\Release\" 디렉터리를 만들고 있습니다.
  "cmTC_e1d57.dir\Release\cmTC_e1d57.tlog\" 디렉터리를 만들고 있습니다.
InitializeBuildStatus:
  "AlwaysCreate"이(가) 지정되었기 때문에 "cmTC_e1d57.dir\Release\cmTC_e1d57.tlog\unsuccessfulbuild"을(를) 만들고 있습니다.
VcpkgTripletSelection:
  Using triplet "x64-windows" from "C:\__Dev\vcpkg\installed\x64-windows\"
ClCompile:
  C:\Program Files\Microsoft Visual Studio\2022\Professional\VC\Tools\MSVC\14.36.32532\bin\HostX64\x64\CL.exe /c /I"C:\__Dev\vcpkg\installed\x64-windows\include" /W1 /WX- /diagnostics:column /O2 /Ob2 /D _MBCS /D WIN32 /D _WINDOWS /D NDEBUG /D "CMAKE_INTDIR=\"Release\"" /Gm- /EHsc /MT /GS /fp:precise /Zc:wchar_t /Zc:forScope /Zc:inline /GR /Fo"cmTC_e1d57.dir\Release\\" /Fd"cmTC_e1d57.dir\Release\vc143.pdb" /external:W1 /Gd /TP /errorReport:queue "C:\__Dev\dcmtk-3.6.7\build\CMakeTmp\CheckSymbolExists.cxx"
  Microsoft (R) C/C++ 최적화 컴파일러 버전 19.36.32532(x64)
  CheckSymbolExists.cxx
  Copyright (c) Microsoft Corporation. All rights reserved.
  cl /c /I"C:\__Dev\vcpkg\installed\x64-windows\include" /W1 /WX- /diagnostics:column /O2 /Ob2 /D _MBCS /D WIN32 /D _WINDOWS /D NDEBUG /D "CMAKE_INTDIR=\"Release\"" /Gm- /EHsc /MT /GS /fp:precise /Zc:wchar_t /Zc:forScope /Zc:inline /GR /Fo"cmTC_e1d57.dir\Release\\" /Fd"cmTC_e1d57.dir\Release\vc143.pdb" /external:W1 /Gd /TP /errorReport:queue "C:\__Dev\dcmtk-3.6.7\build\CMakeTmp\CheckSymbolExists.cxx"
C:\__Dev\dcmtk-3.6.7\build\CMakeTmp\CheckSymbolExists.cxx(22,1): error C2065: 'pthread_rwlock_init': 선언되지 않은 식별자입니다. [C:\__Dev\dcmtk-3.6.7\build\CMakeFiles\CMakeTmp\cmTC_e1d57.vcxproj]
"C:\__Dev\dcmtk-3.6.7\build\CMakeFiles\CMakeTmp\cmTC_e1d57.vcxproj" 프로젝트를 빌드했습니다(기본 대상). - 실패

빌드하지 못했습니다.

"C:\__Dev\dcmtk-3.6.7\build\CMakeFiles\CMakeTmp\cmTC_e1d57.vcxproj"(기본 대상)(1)->
(ClCompile 대상) -> 
  C:\__Dev\dcmtk-3.6.7\build\CMakeTmp\CheckSymbolExists.cxx(22,1): error C2065: 'pthread_rwlock_init': 선언되지 않은 식별자입니다. [C:\__Dev\dcmtk-3.6.7\build\CMakeFiles\CMakeTmp\cmTC_e1d57.vcxproj]

    경고 0개
    오류 1개

경과 시간: 00:00:00.83


File C:/__Dev/dcmtk-3.6.7/build/CMakeTmp/CheckSymbolExists.cxx:
/* */
#include <io.h>
#include <math.h>
#include <process.h>
#include <stdlib.h>
#include <stdint.h>
#include <stddef.h>
#include <string.h>
#include <sys/types.h>
#include <sys/stat.h>
#include <sys/timeb.h>
#include <stdarg.h>
#include <stdio.h>
#include <winsock2.h>
#include <ws2tcpip.h>
#include <windows.h>
#include <winsock.h>
#include <fenv.h>

int main()
{
pthread_rwlock_init;return 0;
}

Determining if the __sync_add_and_fetch((int*)0,0) exist failed with the following output:
Change Dir: C:/__Dev/dcmtk-3.6.7/build/CMakeFiles/CMakeTmp

Run Build Command(s):C:/Program Files/Microsoft Visual Studio/2022/Professional/MSBuild/Current/Bin/amd64/MSBuild.exe cmTC_c852b.vcxproj /p:Configuration=Release /p:Platform=x64 /p:VisualStudioVersion=17.0 /v:n && MSBuild version 17.6.3+07e294721 for .NET Framework
빌드 시작: 2023-07-05 오전 9:30:28

1 노드의 "C:\__Dev\dcmtk-3.6.7\build\CMakeFiles\CMakeTmp\cmTC_c852b.vcxproj" 프로젝트(기본 대상)입니다.
PrepareForBuild:
  "cmTC_c852b.dir\Release\" 디렉터리를 만들고 있습니다.
  "C:\__Dev\dcmtk-3.6.7\build\CMakeFiles\CMakeTmp\Release\" 디렉터리를 만들고 있습니다.
  "cmTC_c852b.dir\Release\cmTC_c852b.tlog\" 디렉터리를 만들고 있습니다.
InitializeBuildStatus:
  "AlwaysCreate"이(가) 지정되었기 때문에 "cmTC_c852b.dir\Release\cmTC_c852b.tlog\unsuccessfulbuild"을(를) 만들고 있습니다.
VcpkgTripletSelection:
  Using triplet "x64-windows" from "C:\__Dev\vcpkg\installed\x64-windows\"
ClCompile:
  C:\Program Files\Microsoft Visual Studio\2022\Professional\VC\Tools\MSVC\14.36.32532\bin\HostX64\x64\CL.exe /c /I"C:\__Dev\vcpkg\installed\x64-windows\include" /W1 /WX- /diagnostics:column /O2 /Ob2 /D _MBCS /D WIN32 /D _WINDOWS /D NDEBUG /D "CMAKE_INTDIR=\"Release\"" /Gm- /EHsc /MT /GS /fp:precise /Zc:wchar_t /Zc:forScope /Zc:inline /GR /Fo"cmTC_c852b.dir\Release\\" /Fd"cmTC_c852b.dir\Release\vc143.pdb" /external:W1 /Gd /TP /errorReport:queue "C:\__Dev\dcmtk-3.6.7\build\CMakeTmp\CheckSymbolExists.cxx"
  Microsoft (R) C/C++ 최적화 컴파일러 버전 19.36.32532(x64)
  CheckSymbolExists.cxx
  Copyright (c) Microsoft Corporation. All rights reserved.
  cl /c /I"C:\__Dev\vcpkg\installed\x64-windows\include" /W1 /WX- /diagnostics:column /O2 /Ob2 /D _MBCS /D WIN32 /D _WINDOWS /D NDEBUG /D "CMAKE_INTDIR=\"Release\"" /Gm- /EHsc /MT /GS /fp:precise /Zc:wchar_t /Zc:forScope /Zc:inline /GR /Fo"cmTC_c852b.dir\Release\\" /Fd"cmTC_c852b.dir\Release\vc143.pdb" /external:W1 /Gd /TP /errorReport:queue "C:\__Dev\dcmtk-3.6.7\build\CMakeTmp\CheckSymbolExists.cxx"
C:\__Dev\dcmtk-3.6.7\build\CMakeTmp\CheckSymbolExists.cxx(22,1): error C3861: '__sync_add_and_fetch': 식별자를 찾을 수 없습니다. [C:\__Dev\dcmtk-3.6.7\build\CMakeFiles\CMakeTmp\cmTC_c852b.vcxproj]
"C:\__Dev\dcmtk-3.6.7\build\CMakeFiles\CMakeTmp\cmTC_c852b.vcxproj" 프로젝트를 빌드했습니다(기본 대상). - 실패

빌드하지 못했습니다.

"C:\__Dev\dcmtk-3.6.7\build\CMakeFiles\CMakeTmp\cmTC_c852b.vcxproj"(기본 대상)(1)->
(ClCompile 대상) -> 
  C:\__Dev\dcmtk-3.6.7\build\CMakeTmp\CheckSymbolExists.cxx(22,1): error C3861: '__sync_add_and_fetch': 식별자를 찾을 수 없습니다. [C:\__Dev\dcmtk-3.6.7\build\CMakeFiles\CMakeTmp\cmTC_c852b.vcxproj]

    경고 0개
    오류 1개

경과 시간: 00:00:00.84


File C:/__Dev/dcmtk-3.6.7/build/CMakeTmp/CheckSymbolExists.cxx:
/* */
#include <io.h>
#include <math.h>
#include <process.h>
#include <stdlib.h>
#include <stdint.h>
#include <stddef.h>
#include <string.h>
#include <sys/types.h>
#include <sys/stat.h>
#include <sys/timeb.h>
#include <stdarg.h>
#include <stdio.h>
#include <winsock2.h>
#include <ws2tcpip.h>
#include <windows.h>
#include <winsock.h>
#include <fenv.h>

int main()
{
__sync_add_and_fetch((int*)0,0);return 0;
}

Determining if the __sync_sub_and_fetch((int*)0,0) exist failed with the following output:
Change Dir: C:/__Dev/dcmtk-3.6.7/build/CMakeFiles/CMakeTmp

Run Build Command(s):C:/Program Files/Microsoft Visual Studio/2022/Professional/MSBuild/Current/Bin/amd64/MSBuild.exe cmTC_1fb18.vcxproj /p:Configuration=Release /p:Platform=x64 /p:VisualStudioVersion=17.0 /v:n && MSBuild version 17.6.3+07e294721 for .NET Framework
빌드 시작: 2023-07-05 오전 9:30:29

1 노드의 "C:\__Dev\dcmtk-3.6.7\build\CMakeFiles\CMakeTmp\cmTC_1fb18.vcxproj" 프로젝트(기본 대상)입니다.
PrepareForBuild:
  "cmTC_1fb18.dir\Release\" 디렉터리를 만들고 있습니다.
  "C:\__Dev\dcmtk-3.6.7\build\CMakeFiles\CMakeTmp\Release\" 디렉터리를 만들고 있습니다.
  "cmTC_1fb18.dir\Release\cmTC_1fb18.tlog\" 디렉터리를 만들고 있습니다.
InitializeBuildStatus:
  "AlwaysCreate"이(가) 지정되었기 때문에 "cmTC_1fb18.dir\Release\cmTC_1fb18.tlog\unsuccessfulbuild"을(를) 만들고 있습니다.
VcpkgTripletSelection:
  Using triplet "x64-windows" from "C:\__Dev\vcpkg\installed\x64-windows\"
ClCompile:
  C:\Program Files\Microsoft Visual Studio\2022\Professional\VC\Tools\MSVC\14.36.32532\bin\HostX64\x64\CL.exe /c /I"C:\__Dev\vcpkg\installed\x64-windows\include" /W1 /WX- /diagnostics:column /O2 /Ob2 /D _MBCS /D WIN32 /D _WINDOWS /D NDEBUG /D "CMAKE_INTDIR=\"Release\"" /Gm- /EHsc /MT /GS /fp:precise /Zc:wchar_t /Zc:forScope /Zc:inline /GR /Fo"cmTC_1fb18.dir\Release\\" /Fd"cmTC_1fb18.dir\Release\vc143.pdb" /external:W1 /Gd /TP /errorReport:queue "C:\__Dev\dcmtk-3.6.7\build\CMakeTmp\CheckSymbolExists.cxx"
  Microsoft (R) C/C++ 최적화 컴파일러 버전 19.36.32532(x64)
  CheckSymbolExists.cxx
  Copyright (c) Microsoft Corporation. All rights reserved.
  cl /c /I"C:\__Dev\vcpkg\installed\x64-windows\include" /W1 /WX- /diagnostics:column /O2 /Ob2 /D _MBCS /D WIN32 /D _WINDOWS /D NDEBUG /D "CMAKE_INTDIR=\"Release\"" /Gm- /EHsc /MT /GS /fp:precise /Zc:wchar_t /Zc:forScope /Zc:inline /GR /Fo"cmTC_1fb18.dir\Release\\" /Fd"cmTC_1fb18.dir\Release\vc143.pdb" /external:W1 /Gd /TP /errorReport:queue "C:\__Dev\dcmtk-3.6.7\build\CMakeTmp\CheckSymbolExists.cxx"
C:\__Dev\dcmtk-3.6.7\build\CMakeTmp\CheckSymbolExists.cxx(22,1): error C3861: '__sync_sub_and_fetch': 식별자를 찾을 수 없습니다. [C:\__Dev\dcmtk-3.6.7\build\CMakeFiles\CMakeTmp\cmTC_1fb18.vcxproj]
"C:\__Dev\dcmtk-3.6.7\build\CMakeFiles\CMakeTmp\cmTC_1fb18.vcxproj" 프로젝트를 빌드했습니다(기본 대상). - 실패

빌드하지 못했습니다.

"C:\__Dev\dcmtk-3.6.7\build\CMakeFiles\CMakeTmp\cmTC_1fb18.vcxproj"(기본 대상)(1)->
(ClCompile 대상) -> 
  C:\__Dev\dcmtk-3.6.7\build\CMakeTmp\CheckSymbolExists.cxx(22,1): error C3861: '__sync_sub_and_fetch': 식별자를 찾을 수 없습니다. [C:\__Dev\dcmtk-3.6.7\build\CMakeFiles\CMakeTmp\cmTC_1fb18.vcxproj]

    경고 0개
    오류 1개

경과 시간: 00:00:00.82


File C:/__Dev/dcmtk-3.6.7/build/CMakeTmp/CheckSymbolExists.cxx:
/* */
#include <io.h>
#include <math.h>
#include <process.h>
#include <stdlib.h>
#include <stdint.h>
#include <stddef.h>
#include <string.h>
#include <sys/types.h>
#include <sys/stat.h>
#include <sys/timeb.h>
#include <stdarg.h>
#include <stdio.h>
#include <winsock2.h>
#include <ws2tcpip.h>
#include <windows.h>
#include <winsock.h>
#include <fenv.h>

int main()
{
__sync_sub_and_fetch((int*)0,0);return 0;
}

Determining if the getgrnam_r((char*)0,(group*)0,(char*)0,0,(group**)0) exist failed with the following output:
Change Dir: C:/__Dev/dcmtk-3.6.7/build/CMakeFiles/CMakeTmp

Run Build Command(s):C:/Program Files/Microsoft Visual Studio/2022/Professional/MSBuild/Current/Bin/amd64/MSBuild.exe cmTC_6fcdb.vcxproj /p:Configuration=Release /p:Platform=x64 /p:VisualStudioVersion=17.0 /v:n && MSBuild version 17.6.3+07e294721 for .NET Framework
빌드 시작: 2023-07-05 오전 9:30:37

1 노드의 "C:\__Dev\dcmtk-3.6.7\build\CMakeFiles\CMakeTmp\cmTC_6fcdb.vcxproj" 프로젝트(기본 대상)입니다.
PrepareForBuild:
  "cmTC_6fcdb.dir\Release\" 디렉터리를 만들고 있습니다.
  "C:\__Dev\dcmtk-3.6.7\build\CMakeFiles\CMakeTmp\Release\" 디렉터리를 만들고 있습니다.
  "cmTC_6fcdb.dir\Release\cmTC_6fcdb.tlog\" 디렉터리를 만들고 있습니다.
InitializeBuildStatus:
  "AlwaysCreate"이(가) 지정되었기 때문에 "cmTC_6fcdb.dir\Release\cmTC_6fcdb.tlog\unsuccessfulbuild"을(를) 만들고 있습니다.
VcpkgTripletSelection:
  Using triplet "x64-windows" from "C:\__Dev\vcpkg\installed\x64-windows\"
ClCompile:
  C:\Program Files\Microsoft Visual Studio\2022\Professional\VC\Tools\MSVC\14.36.32532\bin\HostX64\x64\CL.exe /c /I"C:\__Dev\vcpkg\installed\x64-windows\include" /W1 /WX- /diagnostics:column /O2 /Ob2 /D _MBCS /D WIN32 /D _WINDOWS /D NDEBUG /D "CMAKE_INTDIR=\"Release\"" /Gm- /EHsc /MT /GS /fp:precise /Zc:wchar_t /Zc:forScope /Zc:inline /GR /Fo"cmTC_6fcdb.dir\Release\\" /Fd"cmTC_6fcdb.dir\Release\vc143.pdb" /external:W1 /Gd /TP /errorReport:queue "C:\__Dev\dcmtk-3.6.7\build\CMakeTmp\CheckSymbolExists.cxx"
  Microsoft (R) C/C++ 최적화 컴파일러 버전 19.36.32532(x64)
  CheckSymbolExists.cxx
  Copyright (c) Microsoft Corporation. All rights reserved.
  cl /c /I"C:\__Dev\vcpkg\installed\x64-windows\include" /W1 /WX- /diagnostics:column /O2 /Ob2 /D _MBCS /D WIN32 /D _WINDOWS /D NDEBUG /D "CMAKE_INTDIR=\"Release\"" /Gm- /EHsc /MT /GS /fp:precise /Zc:wchar_t /Zc:forScope /Zc:inline /GR /Fo"cmTC_6fcdb.dir\Release\\" /Fd"cmTC_6fcdb.dir\Release\vc143.pdb" /external:W1 /Gd /TP /errorReport:queue "C:\__Dev\dcmtk-3.6.7\build\CMakeTmp\CheckSymbolExists.cxx"
C:\__Dev\dcmtk-3.6.7\build\CMakeTmp\CheckSymbolExists.cxx(22,22): error C2065: 'group': 선언되지 않은 식별자입니다. [C:\__Dev\dcmtk-3.6.7\build\CMakeFiles\CMakeTmp\cmTC_6fcdb.vcxproj]
C:\__Dev\dcmtk-3.6.7\build\CMakeTmp\CheckSymbolExists.cxx(22,28): error C2059: 구문 오류: ')' [C:\__Dev\dcmtk-3.6.7\build\CMakeFiles\CMakeTmp\cmTC_6fcdb.vcxproj]
"C:\__Dev\dcmtk-3.6.7\build\CMakeFiles\CMakeTmp\cmTC_6fcdb.vcxproj" 프로젝트를 빌드했습니다(기본 대상). - 실패

빌드하지 못했습니다.

"C:\__Dev\dcmtk-3.6.7\build\CMakeFiles\CMakeTmp\cmTC_6fcdb.vcxproj"(기본 대상)(1)->
(ClCompile 대상) -> 
  C:\__Dev\dcmtk-3.6.7\build\CMakeTmp\CheckSymbolExists.cxx(22,22): error C2065: 'group': 선언되지 않은 식별자입니다. [C:\__Dev\dcmtk-3.6.7\build\CMakeFiles\CMakeTmp\cmTC_6fcdb.vcxproj]
  C:\__Dev\dcmtk-3.6.7\build\CMakeTmp\CheckSymbolExists.cxx(22,28): error C2059: 구문 오류: ')' [C:\__Dev\dcmtk-3.6.7\build\CMakeFiles\CMakeTmp\cmTC_6fcdb.vcxproj]

    경고 0개
    오류 2개

경과 시간: 00:00:00.80


File C:/__Dev/dcmtk-3.6.7/build/CMakeTmp/CheckSymbolExists.cxx:
/* */
#include <io.h>
#include <math.h>
#include <process.h>
#include <stdlib.h>
#include <stdint.h>
#include <stddef.h>
#include <string.h>
#include <sys/types.h>
#include <sys/stat.h>
#include <sys/timeb.h>
#include <stdarg.h>
#include <stdio.h>
#include <winsock2.h>
#include <ws2tcpip.h>
#include <windows.h>
#include <winsock.h>
#include <fenv.h>

int main()
{
getgrnam_r((char*)0,(group*)0,(char*)0,0,(group**)0);return 0;
}

Determining if the getpwnam_r((char*)0,(passwd*)0,(char*)0,0,(passwd**)0) exist failed with the following output:
Change Dir: C:/__Dev/dcmtk-3.6.7/build/CMakeFiles/CMakeTmp

Run Build Command(s):C:/Program Files/Microsoft Visual Studio/2022/Professional/MSBuild/Current/Bin/amd64/MSBuild.exe cmTC_3813e.vcxproj /p:Configuration=Release /p:Platform=x64 /p:VisualStudioVersion=17.0 /v:n && MSBuild version 17.6.3+07e294721 for .NET Framework
빌드 시작: 2023-07-05 오전 9:30:38

1 노드의 "C:\__Dev\dcmtk-3.6.7\build\CMakeFiles\CMakeTmp\cmTC_3813e.vcxproj" 프로젝트(기본 대상)입니다.
PrepareForBuild:
  "cmTC_3813e.dir\Release\" 디렉터리를 만들고 있습니다.
  "C:\__Dev\dcmtk-3.6.7\build\CMakeFiles\CMakeTmp\Release\" 디렉터리를 만들고 있습니다.
  "cmTC_3813e.dir\Release\cmTC_3813e.tlog\" 디렉터리를 만들고 있습니다.
InitializeBuildStatus:
  "AlwaysCreate"이(가) 지정되었기 때문에 "cmTC_3813e.dir\Release\cmTC_3813e.tlog\unsuccessfulbuild"을(를) 만들고 있습니다.
VcpkgTripletSelection:
  Using triplet "x64-windows" from "C:\__Dev\vcpkg\installed\x64-windows\"
ClCompile:
  C:\Program Files\Microsoft Visual Studio\2022\Professional\VC\Tools\MSVC\14.36.32532\bin\HostX64\x64\CL.exe /c /I"C:\__Dev\vcpkg\installed\x64-windows\include" /W1 /WX- /diagnostics:column /O2 /Ob2 /D _MBCS /D WIN32 /D _WINDOWS /D NDEBUG /D "CMAKE_INTDIR=\"Release\"" /Gm- /EHsc /MT /GS /fp:precise /Zc:wchar_t /Zc:forScope /Zc:inline /GR /Fo"cmTC_3813e.dir\Release\\" /Fd"cmTC_3813e.dir\Release\vc143.pdb" /external:W1 /Gd /TP /errorReport:queue "C:\__Dev\dcmtk-3.6.7\build\CMakeTmp\CheckSymbolExists.cxx"
  Microsoft (R) C/C++ 최적화 컴파일러 버전 19.36.32532(x64)
  CheckSymbolExists.cxx
  Copyright (c) Microsoft Corporation. All rights reserved.
  cl /c /I"C:\__Dev\vcpkg\installed\x64-windows\include" /W1 /WX- /diagnostics:column /O2 /Ob2 /D _MBCS /D WIN32 /D _WINDOWS /D NDEBUG /D "CMAKE_INTDIR=\"Release\"" /Gm- /EHsc /MT /GS /fp:precise /Zc:wchar_t /Zc:forScope /Zc:inline /GR /Fo"cmTC_3813e.dir\Release\\" /Fd"cmTC_3813e.dir\Release\vc143.pdb" /external:W1 /Gd /TP /errorReport:queue "C:\__Dev\dcmtk-3.6.7\build\CMakeTmp\CheckSymbolExists.cxx"
C:\__Dev\dcmtk-3.6.7\build\CMakeTmp\CheckSymbolExists.cxx(22,22): error C2065: 'passwd': 선언되지 않은 식별자입니다. [C:\__Dev\dcmtk-3.6.7\build\CMakeFiles\CMakeTmp\cmTC_3813e.vcxproj]
C:\__Dev\dcmtk-3.6.7\build\CMakeTmp\CheckSymbolExists.cxx(22,29): error C2059: 구문 오류: ')' [C:\__Dev\dcmtk-3.6.7\build\CMakeFiles\CMakeTmp\cmTC_3813e.vcxproj]
"C:\__Dev\dcmtk-3.6.7\build\CMakeFiles\CMakeTmp\cmTC_3813e.vcxproj" 프로젝트를 빌드했습니다(기본 대상). - 실패

빌드하지 못했습니다.

"C:\__Dev\dcmtk-3.6.7\build\CMakeFiles\CMakeTmp\cmTC_3813e.vcxproj"(기본 대상)(1)->
(ClCompile 대상) -> 
  C:\__Dev\dcmtk-3.6.7\build\CMakeTmp\CheckSymbolExists.cxx(22,22): error C2065: 'passwd': 선언되지 않은 식별자입니다. [C:\__Dev\dcmtk-3.6.7\build\CMakeFiles\CMakeTmp\cmTC_3813e.vcxproj]
  C:\__Dev\dcmtk-3.6.7\build\CMakeTmp\CheckSymbolExists.cxx(22,29): error C2059: 구문 오류: ')' [C:\__Dev\dcmtk-3.6.7\build\CMakeFiles\CMakeTmp\cmTC_3813e.vcxproj]

    경고 0개
    오류 2개

경과 시간: 00:00:00.80


File C:/__Dev/dcmtk-3.6.7/build/CMakeTmp/CheckSymbolExists.cxx:
/* */
#include <io.h>
#include <math.h>
#include <process.h>
#include <stdlib.h>
#include <stdint.h>
#include <stddef.h>
#include <string.h>
#include <sys/types.h>
#include <sys/stat.h>
#include <sys/timeb.h>
#include <stdarg.h>
#include <stdio.h>
#include <winsock2.h>
#include <ws2tcpip.h>
#include <windows.h>
#include <winsock.h>
#include <fenv.h>

int main()
{
getpwnam_r((char*)0,(passwd*)0,(char*)0,0,(passwd**)0);return 0;
}

Determining if the readdir_r((DIR*)0,(dirent*)0,(dirent**)0) exist failed with the following output:
Change Dir: C:/__Dev/dcmtk-3.6.7/build/CMakeFiles/CMakeTmp

Run Build Command(s):C:/Program Files/Microsoft Visual Studio/2022/Professional/MSBuild/Current/Bin/amd64/MSBuild.exe cmTC_76f10.vcxproj /p:Configuration=Release /p:Platform=x64 /p:VisualStudioVersion=17.0 /v:n && MSBuild version 17.6.3+07e294721 for .NET Framework
빌드 시작: 2023-07-05 오전 9:30:39

1 노드의 "C:\__Dev\dcmtk-3.6.7\build\CMakeFiles\CMakeTmp\cmTC_76f10.vcxproj" 프로젝트(기본 대상)입니다.
PrepareForBuild:
  "cmTC_76f10.dir\Release\" 디렉터리를 만들고 있습니다.
  "C:\__Dev\dcmtk-3.6.7\build\CMakeFiles\CMakeTmp\Release\" 디렉터리를 만들고 있습니다.
  "cmTC_76f10.dir\Release\cmTC_76f10.tlog\" 디렉터리를 만들고 있습니다.
InitializeBuildStatus:
  "AlwaysCreate"이(가) 지정되었기 때문에 "cmTC_76f10.dir\Release\cmTC_76f10.tlog\unsuccessfulbuild"을(를) 만들고 있습니다.
VcpkgTripletSelection:
  Using triplet "x64-windows" from "C:\__Dev\vcpkg\installed\x64-windows\"
ClCompile:
  C:\Program Files\Microsoft Visual Studio\2022\Professional\VC\Tools\MSVC\14.36.32532\bin\HostX64\x64\CL.exe /c /I"C:\__Dev\vcpkg\installed\x64-windows\include" /W1 /WX- /diagnostics:column /O2 /Ob2 /D _MBCS /D WIN32 /D _WINDOWS /D NDEBUG /D "CMAKE_INTDIR=\"Release\"" /Gm- /EHsc /MT /GS /fp:precise /Zc:wchar_t /Zc:forScope /Zc:inline /GR /Fo"cmTC_76f10.dir\Release\\" /Fd"cmTC_76f10.dir\Release\vc143.pdb" /external:W1 /Gd /TP /errorReport:queue "C:\__Dev\dcmtk-3.6.7\build\CMakeTmp\CheckSymbolExists.cxx"
  Microsoft (R) C/C++ 최적화 컴파일러 버전 19.36.32532(x64)
  CheckSymbolExists.cxx
  Copyright (c) Microsoft Corporation. All rights reserved.
  cl /c /I"C:\__Dev\vcpkg\installed\x64-windows\include" /W1 /WX- /diagnostics:column /O2 /Ob2 /D _MBCS /D WIN32 /D _WINDOWS /D NDEBUG /D "CMAKE_INTDIR=\"Release\"" /Gm- /EHsc /MT /GS /fp:precise /Zc:wchar_t /Zc:forScope /Zc:inline /GR /Fo"cmTC_76f10.dir\Release\\" /Fd"cmTC_76f10.dir\Release\vc143.pdb" /external:W1 /Gd /TP /errorReport:queue "C:\__Dev\dcmtk-3.6.7\build\CMakeTmp\CheckSymbolExists.cxx"
C:\__Dev\dcmtk-3.6.7\build\CMakeTmp\CheckSymbolExists.cxx(22,12): error C2065: 'DIR': 선언되지 않은 식별자입니다. [C:\__Dev\dcmtk-3.6.7\build\CMakeFiles\CMakeTmp\cmTC_76f10.vcxproj]
C:\__Dev\dcmtk-3.6.7\build\CMakeTmp\CheckSymbolExists.cxx(22,16): error C2059: 구문 오류: ')' [C:\__Dev\dcmtk-3.6.7\build\CMakeFiles\CMakeTmp\cmTC_76f10.vcxproj]
"C:\__Dev\dcmtk-3.6.7\build\CMakeFiles\CMakeTmp\cmTC_76f10.vcxproj" 프로젝트를 빌드했습니다(기본 대상). - 실패

빌드하지 못했습니다.

"C:\__Dev\dcmtk-3.6.7\build\CMakeFiles\CMakeTmp\cmTC_76f10.vcxproj"(기본 대상)(1)->
(ClCompile 대상) -> 
  C:\__Dev\dcmtk-3.6.7\build\CMakeTmp\CheckSymbolExists.cxx(22,12): error C2065: 'DIR': 선언되지 않은 식별자입니다. [C:\__Dev\dcmtk-3.6.7\build\CMakeFiles\CMakeTmp\cmTC_76f10.vcxproj]
  C:\__Dev\dcmtk-3.6.7\build\CMakeTmp\CheckSymbolExists.cxx(22,16): error C2059: 구문 오류: ')' [C:\__Dev\dcmtk-3.6.7\build\CMakeFiles\CMakeTmp\cmTC_76f10.vcxproj]

    경고 0개
    오류 2개

경과 시간: 00:00:00.97


File C:/__Dev/dcmtk-3.6.7/build/CMakeTmp/CheckSymbolExists.cxx:
/* */
#include <io.h>
#include <math.h>
#include <process.h>
#include <stdlib.h>
#include <stdint.h>
#include <stddef.h>
#include <string.h>
#include <sys/types.h>
#include <sys/stat.h>
#include <sys/timeb.h>
#include <stdarg.h>
#include <stdio.h>
#include <winsock2.h>
#include <ws2tcpip.h>
#include <windows.h>
#include <winsock.h>
#include <fenv.h>

int main()
{
readdir_r((DIR*)0,(dirent*)0,(dirent**)0);return 0;
}

Determining if the readdir_r((DIR*)0,(dirent*)0) exist failed with the following output:
Change Dir: C:/__Dev/dcmtk-3.6.7/build/CMakeFiles/CMakeTmp

Run Build Command(s):C:/Program Files/Microsoft Visual Studio/2022/Professional/MSBuild/Current/Bin/amd64/MSBuild.exe cmTC_6cbf5.vcxproj /p:Configuration=Release /p:Platform=x64 /p:VisualStudioVersion=17.0 /v:n && MSBuild version 17.6.3+07e294721 for .NET Framework
빌드 시작: 2023-07-05 오전 9:30:40

1 노드의 "C:\__Dev\dcmtk-3.6.7\build\CMakeFiles\CMakeTmp\cmTC_6cbf5.vcxproj" 프로젝트(기본 대상)입니다.
PrepareForBuild:
  "cmTC_6cbf5.dir\Release\" 디렉터리를 만들고 있습니다.
  "C:\__Dev\dcmtk-3.6.7\build\CMakeFiles\CMakeTmp\Release\" 디렉터리를 만들고 있습니다.
  "cmTC_6cbf5.dir\Release\cmTC_6cbf5.tlog\" 디렉터리를 만들고 있습니다.
InitializeBuildStatus:
  "AlwaysCreate"이(가) 지정되었기 때문에 "cmTC_6cbf5.dir\Release\cmTC_6cbf5.tlog\unsuccessfulbuild"을(를) 만들고 있습니다.
VcpkgTripletSelection:
  Using triplet "x64-windows" from "C:\__Dev\vcpkg\installed\x64-windows\"
ClCompile:
  C:\Program Files\Microsoft Visual Studio\2022\Professional\VC\Tools\MSVC\14.36.32532\bin\HostX64\x64\CL.exe /c /I"C:\__Dev\vcpkg\installed\x64-windows\include" /W1 /WX- /diagnostics:column /O2 /Ob2 /D _MBCS /D WIN32 /D _WINDOWS /D NDEBUG /D "CMAKE_INTDIR=\"Release\"" /Gm- /EHsc /MT /GS /fp:precise /Zc:wchar_t /Zc:forScope /Zc:inline /GR /Fo"cmTC_6cbf5.dir\Release\\" /Fd"cmTC_6cbf5.dir\Release\vc143.pdb" /external:W1 /Gd /TP /errorReport:queue "C:\__Dev\dcmtk-3.6.7\build\CMakeTmp\CheckSymbolExists.cxx"
  Microsoft (R) C/C++ 최적화 컴파일러 버전 19.36.32532(x64)
  CheckSymbolExists.cxx
  Copyright (c) Microsoft Corporation. All rights reserved.
  cl /c /I"C:\__Dev\vcpkg\installed\x64-windows\include" /W1 /WX- /diagnostics:column /O2 /Ob2 /D _MBCS /D WIN32 /D _WINDOWS /D NDEBUG /D "CMAKE_INTDIR=\"Release\"" /Gm- /EHsc /MT /GS /fp:precise /Zc:wchar_t /Zc:forScope /Zc:inline /GR /Fo"cmTC_6cbf5.dir\Release\\" /Fd"cmTC_6cbf5.dir\Release\vc143.pdb" /external:W1 /Gd /TP /errorReport:queue "C:\__Dev\dcmtk-3.6.7\build\CMakeTmp\CheckSymbolExists.cxx"
C:\__Dev\dcmtk-3.6.7\build\CMakeTmp\CheckSymbolExists.cxx(22,12): error C2065: 'DIR': 선언되지 않은 식별자입니다. [C:\__Dev\dcmtk-3.6.7\build\CMakeFiles\CMakeTmp\cmTC_6cbf5.vcxproj]
C:\__Dev\dcmtk-3.6.7\build\CMakeTmp\CheckSymbolExists.cxx(22,16): error C2059: 구문 오류: ')' [C:\__Dev\dcmtk-3.6.7\build\CMakeFiles\CMakeTmp\cmTC_6cbf5.vcxproj]
"C:\__Dev\dcmtk-3.6.7\build\CMakeFiles\CMakeTmp\cmTC_6cbf5.vcxproj" 프로젝트를 빌드했습니다(기본 대상). - 실패

빌드하지 못했습니다.

"C:\__Dev\dcmtk-3.6.7\build\CMakeFiles\CMakeTmp\cmTC_6cbf5.vcxproj"(기본 대상)(1)->
(ClCompile 대상) -> 
  C:\__Dev\dcmtk-3.6.7\build\CMakeTmp\CheckSymbolExists.cxx(22,12): error C2065: 'DIR': 선언되지 않은 식별자입니다. [C:\__Dev\dcmtk-3.6.7\build\CMakeFiles\CMakeTmp\cmTC_6cbf5.vcxproj]
  C:\__Dev\dcmtk-3.6.7\build\CMakeTmp\CheckSymbolExists.cxx(22,16): error C2059: 구문 오류: ')' [C:\__Dev\dcmtk-3.6.7\build\CMakeFiles\CMakeTmp\cmTC_6cbf5.vcxproj]

    경고 0개
    오류 2개

경과 시간: 00:00:00.85


File C:/__Dev/dcmtk-3.6.7/build/CMakeTmp/CheckSymbolExists.cxx:
/* */
#include <io.h>
#include <math.h>
#include <process.h>
#include <stdlib.h>
#include <stdint.h>
#include <stddef.h>
#include <string.h>
#include <sys/types.h>
#include <sys/stat.h>
#include <sys/timeb.h>
#include <stdarg.h>
#include <stdio.h>
#include <winsock2.h>
#include <ws2tcpip.h>
#include <windows.h>
#include <winsock.h>
#include <fenv.h>

int main()
{
readdir_r((DIR*)0,(dirent*)0);return 0;
}

Determining if the nanosleep exist failed with the following output:
Change Dir: C:/__Dev/dcmtk-3.6.7/build/CMakeFiles/CMakeTmp

Run Build Command(s):C:/Program Files/Microsoft Visual Studio/2022/Professional/MSBuild/Current/Bin/amd64/MSBuild.exe cmTC_0ef97.vcxproj /p:Configuration=Release /p:Platform=x64 /p:VisualStudioVersion=17.0 /v:n && MSBuild version 17.6.3+07e294721 for .NET Framework
빌드 시작: 2023-07-05 오전 9:30:41

1 노드의 "C:\__Dev\dcmtk-3.6.7\build\CMakeFiles\CMakeTmp\cmTC_0ef97.vcxproj" 프로젝트(기본 대상)입니다.
PrepareForBuild:
  "cmTC_0ef97.dir\Release\" 디렉터리를 만들고 있습니다.
  "C:\__Dev\dcmtk-3.6.7\build\CMakeFiles\CMakeTmp\Release\" 디렉터리를 만들고 있습니다.
  "cmTC_0ef97.dir\Release\cmTC_0ef97.tlog\" 디렉터리를 만들고 있습니다.
InitializeBuildStatus:
  "AlwaysCreate"이(가) 지정되었기 때문에 "cmTC_0ef97.dir\Release\cmTC_0ef97.tlog\unsuccessfulbuild"을(를) 만들고 있습니다.
VcpkgTripletSelection:
  Using triplet "x64-windows" from "C:\__Dev\vcpkg\installed\x64-windows\"
ClCompile:
  C:\Program Files\Microsoft Visual Studio\2022\Professional\VC\Tools\MSVC\14.36.32532\bin\HostX64\x64\CL.exe /c /I"C:\__Dev\vcpkg\installed\x64-windows\include" /W1 /WX- /diagnostics:column /O2 /Ob2 /D _MBCS /D WIN32 /D _WINDOWS /D NDEBUG /D "CMAKE_INTDIR=\"Release\"" /Gm- /EHsc /MT /GS /fp:precise /Zc:wchar_t /Zc:forScope /Zc:inline /GR /Fo"cmTC_0ef97.dir\Release\\" /Fd"cmTC_0ef97.dir\Release\vc143.pdb" /external:W1 /Gd /TP /errorReport:queue "C:\__Dev\dcmtk-3.6.7\build\CMakeTmp\CheckSymbolExists.cxx"
  Microsoft (R) C/C++ 최적화 컴파일러 버전 19.36.32532(x64)
  CheckSymbolExists.cxx
  Copyright (c) Microsoft Corporation. All rights reserved.
  cl /c /I"C:\__Dev\vcpkg\installed\x64-windows\include" /W1 /WX- /diagnostics:column /O2 /Ob2 /D _MBCS /D WIN32 /D _WINDOWS /D NDEBUG /D "CMAKE_INTDIR=\"Release\"" /Gm- /EHsc /MT /GS /fp:precise /Zc:wchar_t /Zc:forScope /Zc:inline /GR /Fo"cmTC_0ef97.dir\Release\\" /Fd"cmTC_0ef97.dir\Release\vc143.pdb" /external:W1 /Gd /TP /errorReport:queue "C:\__Dev\dcmtk-3.6.7\build\CMakeTmp\CheckSymbolExists.cxx"
C:\__Dev\dcmtk-3.6.7\build\CMakeTmp\CheckSymbolExists.cxx(22,1): error C2065: 'nanosleep': 선언되지 않은 식별자입니다. [C:\__Dev\dcmtk-3.6.7\build\CMakeFiles\CMakeTmp\cmTC_0ef97.vcxproj]
"C:\__Dev\dcmtk-3.6.7\build\CMakeFiles\CMakeTmp\cmTC_0ef97.vcxproj" 프로젝트를 빌드했습니다(기본 대상). - 실패

빌드하지 못했습니다.

"C:\__Dev\dcmtk-3.6.7\build\CMakeFiles\CMakeTmp\cmTC_0ef97.vcxproj"(기본 대상)(1)->
(ClCompile 대상) -> 
  C:\__Dev\dcmtk-3.6.7\build\CMakeTmp\CheckSymbolExists.cxx(22,1): error C2065: 'nanosleep': 선언되지 않은 식별자입니다. [C:\__Dev\dcmtk-3.6.7\build\CMakeFiles\CMakeTmp\cmTC_0ef97.vcxproj]

    경고 0개
    오류 1개

경과 시간: 00:00:00.83


File C:/__Dev/dcmtk-3.6.7/build/CMakeTmp/CheckSymbolExists.cxx:
/* */
#include <io.h>
#include <math.h>
#include <process.h>
#include <stdlib.h>
#include <stdint.h>
#include <stddef.h>
#include <string.h>
#include <sys/types.h>
#include <sys/stat.h>
#include <sys/timeb.h>
#include <stdarg.h>
#include <stdio.h>
#include <winsock2.h>
#include <ws2tcpip.h>
#include <windows.h>
#include <winsock.h>
#include <fenv.h>

int main()
{
nanosleep;return 0;
}

Determining if the &passwd::pw_gecos exist failed with the following output:
Change Dir: C:/__Dev/dcmtk-3.6.7/build/CMakeFiles/CMakeTmp

Run Build Command(s):C:/Program Files/Microsoft Visual Studio/2022/Professional/MSBuild/Current/Bin/amd64/MSBuild.exe cmTC_3b5c9.vcxproj /p:Configuration=Release /p:Platform=x64 /p:VisualStudioVersion=17.0 /v:n && MSBuild version 17.6.3+07e294721 for .NET Framework
빌드 시작: 2023-07-05 오전 9:30:42

1 노드의 "C:\__Dev\dcmtk-3.6.7\build\CMakeFiles\CMakeTmp\cmTC_3b5c9.vcxproj" 프로젝트(기본 대상)입니다.
PrepareForBuild:
  "cmTC_3b5c9.dir\Release\" 디렉터리를 만들고 있습니다.
  "C:\__Dev\dcmtk-3.6.7\build\CMakeFiles\CMakeTmp\Release\" 디렉터리를 만들고 있습니다.
  "cmTC_3b5c9.dir\Release\cmTC_3b5c9.tlog\" 디렉터리를 만들고 있습니다.
InitializeBuildStatus:
  "AlwaysCreate"이(가) 지정되었기 때문에 "cmTC_3b5c9.dir\Release\cmTC_3b5c9.tlog\unsuccessfulbuild"을(를) 만들고 있습니다.
VcpkgTripletSelection:
  Using triplet "x64-windows" from "C:\__Dev\vcpkg\installed\x64-windows\"
ClCompile:
  C:\Program Files\Microsoft Visual Studio\2022\Professional\VC\Tools\MSVC\14.36.32532\bin\HostX64\x64\CL.exe /c /I"C:\__Dev\vcpkg\installed\x64-windows\include" /W1 /WX- /diagnostics:column /O2 /Ob2 /D _MBCS /D WIN32 /D _WINDOWS /D NDEBUG /D "CMAKE_INTDIR=\"Release\"" /Gm- /EHsc /MT /GS /fp:precise /Zc:wchar_t /Zc:forScope /Zc:inline /GR /Fo"cmTC_3b5c9.dir\Release\\" /Fd"cmTC_3b5c9.dir\Release\vc143.pdb" /external:W1 /Gd /TP /errorReport:queue "C:\__Dev\dcmtk-3.6.7\build\CMakeTmp\CheckSymbolExists.cxx"
  Microsoft (R) C/C++ 최적화 컴파일러 버전 19.36.32532(x64)
  CheckSymbolExists.cxx
  Copyright (c) Microsoft Corporation. All rights reserved.
  cl /c /I"C:\__Dev\vcpkg\installed\x64-windows\include" /W1 /WX- /diagnostics:column /O2 /Ob2 /D _MBCS /D WIN32 /D _WINDOWS /D NDEBUG /D "CMAKE_INTDIR=\"Release\"" /Gm- /EHsc /MT /GS /fp:precise /Zc:wchar_t /Zc:forScope /Zc:inline /GR /Fo"cmTC_3b5c9.dir\Release\\" /Fd"cmTC_3b5c9.dir\Release\vc143.pdb" /external:W1 /Gd /TP /errorReport:queue "C:\__Dev\dcmtk-3.6.7\build\CMakeTmp\CheckSymbolExists.cxx"
C:\__Dev\dcmtk-3.6.7\build\CMakeTmp\CheckSymbolExists.cxx(22,2): error C2653: 'passwd': 클래스 또는 네임스페이스 이름이 아닙니다. [C:\__Dev\dcmtk-3.6.7\build\CMakeFiles\CMakeTmp\cmTC_3b5c9.vcxproj]
C:\__Dev\dcmtk-3.6.7\build\CMakeTmp\CheckSymbolExists.cxx(22,10): error C2065: 'pw_gecos': 선언되지 않은 식별자입니다. [C:\__Dev\dcmtk-3.6.7\build\CMakeFiles\CMakeTmp\cmTC_3b5c9.vcxproj]
"C:\__Dev\dcmtk-3.6.7\build\CMakeFiles\CMakeTmp\cmTC_3b5c9.vcxproj" 프로젝트를 빌드했습니다(기본 대상). - 실패

빌드하지 못했습니다.

"C:\__Dev\dcmtk-3.6.7\build\CMakeFiles\CMakeTmp\cmTC_3b5c9.vcxproj"(기본 대상)(1)->
(ClCompile 대상) -> 
  C:\__Dev\dcmtk-3.6.7\build\CMakeTmp\CheckSymbolExists.cxx(22,2): error C2653: 'passwd': 클래스 또는 네임스페이스 이름이 아닙니다. [C:\__Dev\dcmtk-3.6.7\build\CMakeFiles\CMakeTmp\cmTC_3b5c9.vcxproj]
  C:\__Dev\dcmtk-3.6.7\build\CMakeTmp\CheckSymbolExists.cxx(22,10): error C2065: 'pw_gecos': 선언되지 않은 식별자입니다. [C:\__Dev\dcmtk-3.6.7\build\CMakeFiles\CMakeTmp\cmTC_3b5c9.vcxproj]

    경고 0개
    오류 2개

경과 시간: 00:00:00.83


File C:/__Dev/dcmtk-3.6.7/build/CMakeTmp/CheckSymbolExists.cxx:
/* */
#include <io.h>
#include <math.h>
#include <process.h>
#include <stdlib.h>
#include <stdint.h>
#include <stddef.h>
#include <string.h>
#include <sys/types.h>
#include <sys/stat.h>
#include <sys/timeb.h>
#include <stdarg.h>
#include <stdio.h>
#include <winsock2.h>
#include <ws2tcpip.h>
#include <windows.h>
#include <winsock.h>
#include <fenv.h>

int main()
{
&passwd::pw_gecos;return 0;
}

Determining if the fp_except_t definition exist failed with the following output:
Change Dir: C:/__Dev/dcmtk-3.6.7/build/CMakeFiles/CMakeTmp

Run Build Command(s):C:/Program Files/Microsoft Visual Studio/2022/Professional/MSBuild/Current/Bin/amd64/MSBuild.exe cmTC_056bf.vcxproj /p:Configuration=Release /p:Platform=x64 /p:VisualStudioVersion=17.0 /v:n && MSBuild version 17.6.3+07e294721 for .NET Framework
빌드 시작: 2023-07-05 오전 9:30:46

1 노드의 "C:\__Dev\dcmtk-3.6.7\build\CMakeFiles\CMakeTmp\cmTC_056bf.vcxproj" 프로젝트(기본 대상)입니다.
PrepareForBuild:
  "cmTC_056bf.dir\Release\" 디렉터리를 만들고 있습니다.
  "C:\__Dev\dcmtk-3.6.7\build\CMakeFiles\CMakeTmp\Release\" 디렉터리를 만들고 있습니다.
  "cmTC_056bf.dir\Release\cmTC_056bf.tlog\" 디렉터리를 만들고 있습니다.
InitializeBuildStatus:
  "AlwaysCreate"이(가) 지정되었기 때문에 "cmTC_056bf.dir\Release\cmTC_056bf.tlog\unsuccessfulbuild"을(를) 만들고 있습니다.
VcpkgTripletSelection:
  Using triplet "x64-windows" from "C:\__Dev\vcpkg\installed\x64-windows\"
ClCompile:
  C:\Program Files\Microsoft Visual Studio\2022\Professional\VC\Tools\MSVC\14.36.32532\bin\HostX64\x64\CL.exe /c /I"C:\__Dev\vcpkg\installed\x64-windows\include" /W1 /WX- /diagnostics:column /O2 /Ob2 /D _MBCS /D WIN32 /D _WINDOWS /D NDEBUG /D "CMAKE_INTDIR=\"Release\"" /Gm- /EHsc /MT /GS /fp:precise /Zc:wchar_t /Zc:forScope /Zc:inline /GR /Fo"cmTC_056bf.dir\Release\\" /Fd"cmTC_056bf.dir\Release\vc143.pdb" /external:W1 /Gd /TP /errorReport:queue "C:\__Dev\dcmtk-3.6.7\build\CMakeTmp\CheckSymbolExists.cxx"
  Microsoft (R) C/C++ 최적화 컴파일러 버전 19.36.32532(x64)
  CheckSymbolExists.cxx
  Copyright (c) Microsoft Corporation. All rights reserved.
  cl /c /I"C:\__Dev\vcpkg\installed\x64-windows\include" /W1 /WX- /diagnostics:column /O2 /Ob2 /D _MBCS /D WIN32 /D _WINDOWS /D NDEBUG /D "CMAKE_INTDIR=\"Release\"" /Gm- /EHsc /MT /GS /fp:precise /Zc:wchar_t /Zc:forScope /Zc:inline /GR /Fo"cmTC_056bf.dir\Release\\" /Fd"cmTC_056bf.dir\Release\vc143.pdb" /external:W1 /Gd /TP /errorReport:queue "C:\__Dev\dcmtk-3.6.7\build\CMakeTmp\CheckSymbolExists.cxx"
C:\__Dev\dcmtk-3.6.7\build\CMakeTmp\CheckSymbolExists.cxx(22,1): error C2065: 'fp_except_t': 선언되지 않은 식별자입니다. [C:\__Dev\dcmtk-3.6.7\build\CMakeFiles\CMakeTmp\cmTC_056bf.vcxproj]
C:\__Dev\dcmtk-3.6.7\build\CMakeTmp\CheckSymbolExists.cxx(22,13): error C2146: 구문 오류: ';'이(가) 'definition' 식별자 앞에 없습니다. [C:\__Dev\dcmtk-3.6.7\build\CMakeFiles\CMakeTmp\cmTC_056bf.vcxproj]
C:\__Dev\dcmtk-3.6.7\build\CMakeTmp\CheckSymbolExists.cxx(22,13): error C2065: 'definition': 선언되지 않은 식별자입니다. [C:\__Dev\dcmtk-3.6.7\build\CMakeFiles\CMakeTmp\cmTC_056bf.vcxproj]
"C:\__Dev\dcmtk-3.6.7\build\CMakeFiles\CMakeTmp\cmTC_056bf.vcxproj" 프로젝트를 빌드했습니다(기본 대상). - 실패

빌드하지 못했습니다.

"C:\__Dev\dcmtk-3.6.7\build\CMakeFiles\CMakeTmp\cmTC_056bf.vcxproj"(기본 대상)(1)->
(ClCompile 대상) -> 
  C:\__Dev\dcmtk-3.6.7\build\CMakeTmp\CheckSymbolExists.cxx(22,1): error C2065: 'fp_except_t': 선언되지 않은 식별자입니다. [C:\__Dev\dcmtk-3.6.7\build\CMakeFiles\CMakeTmp\cmTC_056bf.vcxproj]
  C:\__Dev\dcmtk-3.6.7\build\CMakeTmp\CheckSymbolExists.cxx(22,13): error C2146: 구문 오류: ';'이(가) 'definition' 식별자 앞에 없습니다. [C:\__Dev\dcmtk-3.6.7\build\CMakeFiles\CMakeTmp\cmTC_056bf.vcxproj]
  C:\__Dev\dcmtk-3.6.7\build\CMakeTmp\CheckSymbolExists.cxx(22,13): error C2065: 'definition': 선언되지 않은 식별자입니다. [C:\__Dev\dcmtk-3.6.7\build\CMakeFiles\CMakeTmp\cmTC_056bf.vcxproj]

    경고 0개
    오류 3개

경과 시간: 00:00:00.82


File C:/__Dev/dcmtk-3.6.7/build/CMakeTmp/CheckSymbolExists.cxx:
/* */
#include <io.h>
#include <math.h>
#include <process.h>
#include <stdlib.h>
#include <stdint.h>
#include <stddef.h>
#include <string.h>
#include <sys/types.h>
#include <sys/stat.h>
#include <sys/timeb.h>
#include <stdarg.h>
#include <stdio.h>
#include <winsock2.h>
#include <ws2tcpip.h>
#include <windows.h>
#include <winsock.h>
#include <fenv.h>

int main()
{
fp_except_t definition;return 0;
}

Determining if the uchar definition exist failed with the following output:
Change Dir: C:/__Dev/dcmtk-3.6.7/build/CMakeFiles/CMakeTmp

Run Build Command(s):C:/Program Files/Microsoft Visual Studio/2022/Professional/MSBuild/Current/Bin/amd64/MSBuild.exe cmTC_560ed.vcxproj /p:Configuration=Release /p:Platform=x64 /p:VisualStudioVersion=17.0 /v:n && MSBuild version 17.6.3+07e294721 for .NET Framework
빌드 시작: 2023-07-05 오전 9:30:47

1 노드의 "C:\__Dev\dcmtk-3.6.7\build\CMakeFiles\CMakeTmp\cmTC_560ed.vcxproj" 프로젝트(기본 대상)입니다.
PrepareForBuild:
  "cmTC_560ed.dir\Release\" 디렉터리를 만들고 있습니다.
  "C:\__Dev\dcmtk-3.6.7\build\CMakeFiles\CMakeTmp\Release\" 디렉터리를 만들고 있습니다.
  "cmTC_560ed.dir\Release\cmTC_560ed.tlog\" 디렉터리를 만들고 있습니다.
InitializeBuildStatus:
  "AlwaysCreate"이(가) 지정되었기 때문에 "cmTC_560ed.dir\Release\cmTC_560ed.tlog\unsuccessfulbuild"을(를) 만들고 있습니다.
VcpkgTripletSelection:
  Using triplet "x64-windows" from "C:\__Dev\vcpkg\installed\x64-windows\"
ClCompile:
  C:\Program Files\Microsoft Visual Studio\2022\Professional\VC\Tools\MSVC\14.36.32532\bin\HostX64\x64\CL.exe /c /I"C:\__Dev\vcpkg\installed\x64-windows\include" /W1 /WX- /diagnostics:column /O2 /Ob2 /D _MBCS /D WIN32 /D _WINDOWS /D NDEBUG /D "CMAKE_INTDIR=\"Release\"" /Gm- /EHsc /MT /GS /fp:precise /Zc:wchar_t /Zc:forScope /Zc:inline /GR /Fo"cmTC_560ed.dir\Release\\" /Fd"cmTC_560ed.dir\Release\vc143.pdb" /external:W1 /Gd /TP /errorReport:queue "C:\__Dev\dcmtk-3.6.7\build\CMakeTmp\CheckSymbolExists.cxx"
  Microsoft (R) C/C++ 최적화 컴파일러 버전 19.36.32532(x64)
  CheckSymbolExists.cxx
  Copyright (c) Microsoft Corporation. All rights reserved.
  cl /c /I"C:\__Dev\vcpkg\installed\x64-windows\include" /W1 /WX- /diagnostics:column /O2 /Ob2 /D _MBCS /D WIN32 /D _WINDOWS /D NDEBUG /D "CMAKE_INTDIR=\"Release\"" /Gm- /EHsc /MT /GS /fp:precise /Zc:wchar_t /Zc:forScope /Zc:inline /GR /Fo"cmTC_560ed.dir\Release\\" /Fd"cmTC_560ed.dir\Release\vc143.pdb" /external:W1 /Gd /TP /errorReport:queue "C:\__Dev\dcmtk-3.6.7\build\CMakeTmp\CheckSymbolExists.cxx"
C:\__Dev\dcmtk-3.6.7\build\CMakeTmp\CheckSymbolExists.cxx(22,1): error C2065: 'uchar': 선언되지 않은 식별자입니다. [C:\__Dev\dcmtk-3.6.7\build\CMakeFiles\CMakeTmp\cmTC_560ed.vcxproj]
C:\__Dev\dcmtk-3.6.7\build\CMakeTmp\CheckSymbolExists.cxx(22,7): error C2146: 구문 오류: ';'이(가) 'definition' 식별자 앞에 없습니다. [C:\__Dev\dcmtk-3.6.7\build\CMakeFiles\CMakeTmp\cmTC_560ed.vcxproj]
C:\__Dev\dcmtk-3.6.7\build\CMakeTmp\CheckSymbolExists.cxx(22,7): error C2065: 'definition': 선언되지 않은 식별자입니다. [C:\__Dev\dcmtk-3.6.7\build\CMakeFiles\CMakeTmp\cmTC_560ed.vcxproj]
"C:\__Dev\dcmtk-3.6.7\build\CMakeFiles\CMakeTmp\cmTC_560ed.vcxproj" 프로젝트를 빌드했습니다(기본 대상). - 실패

빌드하지 못했습니다.

"C:\__Dev\dcmtk-3.6.7\build\CMakeFiles\CMakeTmp\cmTC_560ed.vcxproj"(기본 대상)(1)->
(ClCompile 대상) -> 
  C:\__Dev\dcmtk-3.6.7\build\CMakeTmp\CheckSymbolExists.cxx(22,1): error C2065: 'uchar': 선언되지 않은 식별자입니다. [C:\__Dev\dcmtk-3.6.7\build\CMakeFiles\CMakeTmp\cmTC_560ed.vcxproj]
  C:\__Dev\dcmtk-3.6.7\build\CMakeTmp\CheckSymbolExists.cxx(22,7): error C2146: 구문 오류: ';'이(가) 'definition' 식별자 앞에 없습니다. [C:\__Dev\dcmtk-3.6.7\build\CMakeFiles\CMakeTmp\cmTC_560ed.vcxproj]
  C:\__Dev\dcmtk-3.6.7\build\CMakeTmp\CheckSymbolExists.cxx(22,7): error C2065: 'definition': 선언되지 않은 식별자입니다. [C:\__Dev\dcmtk-3.6.7\build\CMakeFiles\CMakeTmp\cmTC_560ed.vcxproj]

    경고 0개
    오류 3개

경과 시간: 00:00:00.83


File C:/__Dev/dcmtk-3.6.7/build/CMakeTmp/CheckSymbolExists.cxx:
/* */
#include <io.h>
#include <math.h>
#include <process.h>
#include <stdlib.h>
#include <stdint.h>
#include <stddef.h>
#include <string.h>
#include <sys/types.h>
#include <sys/stat.h>
#include <sys/timeb.h>
#include <stdarg.h>
#include <stdio.h>
#include <winsock2.h>
#include <ws2tcpip.h>
#include <windows.h>
#include <winsock.h>
#include <fenv.h>

int main()
{
uchar definition;return 0;
}

Determining if the ushort definition exist failed with the following output:
Change Dir: C:/__Dev/dcmtk-3.6.7/build/CMakeFiles/CMakeTmp

Run Build Command(s):C:/Program Files/Microsoft Visual Studio/2022/Professional/MSBuild/Current/Bin/amd64/MSBuild.exe cmTC_adbd1.vcxproj /p:Configuration=Release /p:Platform=x64 /p:VisualStudioVersion=17.0 /v:n && MSBuild version 17.6.3+07e294721 for .NET Framework
빌드 시작: 2023-07-05 오전 9:30:48

1 노드의 "C:\__Dev\dcmtk-3.6.7\build\CMakeFiles\CMakeTmp\cmTC_adbd1.vcxproj" 프로젝트(기본 대상)입니다.
PrepareForBuild:
  "cmTC_adbd1.dir\Release\" 디렉터리를 만들고 있습니다.
  "C:\__Dev\dcmtk-3.6.7\build\CMakeFiles\CMakeTmp\Release\" 디렉터리를 만들고 있습니다.
  "cmTC_adbd1.dir\Release\cmTC_adbd1.tlog\" 디렉터리를 만들고 있습니다.
InitializeBuildStatus:
  "AlwaysCreate"이(가) 지정되었기 때문에 "cmTC_adbd1.dir\Release\cmTC_adbd1.tlog\unsuccessfulbuild"을(를) 만들고 있습니다.
VcpkgTripletSelection:
  Using triplet "x64-windows" from "C:\__Dev\vcpkg\installed\x64-windows\"
ClCompile:
  C:\Program Files\Microsoft Visual Studio\2022\Professional\VC\Tools\MSVC\14.36.32532\bin\HostX64\x64\CL.exe /c /I"C:\__Dev\vcpkg\installed\x64-windows\include" /W1 /WX- /diagnostics:column /O2 /Ob2 /D _MBCS /D WIN32 /D _WINDOWS /D NDEBUG /D "CMAKE_INTDIR=\"Release\"" /Gm- /EHsc /MT /GS /fp:precise /Zc:wchar_t /Zc:forScope /Zc:inline /GR /Fo"cmTC_adbd1.dir\Release\\" /Fd"cmTC_adbd1.dir\Release\vc143.pdb" /external:W1 /Gd /TP /errorReport:queue "C:\__Dev\dcmtk-3.6.7\build\CMakeTmp\CheckSymbolExists.cxx"
  Microsoft (R) C/C++ 최적화 컴파일러 버전 19.36.32532(x64)
  CheckSymbolExists.cxx
  Copyright (c) Microsoft Corporation. All rights reserved.
  cl /c /I"C:\__Dev\vcpkg\installed\x64-windows\include" /W1 /WX- /diagnostics:column /O2 /Ob2 /D _MBCS /D WIN32 /D _WINDOWS /D NDEBUG /D "CMAKE_INTDIR=\"Release\"" /Gm- /EHsc /MT /GS /fp:precise /Zc:wchar_t /Zc:forScope /Zc:inline /GR /Fo"cmTC_adbd1.dir\Release\\" /Fd"cmTC_adbd1.dir\Release\vc143.pdb" /external:W1 /Gd /TP /errorReport:queue "C:\__Dev\dcmtk-3.6.7\build\CMakeTmp\CheckSymbolExists.cxx"
C:\__Dev\dcmtk-3.6.7\build\CMakeTmp\CheckSymbolExists.cxx(22,1): error C2065: 'ushort': 선언되지 않은 식별자입니다. [C:\__Dev\dcmtk-3.6.7\build\CMakeFiles\CMakeTmp\cmTC_adbd1.vcxproj]
C:\__Dev\dcmtk-3.6.7\build\CMakeTmp\CheckSymbolExists.cxx(22,8): error C2146: 구문 오류: ';'이(가) 'definition' 식별자 앞에 없습니다. [C:\__Dev\dcmtk-3.6.7\build\CMakeFiles\CMakeTmp\cmTC_adbd1.vcxproj]
C:\__Dev\dcmtk-3.6.7\build\CMakeTmp\CheckSymbolExists.cxx(22,8): error C2065: 'definition': 선언되지 않은 식별자입니다. [C:\__Dev\dcmtk-3.6.7\build\CMakeFiles\CMakeTmp\cmTC_adbd1.vcxproj]
"C:\__Dev\dcmtk-3.6.7\build\CMakeFiles\CMakeTmp\cmTC_adbd1.vcxproj" 프로젝트를 빌드했습니다(기본 대상). - 실패

빌드하지 못했습니다.

"C:\__Dev\dcmtk-3.6.7\build\CMakeFiles\CMakeTmp\cmTC_adbd1.vcxproj"(기본 대상)(1)->
(ClCompile 대상) -> 
  C:\__Dev\dcmtk-3.6.7\build\CMakeTmp\CheckSymbolExists.cxx(22,1): error C2065: 'ushort': 선언되지 않은 식별자입니다. [C:\__Dev\dcmtk-3.6.7\build\CMakeFiles\CMakeTmp\cmTC_adbd1.vcxproj]
  C:\__Dev\dcmtk-3.6.7\build\CMakeTmp\CheckSymbolExists.cxx(22,8): error C2146: 구문 오류: ';'이(가) 'definition' 식별자 앞에 없습니다. [C:\__Dev\dcmtk-3.6.7\build\CMakeFiles\CMakeTmp\cmTC_adbd1.vcxproj]
  C:\__Dev\dcmtk-3.6.7\build\CMakeTmp\CheckSymbolExists.cxx(22,8): error C2065: 'definition': 선언되지 않은 식별자입니다. [C:\__Dev\dcmtk-3.6.7\build\CMakeFiles\CMakeTmp\cmTC_adbd1.vcxproj]

    경고 0개
    오류 3개

경과 시간: 00:00:00.83


File C:/__Dev/dcmtk-3.6.7/build/CMakeTmp/CheckSymbolExists.cxx:
/* */
#include <io.h>
#include <math.h>
#include <process.h>
#include <stdlib.h>
#include <stdint.h>
#include <stddef.h>
#include <string.h>
#include <sys/types.h>
#include <sys/stat.h>
#include <sys/timeb.h>
#include <stdarg.h>
#include <stdio.h>
#include <winsock2.h>
#include <ws2tcpip.h>
#include <windows.h>
#include <winsock.h>
#include <fenv.h>

int main()
{
ushort definition;return 0;
}

Determining if the uint definition exist failed with the following output:
Change Dir: C:/__Dev/dcmtk-3.6.7/build/CMakeFiles/CMakeTmp

Run Build Command(s):C:/Program Files/Microsoft Visual Studio/2022/Professional/MSBuild/Current/Bin/amd64/MSBuild.exe cmTC_7bf5e.vcxproj /p:Configuration=Release /p:Platform=x64 /p:VisualStudioVersion=17.0 /v:n && MSBuild version 17.6.3+07e294721 for .NET Framework
빌드 시작: 2023-07-05 오전 9:30:49

1 노드의 "C:\__Dev\dcmtk-3.6.7\build\CMakeFiles\CMakeTmp\cmTC_7bf5e.vcxproj" 프로젝트(기본 대상)입니다.
PrepareForBuild:
  "cmTC_7bf5e.dir\Release\" 디렉터리를 만들고 있습니다.
  "C:\__Dev\dcmtk-3.6.7\build\CMakeFiles\CMakeTmp\Release\" 디렉터리를 만들고 있습니다.
  "cmTC_7bf5e.dir\Release\cmTC_7bf5e.tlog\" 디렉터리를 만들고 있습니다.
InitializeBuildStatus:
  "AlwaysCreate"이(가) 지정되었기 때문에 "cmTC_7bf5e.dir\Release\cmTC_7bf5e.tlog\unsuccessfulbuild"을(를) 만들고 있습니다.
VcpkgTripletSelection:
  Using triplet "x64-windows" from "C:\__Dev\vcpkg\installed\x64-windows\"
ClCompile:
  C:\Program Files\Microsoft Visual Studio\2022\Professional\VC\Tools\MSVC\14.36.32532\bin\HostX64\x64\CL.exe /c /I"C:\__Dev\vcpkg\installed\x64-windows\include" /W1 /WX- /diagnostics:column /O2 /Ob2 /D _MBCS /D WIN32 /D _WINDOWS /D NDEBUG /D "CMAKE_INTDIR=\"Release\"" /Gm- /EHsc /MT /GS /fp:precise /Zc:wchar_t /Zc:forScope /Zc:inline /GR /Fo"cmTC_7bf5e.dir\Release\\" /Fd"cmTC_7bf5e.dir\Release\vc143.pdb" /external:W1 /Gd /TP /errorReport:queue "C:\__Dev\dcmtk-3.6.7\build\CMakeTmp\CheckSymbolExists.cxx"
  Microsoft (R) C/C++ 최적화 컴파일러 버전 19.36.32532(x64)
  CheckSymbolExists.cxx
  Copyright (c) Microsoft Corporation. All rights reserved.
  cl /c /I"C:\__Dev\vcpkg\installed\x64-windows\include" /W1 /WX- /diagnostics:column /O2 /Ob2 /D _MBCS /D WIN32 /D _WINDOWS /D NDEBUG /D "CMAKE_INTDIR=\"Release\"" /Gm- /EHsc /MT /GS /fp:precise /Zc:wchar_t /Zc:forScope /Zc:inline /GR /Fo"cmTC_7bf5e.dir\Release\\" /Fd"cmTC_7bf5e.dir\Release\vc143.pdb" /external:W1 /Gd /TP /errorReport:queue "C:\__Dev\dcmtk-3.6.7\build\CMakeTmp\CheckSymbolExists.cxx"
C:\__Dev\dcmtk-3.6.7\build\CMakeTmp\CheckSymbolExists.cxx(22,1): error C2065: 'uint': 선언되지 않은 식별자입니다. [C:\__Dev\dcmtk-3.6.7\build\CMakeFiles\CMakeTmp\cmTC_7bf5e.vcxproj]
C:\__Dev\dcmtk-3.6.7\build\CMakeTmp\CheckSymbolExists.cxx(22,6): error C2146: 구문 오류: ';'이(가) 'definition' 식별자 앞에 없습니다. [C:\__Dev\dcmtk-3.6.7\build\CMakeFiles\CMakeTmp\cmTC_7bf5e.vcxproj]
C:\__Dev\dcmtk-3.6.7\build\CMakeTmp\CheckSymbolExists.cxx(22,6): error C2065: 'definition': 선언되지 않은 식별자입니다. [C:\__Dev\dcmtk-3.6.7\build\CMakeFiles\CMakeTmp\cmTC_7bf5e.vcxproj]
"C:\__Dev\dcmtk-3.6.7\build\CMakeFiles\CMakeTmp\cmTC_7bf5e.vcxproj" 프로젝트를 빌드했습니다(기본 대상). - 실패

빌드하지 못했습니다.

"C:\__Dev\dcmtk-3.6.7\build\CMakeFiles\CMakeTmp\cmTC_7bf5e.vcxproj"(기본 대상)(1)->
(ClCompile 대상) -> 
  C:\__Dev\dcmtk-3.6.7\build\CMakeTmp\CheckSymbolExists.cxx(22,1): error C2065: 'uint': 선언되지 않은 식별자입니다. [C:\__Dev\dcmtk-3.6.7\build\CMakeFiles\CMakeTmp\cmTC_7bf5e.vcxproj]
  C:\__Dev\dcmtk-3.6.7\build\CMakeTmp\CheckSymbolExists.cxx(22,6): error C2146: 구문 오류: ';'이(가) 'definition' 식별자 앞에 없습니다. [C:\__Dev\dcmtk-3.6.7\build\CMakeFiles\CMakeTmp\cmTC_7bf5e.vcxproj]
  C:\__Dev\dcmtk-3.6.7\build\CMakeTmp\CheckSymbolExists.cxx(22,6): error C2065: 'definition': 선언되지 않은 식별자입니다. [C:\__Dev\dcmtk-3.6.7\build\CMakeFiles\CMakeTmp\cmTC_7bf5e.vcxproj]

    경고 0개
    오류 3개

경과 시간: 00:00:00.87


File C:/__Dev/dcmtk-3.6.7/build/CMakeTmp/CheckSymbolExists.cxx:
/* */
#include <io.h>
#include <math.h>
#include <process.h>
#include <stdlib.h>
#include <stdint.h>
#include <stddef.h>
#include <string.h>
#include <sys/types.h>
#include <sys/stat.h>
#include <sys/timeb.h>
#include <stdarg.h>
#include <stdio.h>
#include <winsock2.h>
#include <ws2tcpip.h>
#include <windows.h>
#include <winsock.h>
#include <fenv.h>

int main()
{
uint definition;return 0;
}

Determining if the ulong definition exist failed with the following output:
Change Dir: C:/__Dev/dcmtk-3.6.7/build/CMakeFiles/CMakeTmp

Run Build Command(s):C:/Program Files/Microsoft Visual Studio/2022/Professional/MSBuild/Current/Bin/amd64/MSBuild.exe cmTC_deedb.vcxproj /p:Configuration=Release /p:Platform=x64 /p:VisualStudioVersion=17.0 /v:n && MSBuild version 17.6.3+07e294721 for .NET Framework
빌드 시작: 2023-07-05 오전 9:30:50

1 노드의 "C:\__Dev\dcmtk-3.6.7\build\CMakeFiles\CMakeTmp\cmTC_deedb.vcxproj" 프로젝트(기본 대상)입니다.
PrepareForBuild:
  "cmTC_deedb.dir\Release\" 디렉터리를 만들고 있습니다.
  "C:\__Dev\dcmtk-3.6.7\build\CMakeFiles\CMakeTmp\Release\" 디렉터리를 만들고 있습니다.
  "cmTC_deedb.dir\Release\cmTC_deedb.tlog\" 디렉터리를 만들고 있습니다.
InitializeBuildStatus:
  "AlwaysCreate"이(가) 지정되었기 때문에 "cmTC_deedb.dir\Release\cmTC_deedb.tlog\unsuccessfulbuild"을(를) 만들고 있습니다.
VcpkgTripletSelection:
  Using triplet "x64-windows" from "C:\__Dev\vcpkg\installed\x64-windows\"
ClCompile:
  C:\Program Files\Microsoft Visual Studio\2022\Professional\VC\Tools\MSVC\14.36.32532\bin\HostX64\x64\CL.exe /c /I"C:\__Dev\vcpkg\installed\x64-windows\include" /W1 /WX- /diagnostics:column /O2 /Ob2 /D _MBCS /D WIN32 /D _WINDOWS /D NDEBUG /D "CMAKE_INTDIR=\"Release\"" /Gm- /EHsc /MT /GS /fp:precise /Zc:wchar_t /Zc:forScope /Zc:inline /GR /Fo"cmTC_deedb.dir\Release\\" /Fd"cmTC_deedb.dir\Release\vc143.pdb" /external:W1 /Gd /TP /errorReport:queue "C:\__Dev\dcmtk-3.6.7\build\CMakeTmp\CheckSymbolExists.cxx"
  Microsoft (R) C/C++ 최적화 컴파일러 버전 19.36.32532(x64)
  CheckSymbolExists.cxx
  Copyright (c) Microsoft Corporation. All rights reserved.
  cl /c /I"C:\__Dev\vcpkg\installed\x64-windows\include" /W1 /WX- /diagnostics:column /O2 /Ob2 /D _MBCS /D WIN32 /D _WINDOWS /D NDEBUG /D "CMAKE_INTDIR=\"Release\"" /Gm- /EHsc /MT /GS /fp:precise /Zc:wchar_t /Zc:forScope /Zc:inline /GR /Fo"cmTC_deedb.dir\Release\\" /Fd"cmTC_deedb.dir\Release\vc143.pdb" /external:W1 /Gd /TP /errorReport:queue "C:\__Dev\dcmtk-3.6.7\build\CMakeTmp\CheckSymbolExists.cxx"
C:\__Dev\dcmtk-3.6.7\build\CMakeTmp\CheckSymbolExists.cxx(22,1): error C2065: 'ulong': 선언되지 않은 식별자입니다. [C:\__Dev\dcmtk-3.6.7\build\CMakeFiles\CMakeTmp\cmTC_deedb.vcxproj]
C:\__Dev\dcmtk-3.6.7\build\CMakeTmp\CheckSymbolExists.cxx(22,7): error C2146: 구문 오류: ';'이(가) 'definition' 식별자 앞에 없습니다. [C:\__Dev\dcmtk-3.6.7\build\CMakeFiles\CMakeTmp\cmTC_deedb.vcxproj]
C:\__Dev\dcmtk-3.6.7\build\CMakeTmp\CheckSymbolExists.cxx(22,7): error C2065: 'definition': 선언되지 않은 식별자입니다. [C:\__Dev\dcmtk-3.6.7\build\CMakeFiles\CMakeTmp\cmTC_deedb.vcxproj]
"C:\__Dev\dcmtk-3.6.7\build\CMakeFiles\CMakeTmp\cmTC_deedb.vcxproj" 프로젝트를 빌드했습니다(기본 대상). - 실패

빌드하지 못했습니다.

"C:\__Dev\dcmtk-3.6.7\build\CMakeFiles\CMakeTmp\cmTC_deedb.vcxproj"(기본 대상)(1)->
(ClCompile 대상) -> 
  C:\__Dev\dcmtk-3.6.7\build\CMakeTmp\CheckSymbolExists.cxx(22,1): error C2065: 'ulong': 선언되지 않은 식별자입니다. [C:\__Dev\dcmtk-3.6.7\build\CMakeFiles\CMakeTmp\cmTC_deedb.vcxproj]
  C:\__Dev\dcmtk-3.6.7\build\CMakeTmp\CheckSymbolExists.cxx(22,7): error C2146: 구문 오류: ';'이(가) 'definition' 식별자 앞에 없습니다. [C:\__Dev\dcmtk-3.6.7\build\CMakeFiles\CMakeTmp\cmTC_deedb.vcxproj]
  C:\__Dev\dcmtk-3.6.7\build\CMakeTmp\CheckSymbolExists.cxx(22,7): error C2065: 'definition': 선언되지 않은 식별자입니다. [C:\__Dev\dcmtk-3.6.7\build\CMakeFiles\CMakeTmp\cmTC_deedb.vcxproj]

    경고 0개
    오류 3개

경과 시간: 00:00:00.82


File C:/__Dev/dcmtk-3.6.7/build/CMakeTmp/CheckSymbolExists.cxx:
/* */
#include <io.h>
#include <math.h>
#include <process.h>
#include <stdlib.h>
#include <stdint.h>
#include <stddef.h>
#include <string.h>
#include <sys/types.h>
#include <sys/stat.h>
#include <sys/timeb.h>
#include <stdarg.h>
#include <stdio.h>
#include <winsock2.h>
#include <ws2tcpip.h>
#include <windows.h>
#include <winsock.h>
#include <fenv.h>

int main()
{
ulong definition;return 0;
}

Determining if the longlong definition exist failed with the following output:
Change Dir: C:/__Dev/dcmtk-3.6.7/build/CMakeFiles/CMakeTmp

Run Build Command(s):C:/Program Files/Microsoft Visual Studio/2022/Professional/MSBuild/Current/Bin/amd64/MSBuild.exe cmTC_90a13.vcxproj /p:Configuration=Release /p:Platform=x64 /p:VisualStudioVersion=17.0 /v:n && MSBuild version 17.6.3+07e294721 for .NET Framework
빌드 시작: 2023-07-05 오전 9:30:51

1 노드의 "C:\__Dev\dcmtk-3.6.7\build\CMakeFiles\CMakeTmp\cmTC_90a13.vcxproj" 프로젝트(기본 대상)입니다.
PrepareForBuild:
  "cmTC_90a13.dir\Release\" 디렉터리를 만들고 있습니다.
  "C:\__Dev\dcmtk-3.6.7\build\CMakeFiles\CMakeTmp\Release\" 디렉터리를 만들고 있습니다.
  "cmTC_90a13.dir\Release\cmTC_90a13.tlog\" 디렉터리를 만들고 있습니다.
InitializeBuildStatus:
  "AlwaysCreate"이(가) 지정되었기 때문에 "cmTC_90a13.dir\Release\cmTC_90a13.tlog\unsuccessfulbuild"을(를) 만들고 있습니다.
VcpkgTripletSelection:
  Using triplet "x64-windows" from "C:\__Dev\vcpkg\installed\x64-windows\"
ClCompile:
  C:\Program Files\Microsoft Visual Studio\2022\Professional\VC\Tools\MSVC\14.36.32532\bin\HostX64\x64\CL.exe /c /I"C:\__Dev\vcpkg\installed\x64-windows\include" /W1 /WX- /diagnostics:column /O2 /Ob2 /D _MBCS /D WIN32 /D _WINDOWS /D NDEBUG /D "CMAKE_INTDIR=\"Release\"" /Gm- /EHsc /MT /GS /fp:precise /Zc:wchar_t /Zc:forScope /Zc:inline /GR /Fo"cmTC_90a13.dir\Release\\" /Fd"cmTC_90a13.dir\Release\vc143.pdb" /external:W1 /Gd /TP /errorReport:queue "C:\__Dev\dcmtk-3.6.7\build\CMakeTmp\CheckSymbolExists.cxx"
  Microsoft (R) C/C++ 최적화 컴파일러 버전 19.36.32532(x64)
  CheckSymbolExists.cxx
  Copyright (c) Microsoft Corporation. All rights reserved.
  cl /c /I"C:\__Dev\vcpkg\installed\x64-windows\include" /W1 /WX- /diagnostics:column /O2 /Ob2 /D _MBCS /D WIN32 /D _WINDOWS /D NDEBUG /D "CMAKE_INTDIR=\"Release\"" /Gm- /EHsc /MT /GS /fp:precise /Zc:wchar_t /Zc:forScope /Zc:inline /GR /Fo"cmTC_90a13.dir\Release\\" /Fd"cmTC_90a13.dir\Release\vc143.pdb" /external:W1 /Gd /TP /errorReport:queue "C:\__Dev\dcmtk-3.6.7\build\CMakeTmp\CheckSymbolExists.cxx"
C:\__Dev\dcmtk-3.6.7\build\CMakeTmp\CheckSymbolExists.cxx(22,1): error C2065: 'longlong': 선언되지 않은 식별자입니다. [C:\__Dev\dcmtk-3.6.7\build\CMakeFiles\CMakeTmp\cmTC_90a13.vcxproj]
C:\__Dev\dcmtk-3.6.7\build\CMakeTmp\CheckSymbolExists.cxx(22,10): error C2146: 구문 오류: ';'이(가) 'definition' 식별자 앞에 없습니다. [C:\__Dev\dcmtk-3.6.7\build\CMakeFiles\CMakeTmp\cmTC_90a13.vcxproj]
C:\__Dev\dcmtk-3.6.7\build\CMakeTmp\CheckSymbolExists.cxx(22,10): error C2065: 'definition': 선언되지 않은 식별자입니다. [C:\__Dev\dcmtk-3.6.7\build\CMakeFiles\CMakeTmp\cmTC_90a13.vcxproj]
"C:\__Dev\dcmtk-3.6.7\build\CMakeFiles\CMakeTmp\cmTC_90a13.vcxproj" 프로젝트를 빌드했습니다(기본 대상). - 실패

빌드하지 못했습니다.

"C:\__Dev\dcmtk-3.6.7\build\CMakeFiles\CMakeTmp\cmTC_90a13.vcxproj"(기본 대상)(1)->
(ClCompile 대상) -> 
  C:\__Dev\dcmtk-3.6.7\build\CMakeTmp\CheckSymbolExists.cxx(22,1): error C2065: 'longlong': 선언되지 않은 식별자입니다. [C:\__Dev\dcmtk-3.6.7\build\CMakeFiles\CMakeTmp\cmTC_90a13.vcxproj]
  C:\__Dev\dcmtk-3.6.7\build\CMakeTmp\CheckSymbolExists.cxx(22,10): error C2146: 구문 오류: ';'이(가) 'definition' 식별자 앞에 없습니다. [C:\__Dev\dcmtk-3.6.7\build\CMakeFiles\CMakeTmp\cmTC_90a13.vcxproj]
  C:\__Dev\dcmtk-3.6.7\build\CMakeTmp\CheckSymbolExists.cxx(22,10): error C2065: 'definition': 선언되지 않은 식별자입니다. [C:\__Dev\dcmtk-3.6.7\build\CMakeFiles\CMakeTmp\cmTC_90a13.vcxproj]

    경고 0개
    오류 3개

경과 시간: 00:00:00.84


File C:/__Dev/dcmtk-3.6.7/build/CMakeTmp/CheckSymbolExists.cxx:
/* */
#include <io.h>
#include <math.h>
#include <process.h>
#include <stdlib.h>
#include <stdint.h>
#include <stddef.h>
#include <string.h>
#include <sys/types.h>
#include <sys/stat.h>
#include <sys/timeb.h>
#include <stdarg.h>
#include <stdio.h>
#include <winsock2.h>
#include <ws2tcpip.h>
#include <windows.h>
#include <winsock.h>
#include <fenv.h>

int main()
{
longlong definition;return 0;
}

Determining if the ulonglong definition exist failed with the following output:
Change Dir: C:/__Dev/dcmtk-3.6.7/build/CMakeFiles/CMakeTmp

Run Build Command(s):C:/Program Files/Microsoft Visual Studio/2022/Professional/MSBuild/Current/Bin/amd64/MSBuild.exe cmTC_8c8b2.vcxproj /p:Configuration=Release /p:Platform=x64 /p:VisualStudioVersion=17.0 /v:n && MSBuild version 17.6.3+07e294721 for .NET Framework
빌드 시작: 2023-07-05 오전 9:30:53

1 노드의 "C:\__Dev\dcmtk-3.6.7\build\CMakeFiles\CMakeTmp\cmTC_8c8b2.vcxproj" 프로젝트(기본 대상)입니다.
PrepareForBuild:
  "cmTC_8c8b2.dir\Release\" 디렉터리를 만들고 있습니다.
  "C:\__Dev\dcmtk-3.6.7\build\CMakeFiles\CMakeTmp\Release\" 디렉터리를 만들고 있습니다.
  "cmTC_8c8b2.dir\Release\cmTC_8c8b2.tlog\" 디렉터리를 만들고 있습니다.
InitializeBuildStatus:
  "AlwaysCreate"이(가) 지정되었기 때문에 "cmTC_8c8b2.dir\Release\cmTC_8c8b2.tlog\unsuccessfulbuild"을(를) 만들고 있습니다.
VcpkgTripletSelection:
  Using triplet "x64-windows" from "C:\__Dev\vcpkg\installed\x64-windows\"
ClCompile:
  C:\Program Files\Microsoft Visual Studio\2022\Professional\VC\Tools\MSVC\14.36.32532\bin\HostX64\x64\CL.exe /c /I"C:\__Dev\vcpkg\installed\x64-windows\include" /W1 /WX- /diagnostics:column /O2 /Ob2 /D _MBCS /D WIN32 /D _WINDOWS /D NDEBUG /D "CMAKE_INTDIR=\"Release\"" /Gm- /EHsc /MT /GS /fp:precise /Zc:wchar_t /Zc:forScope /Zc:inline /GR /Fo"cmTC_8c8b2.dir\Release\\" /Fd"cmTC_8c8b2.dir\Release\vc143.pdb" /external:W1 /Gd /TP /errorReport:queue "C:\__Dev\dcmtk-3.6.7\build\CMakeTmp\CheckSymbolExists.cxx"
  Microsoft (R) C/C++ 최적화 컴파일러 버전 19.36.32532(x64)
  CheckSymbolExists.cxx
  Copyright (c) Microsoft Corporation. All rights reserved.
  cl /c /I"C:\__Dev\vcpkg\installed\x64-windows\include" /W1 /WX- /diagnostics:column /O2 /Ob2 /D _MBCS /D WIN32 /D _WINDOWS /D NDEBUG /D "CMAKE_INTDIR=\"Release\"" /Gm- /EHsc /MT /GS /fp:precise /Zc:wchar_t /Zc:forScope /Zc:inline /GR /Fo"cmTC_8c8b2.dir\Release\\" /Fd"cmTC_8c8b2.dir\Release\vc143.pdb" /external:W1 /Gd /TP /errorReport:queue "C:\__Dev\dcmtk-3.6.7\build\CMakeTmp\CheckSymbolExists.cxx"
C:\__Dev\dcmtk-3.6.7\build\CMakeTmp\CheckSymbolExists.cxx(22,1): error C2065: 'ulonglong': 선언되지 않은 식별자입니다. [C:\__Dev\dcmtk-3.6.7\build\CMakeFiles\CMakeTmp\cmTC_8c8b2.vcxproj]
C:\__Dev\dcmtk-3.6.7\build\CMakeTmp\CheckSymbolExists.cxx(22,11): error C2146: 구문 오류: ';'이(가) 'definition' 식별자 앞에 없습니다. [C:\__Dev\dcmtk-3.6.7\build\CMakeFiles\CMakeTmp\cmTC_8c8b2.vcxproj]
C:\__Dev\dcmtk-3.6.7\build\CMakeTmp\CheckSymbolExists.cxx(22,11): error C2065: 'definition': 선언되지 않은 식별자입니다. [C:\__Dev\dcmtk-3.6.7\build\CMakeFiles\CMakeTmp\cmTC_8c8b2.vcxproj]
"C:\__Dev\dcmtk-3.6.7\build\CMakeFiles\CMakeTmp\cmTC_8c8b2.vcxproj" 프로젝트를 빌드했습니다(기본 대상). - 실패

빌드하지 못했습니다.

"C:\__Dev\dcmtk-3.6.7\build\CMakeFiles\CMakeTmp\cmTC_8c8b2.vcxproj"(기본 대상)(1)->
(ClCompile 대상) -> 
  C:\__Dev\dcmtk-3.6.7\build\CMakeTmp\CheckSymbolExists.cxx(22,1): error C2065: 'ulonglong': 선언되지 않은 식별자입니다. [C:\__Dev\dcmtk-3.6.7\build\CMakeFiles\CMakeTmp\cmTC_8c8b2.vcxproj]
  C:\__Dev\dcmtk-3.6.7\build\CMakeTmp\CheckSymbolExists.cxx(22,11): error C2146: 구문 오류: ';'이(가) 'definition' 식별자 앞에 없습니다. [C:\__Dev\dcmtk-3.6.7\build\CMakeFiles\CMakeTmp\cmTC_8c8b2.vcxproj]
  C:\__Dev\dcmtk-3.6.7\build\CMakeTmp\CheckSymbolExists.cxx(22,11): error C2065: 'definition': 선언되지 않은 식별자입니다. [C:\__Dev\dcmtk-3.6.7\build\CMakeFiles\CMakeTmp\cmTC_8c8b2.vcxproj]

    경고 0개
    오류 3개

경과 시간: 00:00:00.82


File C:/__Dev/dcmtk-3.6.7/build/CMakeTmp/CheckSymbolExists.cxx:
/* */
#include <io.h>
#include <math.h>
#include <process.h>
#include <stdlib.h>
#include <stdint.h>
#include <stddef.h>
#include <string.h>
#include <sys/types.h>
#include <sys/stat.h>
#include <sys/timeb.h>
#include <stdarg.h>
#include <stdio.h>
#include <winsock2.h>
#include <ws2tcpip.h>
#include <windows.h>
#include <winsock.h>
#include <fenv.h>

int main()
{
ulonglong definition;return 0;
}

Determining if the fpos64_t definition exist failed with the following output:
Change Dir: C:/__Dev/dcmtk-3.6.7/build/CMakeFiles/CMakeTmp

Run Build Command(s):C:/Program Files/Microsoft Visual Studio/2022/Professional/MSBuild/Current/Bin/amd64/MSBuild.exe cmTC_1fc79.vcxproj /p:Configuration=Release /p:Platform=x64 /p:VisualStudioVersion=17.0 /v:n && MSBuild version 17.6.3+07e294721 for .NET Framework
빌드 시작: 2023-07-05 오전 9:31:04

1 노드의 "C:\__Dev\dcmtk-3.6.7\build\CMakeFiles\CMakeTmp\cmTC_1fc79.vcxproj" 프로젝트(기본 대상)입니다.
PrepareForBuild:
  "cmTC_1fc79.dir\Release\" 디렉터리를 만들고 있습니다.
  "C:\__Dev\dcmtk-3.6.7\build\CMakeFiles\CMakeTmp\Release\" 디렉터리를 만들고 있습니다.
  "cmTC_1fc79.dir\Release\cmTC_1fc79.tlog\" 디렉터리를 만들고 있습니다.
InitializeBuildStatus:
  "AlwaysCreate"이(가) 지정되었기 때문에 "cmTC_1fc79.dir\Release\cmTC_1fc79.tlog\unsuccessfulbuild"을(를) 만들고 있습니다.
VcpkgTripletSelection:
  Using triplet "x64-windows" from "C:\__Dev\vcpkg\installed\x64-windows\"
ClCompile:
  C:\Program Files\Microsoft Visual Studio\2022\Professional\VC\Tools\MSVC\14.36.32532\bin\HostX64\x64\CL.exe /c /I"C:\__Dev\vcpkg\installed\x64-windows\include" /W1 /WX- /diagnostics:column /O2 /Ob2 /D _MBCS /D WIN32 /D _WINDOWS /D NDEBUG /D "CMAKE_INTDIR=\"Release\"" /Gm- /EHsc /MT /GS /fp:precise /Zc:wchar_t /Zc:forScope /Zc:inline /GR /Fo"cmTC_1fc79.dir\Release\\" /Fd"cmTC_1fc79.dir\Release\vc143.pdb" /external:W1 /Gd /TP /errorReport:queue "C:\__Dev\dcmtk-3.6.7\build\CMakeTmp\CheckSymbolExists.cxx"
  Microsoft (R) C/C++ 최적화 컴파일러 버전 19.36.32532(x64)
  CheckSymbolExists.cxx
  Copyright (c) Microsoft Corporation. All rights reserved.
  cl /c /I"C:\__Dev\vcpkg\installed\x64-windows\include" /W1 /WX- /diagnostics:column /O2 /Ob2 /D _MBCS /D WIN32 /D _WINDOWS /D NDEBUG /D "CMAKE_INTDIR=\"Release\"" /Gm- /EHsc /MT /GS /fp:precise /Zc:wchar_t /Zc:forScope /Zc:inline /GR /Fo"cmTC_1fc79.dir\Release\\" /Fd"cmTC_1fc79.dir\Release\vc143.pdb" /external:W1 /Gd /TP /errorReport:queue "C:\__Dev\dcmtk-3.6.7\build\CMakeTmp\CheckSymbolExists.cxx"
C:\__Dev\dcmtk-3.6.7\build\CMakeTmp\CheckSymbolExists.cxx(22,1): error C2065: 'fpos64_t': 선언되지 않은 식별자입니다. [C:\__Dev\dcmtk-3.6.7\build\CMakeFiles\CMakeTmp\cmTC_1fc79.vcxproj]
C:\__Dev\dcmtk-3.6.7\build\CMakeTmp\CheckSymbolExists.cxx(22,10): error C2146: 구문 오류: ';'이(가) 'definition' 식별자 앞에 없습니다. [C:\__Dev\dcmtk-3.6.7\build\CMakeFiles\CMakeTmp\cmTC_1fc79.vcxproj]
C:\__Dev\dcmtk-3.6.7\build\CMakeTmp\CheckSymbolExists.cxx(22,10): error C2065: 'definition': 선언되지 않은 식별자입니다. [C:\__Dev\dcmtk-3.6.7\build\CMakeFiles\CMakeTmp\cmTC_1fc79.vcxproj]
"C:\__Dev\dcmtk-3.6.7\build\CMakeFiles\CMakeTmp\cmTC_1fc79.vcxproj" 프로젝트를 빌드했습니다(기본 대상). - 실패

빌드하지 못했습니다.

"C:\__Dev\dcmtk-3.6.7\build\CMakeFiles\CMakeTmp\cmTC_1fc79.vcxproj"(기본 대상)(1)->
(ClCompile 대상) -> 
  C:\__Dev\dcmtk-3.6.7\build\CMakeTmp\CheckSymbolExists.cxx(22,1): error C2065: 'fpos64_t': 선언되지 않은 식별자입니다. [C:\__Dev\dcmtk-3.6.7\build\CMakeFiles\CMakeTmp\cmTC_1fc79.vcxproj]
  C:\__Dev\dcmtk-3.6.7\build\CMakeTmp\CheckSymbolExists.cxx(22,10): error C2146: 구문 오류: ';'이(가) 'definition' 식별자 앞에 없습니다. [C:\__Dev\dcmtk-3.6.7\build\CMakeFiles\CMakeTmp\cmTC_1fc79.vcxproj]
  C:\__Dev\dcmtk-3.6.7\build\CMakeTmp\CheckSymbolExists.cxx(22,10): error C2065: 'definition': 선언되지 않은 식별자입니다. [C:\__Dev\dcmtk-3.6.7\build\CMakeFiles\CMakeTmp\cmTC_1fc79.vcxproj]

    경고 0개
    오류 3개

경과 시간: 00:00:00.85


File C:/__Dev/dcmtk-3.6.7/build/CMakeTmp/CheckSymbolExists.cxx:
/* */
#include <io.h>
#include <math.h>
#include <process.h>
#include <stdlib.h>
#include <stdint.h>
#include <stddef.h>
#include <string.h>
#include <sys/types.h>
#include <sys/stat.h>
#include <sys/timeb.h>
#include <stdarg.h>
#include <stdio.h>
#include <winsock2.h>
#include <ws2tcpip.h>
#include <windows.h>
#include <winsock.h>
#include <fenv.h>

int main()
{
fpos64_t definition;return 0;
}

Determining if the off64_t definition exist failed with the following output:
Change Dir: C:/__Dev/dcmtk-3.6.7/build/CMakeFiles/CMakeTmp

Run Build Command(s):C:/Program Files/Microsoft Visual Studio/2022/Professional/MSBuild/Current/Bin/amd64/MSBuild.exe cmTC_3ce2a.vcxproj /p:Configuration=Release /p:Platform=x64 /p:VisualStudioVersion=17.0 /v:n && MSBuild version 17.6.3+07e294721 for .NET Framework
빌드 시작: 2023-07-05 오전 9:31:05

1 노드의 "C:\__Dev\dcmtk-3.6.7\build\CMakeFiles\CMakeTmp\cmTC_3ce2a.vcxproj" 프로젝트(기본 대상)입니다.
PrepareForBuild:
  "cmTC_3ce2a.dir\Release\" 디렉터리를 만들고 있습니다.
  "C:\__Dev\dcmtk-3.6.7\build\CMakeFiles\CMakeTmp\Release\" 디렉터리를 만들고 있습니다.
  "cmTC_3ce2a.dir\Release\cmTC_3ce2a.tlog\" 디렉터리를 만들고 있습니다.
InitializeBuildStatus:
  "AlwaysCreate"이(가) 지정되었기 때문에 "cmTC_3ce2a.dir\Release\cmTC_3ce2a.tlog\unsuccessfulbuild"을(를) 만들고 있습니다.
VcpkgTripletSelection:
  Using triplet "x64-windows" from "C:\__Dev\vcpkg\installed\x64-windows\"
ClCompile:
  C:\Program Files\Microsoft Visual Studio\2022\Professional\VC\Tools\MSVC\14.36.32532\bin\HostX64\x64\CL.exe /c /I"C:\__Dev\vcpkg\installed\x64-windows\include" /W1 /WX- /diagnostics:column /O2 /Ob2 /D _MBCS /D WIN32 /D _WINDOWS /D NDEBUG /D "CMAKE_INTDIR=\"Release\"" /Gm- /EHsc /MT /GS /fp:precise /Zc:wchar_t /Zc:forScope /Zc:inline /GR /Fo"cmTC_3ce2a.dir\Release\\" /Fd"cmTC_3ce2a.dir\Release\vc143.pdb" /external:W1 /Gd /TP /errorReport:queue "C:\__Dev\dcmtk-3.6.7\build\CMakeTmp\CheckSymbolExists.cxx"
  Microsoft (R) C/C++ 최적화 컴파일러 버전 19.36.32532(x64)
  CheckSymbolExists.cxx
  Copyright (c) Microsoft Corporation. All rights reserved.
  cl /c /I"C:\__Dev\vcpkg\installed\x64-windows\include" /W1 /WX- /diagnostics:column /O2 /Ob2 /D _MBCS /D WIN32 /D _WINDOWS /D NDEBUG /D "CMAKE_INTDIR=\"Release\"" /Gm- /EHsc /MT /GS /fp:precise /Zc:wchar_t /Zc:forScope /Zc:inline /GR /Fo"cmTC_3ce2a.dir\Release\\" /Fd"cmTC_3ce2a.dir\Release\vc143.pdb" /external:W1 /Gd /TP /errorReport:queue "C:\__Dev\dcmtk-3.6.7\build\CMakeTmp\CheckSymbolExists.cxx"
C:\__Dev\dcmtk-3.6.7\build\CMakeTmp\CheckSymbolExists.cxx(22,1): error C2065: 'off64_t': 선언되지 않은 식별자입니다. [C:\__Dev\dcmtk-3.6.7\build\CMakeFiles\CMakeTmp\cmTC_3ce2a.vcxproj]
C:\__Dev\dcmtk-3.6.7\build\CMakeTmp\CheckSymbolExists.cxx(22,9): error C2146: 구문 오류: ';'이(가) 'definition' 식별자 앞에 없습니다. [C:\__Dev\dcmtk-3.6.7\build\CMakeFiles\CMakeTmp\cmTC_3ce2a.vcxproj]
C:\__Dev\dcmtk-3.6.7\build\CMakeTmp\CheckSymbolExists.cxx(22,9): error C2065: 'definition': 선언되지 않은 식별자입니다. [C:\__Dev\dcmtk-3.6.7\build\CMakeFiles\CMakeTmp\cmTC_3ce2a.vcxproj]
"C:\__Dev\dcmtk-3.6.7\build\CMakeFiles\CMakeTmp\cmTC_3ce2a.vcxproj" 프로젝트를 빌드했습니다(기본 대상). - 실패

빌드하지 못했습니다.

"C:\__Dev\dcmtk-3.6.7\build\CMakeFiles\CMakeTmp\cmTC_3ce2a.vcxproj"(기본 대상)(1)->
(ClCompile 대상) -> 
  C:\__Dev\dcmtk-3.6.7\build\CMakeTmp\CheckSymbolExists.cxx(22,1): error C2065: 'off64_t': 선언되지 않은 식별자입니다. [C:\__Dev\dcmtk-3.6.7\build\CMakeFiles\CMakeTmp\cmTC_3ce2a.vcxproj]
  C:\__Dev\dcmtk-3.6.7\build\CMakeTmp\CheckSymbolExists.cxx(22,9): error C2146: 구문 오류: ';'이(가) 'definition' 식별자 앞에 없습니다. [C:\__Dev\dcmtk-3.6.7\build\CMakeFiles\CMakeTmp\cmTC_3ce2a.vcxproj]
  C:\__Dev\dcmtk-3.6.7\build\CMakeTmp\CheckSymbolExists.cxx(22,9): error C2065: 'definition': 선언되지 않은 식별자입니다. [C:\__Dev\dcmtk-3.6.7\build\CMakeFiles\CMakeTmp\cmTC_3ce2a.vcxproj]

    경고 0개
    오류 3개

경과 시간: 00:00:00.84


File C:/__Dev/dcmtk-3.6.7/build/CMakeTmp/CheckSymbolExists.cxx:
/* */
#include <io.h>
#include <math.h>
#include <process.h>
#include <stdlib.h>
#include <stdint.h>
#include <stddef.h>
#include <string.h>
#include <sys/types.h>
#include <sys/stat.h>
#include <sys/timeb.h>
#include <stdarg.h>
#include <stdio.h>
#include <winsock2.h>
#include <ws2tcpip.h>
#include <windows.h>
#include <winsock.h>
#include <fenv.h>

int main()
{
off64_t definition;return 0;
}

Determining if the popen exist failed with the following output:
Change Dir: C:/__Dev/dcmtk-3.6.7/build/CMakeFiles/CMakeTmp

Run Build Command(s):C:/Program Files/Microsoft Visual Studio/2022/Professional/MSBuild/Current/Bin/amd64/MSBuild.exe cmTC_1402c.vcxproj /p:Configuration=Release /p:Platform=x64 /p:VisualStudioVersion=17.0 /v:n && MSBuild version 17.6.3+07e294721 for .NET Framework
빌드 시작: 2023-07-05 오전 9:31:06

1 노드의 "C:\__Dev\dcmtk-3.6.7\build\CMakeFiles\CMakeTmp\cmTC_1402c.vcxproj" 프로젝트(기본 대상)입니다.
PrepareForBuild:
  "cmTC_1402c.dir\Release\" 디렉터리를 만들고 있습니다.
  "C:\__Dev\dcmtk-3.6.7\build\CMakeFiles\CMakeTmp\Release\" 디렉터리를 만들고 있습니다.
  "cmTC_1402c.dir\Release\cmTC_1402c.tlog\" 디렉터리를 만들고 있습니다.
InitializeBuildStatus:
  "AlwaysCreate"이(가) 지정되었기 때문에 "cmTC_1402c.dir\Release\cmTC_1402c.tlog\unsuccessfulbuild"을(를) 만들고 있습니다.
VcpkgTripletSelection:
  Using triplet "x64-windows" from "C:\__Dev\vcpkg\installed\x64-windows\"
ClCompile:
  C:\Program Files\Microsoft Visual Studio\2022\Professional\VC\Tools\MSVC\14.36.32532\bin\HostX64\x64\CL.exe /c /I"C:\__Dev\vcpkg\installed\x64-windows\include" /W1 /WX- /diagnostics:column /O2 /Ob2 /D _MBCS /D WIN32 /D _WINDOWS /D NDEBUG /D "CMAKE_INTDIR=\"Release\"" /Gm- /EHsc /MT /GS /fp:precise /Zc:wchar_t /Zc:forScope /Zc:inline /GR /Fo"cmTC_1402c.dir\Release\\" /Fd"cmTC_1402c.dir\Release\vc143.pdb" /external:W1 /Gd /TP /errorReport:queue "C:\__Dev\dcmtk-3.6.7\build\CMakeTmp\CheckSymbolExists.cxx"
  Microsoft (R) C/C++ 최적화 컴파일러 버전 19.36.32532(x64)
  CheckSymbolExists.cxx
  Copyright (c) Microsoft Corporation. All rights reserved.
  cl /c /I"C:\__Dev\vcpkg\installed\x64-windows\include" /W1 /WX- /diagnostics:column /O2 /Ob2 /D _MBCS /D WIN32 /D _WINDOWS /D NDEBUG /D "CMAKE_INTDIR=\"Release\"" /Gm- /EHsc /MT /GS /fp:precise /Zc:wchar_t /Zc:forScope /Zc:inline /GR /Fo"cmTC_1402c.dir\Release\\" /Fd"cmTC_1402c.dir\Release\vc143.pdb" /external:W1 /Gd /TP /errorReport:queue "C:\__Dev\dcmtk-3.6.7\build\CMakeTmp\CheckSymbolExists.cxx"
C:\__Dev\dcmtk-3.6.7\build\CMakeTmp\CheckSymbolExists.cxx(22,1): error C2065: 'popen': 선언되지 않은 식별자입니다. [C:\__Dev\dcmtk-3.6.7\build\CMakeFiles\CMakeTmp\cmTC_1402c.vcxproj]
"C:\__Dev\dcmtk-3.6.7\build\CMakeFiles\CMakeTmp\cmTC_1402c.vcxproj" 프로젝트를 빌드했습니다(기본 대상). - 실패

빌드하지 못했습니다.

"C:\__Dev\dcmtk-3.6.7\build\CMakeFiles\CMakeTmp\cmTC_1402c.vcxproj"(기본 대상)(1)->
(ClCompile 대상) -> 
  C:\__Dev\dcmtk-3.6.7\build\CMakeTmp\CheckSymbolExists.cxx(22,1): error C2065: 'popen': 선언되지 않은 식별자입니다. [C:\__Dev\dcmtk-3.6.7\build\CMakeFiles\CMakeTmp\cmTC_1402c.vcxproj]

    경고 0개
    오류 1개

경과 시간: 00:00:00.85


File C:/__Dev/dcmtk-3.6.7/build/CMakeTmp/CheckSymbolExists.cxx:
/* */
#include <io.h>
#include <math.h>
#include <process.h>
#include <stdlib.h>
#include <stdint.h>
#include <stddef.h>
#include <string.h>
#include <sys/types.h>
#include <sys/stat.h>
#include <sys/timeb.h>
#include <stdarg.h>
#include <stdio.h>
#include <winsock2.h>
#include <ws2tcpip.h>
#include <windows.h>
#include <winsock.h>
#include <fenv.h>

int main()
{
popen;return 0;
}

Determining if the pclose exist failed with the following output:
Change Dir: C:/__Dev/dcmtk-3.6.7/build/CMakeFiles/CMakeTmp

Run Build Command(s):C:/Program Files/Microsoft Visual Studio/2022/Professional/MSBuild/Current/Bin/amd64/MSBuild.exe cmTC_6c696.vcxproj /p:Configuration=Release /p:Platform=x64 /p:VisualStudioVersion=17.0 /v:n && MSBuild version 17.6.3+07e294721 for .NET Framework
빌드 시작: 2023-07-05 오전 9:31:07

1 노드의 "C:\__Dev\dcmtk-3.6.7\build\CMakeFiles\CMakeTmp\cmTC_6c696.vcxproj" 프로젝트(기본 대상)입니다.
PrepareForBuild:
  "cmTC_6c696.dir\Release\" 디렉터리를 만들고 있습니다.
  "C:\__Dev\dcmtk-3.6.7\build\CMakeFiles\CMakeTmp\Release\" 디렉터리를 만들고 있습니다.
  "cmTC_6c696.dir\Release\cmTC_6c696.tlog\" 디렉터리를 만들고 있습니다.
InitializeBuildStatus:
  "AlwaysCreate"이(가) 지정되었기 때문에 "cmTC_6c696.dir\Release\cmTC_6c696.tlog\unsuccessfulbuild"을(를) 만들고 있습니다.
VcpkgTripletSelection:
  Using triplet "x64-windows" from "C:\__Dev\vcpkg\installed\x64-windows\"
ClCompile:
  C:\Program Files\Microsoft Visual Studio\2022\Professional\VC\Tools\MSVC\14.36.32532\bin\HostX64\x64\CL.exe /c /I"C:\__Dev\vcpkg\installed\x64-windows\include" /W1 /WX- /diagnostics:column /O2 /Ob2 /D _MBCS /D WIN32 /D _WINDOWS /D NDEBUG /D "CMAKE_INTDIR=\"Release\"" /Gm- /EHsc /MT /GS /fp:precise /Zc:wchar_t /Zc:forScope /Zc:inline /GR /Fo"cmTC_6c696.dir\Release\\" /Fd"cmTC_6c696.dir\Release\vc143.pdb" /external:W1 /Gd /TP /errorReport:queue "C:\__Dev\dcmtk-3.6.7\build\CMakeTmp\CheckSymbolExists.cxx"
  Microsoft (R) C/C++ 최적화 컴파일러 버전 19.36.32532(x64)
  CheckSymbolExists.cxx
  Copyright (c) Microsoft Corporation. All rights reserved.
  cl /c /I"C:\__Dev\vcpkg\installed\x64-windows\include" /W1 /WX- /diagnostics:column /O2 /Ob2 /D _MBCS /D WIN32 /D _WINDOWS /D NDEBUG /D "CMAKE_INTDIR=\"Release\"" /Gm- /EHsc /MT /GS /fp:precise /Zc:wchar_t /Zc:forScope /Zc:inline /GR /Fo"cmTC_6c696.dir\Release\\" /Fd"cmTC_6c696.dir\Release\vc143.pdb" /external:W1 /Gd /TP /errorReport:queue "C:\__Dev\dcmtk-3.6.7\build\CMakeTmp\CheckSymbolExists.cxx"
C:\__Dev\dcmtk-3.6.7\build\CMakeTmp\CheckSymbolExists.cxx(22,1): error C2065: 'pclose': 선언되지 않은 식별자입니다. [C:\__Dev\dcmtk-3.6.7\build\CMakeFiles\CMakeTmp\cmTC_6c696.vcxproj]
"C:\__Dev\dcmtk-3.6.7\build\CMakeFiles\CMakeTmp\cmTC_6c696.vcxproj" 프로젝트를 빌드했습니다(기본 대상). - 실패

빌드하지 못했습니다.

"C:\__Dev\dcmtk-3.6.7\build\CMakeFiles\CMakeTmp\cmTC_6c696.vcxproj"(기본 대상)(1)->
(ClCompile 대상) -> 
  C:\__Dev\dcmtk-3.6.7\build\CMakeTmp\CheckSymbolExists.cxx(22,1): error C2065: 'pclose': 선언되지 않은 식별자입니다. [C:\__Dev\dcmtk-3.6.7\build\CMakeFiles\CMakeTmp\cmTC_6c696.vcxproj]

    경고 0개
    오류 1개

경과 시간: 00:00:00.86


File C:/__Dev/dcmtk-3.6.7/build/CMakeTmp/CheckSymbolExists.cxx:
/* */
#include <io.h>
#include <math.h>
#include <process.h>
#include <stdlib.h>
#include <stdint.h>
#include <stddef.h>
#include <string.h>
#include <sys/types.h>
#include <sys/stat.h>
#include <sys/timeb.h>
#include <stdarg.h>
#include <stdio.h>
#include <winsock2.h>
#include <ws2tcpip.h>
#include <windows.h>
#include <winsock.h>
#include <fenv.h>

int main()
{
pclose;return 0;
}

Determining if the sigjmp_buf definition exist failed with the following output:
Change Dir: C:/__Dev/dcmtk-3.6.7/build/CMakeFiles/CMakeTmp

Run Build Command(s):C:/Program Files/Microsoft Visual Studio/2022/Professional/MSBuild/Current/Bin/amd64/MSBuild.exe cmTC_6df21.vcxproj /p:Configuration=Release /p:Platform=x64 /p:VisualStudioVersion=17.0 /v:n && MSBuild version 17.6.3+07e294721 for .NET Framework
빌드 시작: 2023-07-05 오전 9:31:09

1 노드의 "C:\__Dev\dcmtk-3.6.7\build\CMakeFiles\CMakeTmp\cmTC_6df21.vcxproj" 프로젝트(기본 대상)입니다.
PrepareForBuild:
  "cmTC_6df21.dir\Release\" 디렉터리를 만들고 있습니다.
  "C:\__Dev\dcmtk-3.6.7\build\CMakeFiles\CMakeTmp\Release\" 디렉터리를 만들고 있습니다.
  "cmTC_6df21.dir\Release\cmTC_6df21.tlog\" 디렉터리를 만들고 있습니다.
InitializeBuildStatus:
  "AlwaysCreate"이(가) 지정되었기 때문에 "cmTC_6df21.dir\Release\cmTC_6df21.tlog\unsuccessfulbuild"을(를) 만들고 있습니다.
VcpkgTripletSelection:
  Using triplet "x64-windows" from "C:\__Dev\vcpkg\installed\x64-windows\"
ClCompile:
  C:\Program Files\Microsoft Visual Studio\2022\Professional\VC\Tools\MSVC\14.36.32532\bin\HostX64\x64\CL.exe /c /I"C:\__Dev\vcpkg\installed\x64-windows\include" /W1 /WX- /diagnostics:column /O2 /Ob2 /D _MBCS /D WIN32 /D _WINDOWS /D NDEBUG /D "CMAKE_INTDIR=\"Release\"" /Gm- /EHsc /MT /GS /fp:precise /Zc:wchar_t /Zc:forScope /Zc:inline /GR /Fo"cmTC_6df21.dir\Release\\" /Fd"cmTC_6df21.dir\Release\vc143.pdb" /external:W1 /Gd /TP /errorReport:queue "C:\__Dev\dcmtk-3.6.7\build\CMakeTmp\CheckSymbolExists.cxx"
  Microsoft (R) C/C++ 최적화 컴파일러 버전 19.36.32532(x64)
  CheckSymbolExists.cxx
  Copyright (c) Microsoft Corporation. All rights reserved.
  cl /c /I"C:\__Dev\vcpkg\installed\x64-windows\include" /W1 /WX- /diagnostics:column /O2 /Ob2 /D _MBCS /D WIN32 /D _WINDOWS /D NDEBUG /D "CMAKE_INTDIR=\"Release\"" /Gm- /EHsc /MT /GS /fp:precise /Zc:wchar_t /Zc:forScope /Zc:inline /GR /Fo"cmTC_6df21.dir\Release\\" /Fd"cmTC_6df21.dir\Release\vc143.pdb" /external:W1 /Gd /TP /errorReport:queue "C:\__Dev\dcmtk-3.6.7\build\CMakeTmp\CheckSymbolExists.cxx"
C:\__Dev\dcmtk-3.6.7\build\CMakeTmp\CheckSymbolExists.cxx(6,1): error C2065: 'sigjmp_buf': 선언되지 않은 식별자입니다. [C:\__Dev\dcmtk-3.6.7\build\CMakeFiles\CMakeTmp\cmTC_6df21.vcxproj]
C:\__Dev\dcmtk-3.6.7\build\CMakeTmp\CheckSymbolExists.cxx(6,12): error C2146: 구문 오류: ';'이(가) 'definition' 식별자 앞에 없습니다. [C:\__Dev\dcmtk-3.6.7\build\CMakeFiles\CMakeTmp\cmTC_6df21.vcxproj]
C:\__Dev\dcmtk-3.6.7\build\CMakeTmp\CheckSymbolExists.cxx(6,12): error C2065: 'definition': 선언되지 않은 식별자입니다. [C:\__Dev\dcmtk-3.6.7\build\CMakeFiles\CMakeTmp\cmTC_6df21.vcxproj]
"C:\__Dev\dcmtk-3.6.7\build\CMakeFiles\CMakeTmp\cmTC_6df21.vcxproj" 프로젝트를 빌드했습니다(기본 대상). - 실패

빌드하지 못했습니다.

"C:\__Dev\dcmtk-3.6.7\build\CMakeFiles\CMakeTmp\cmTC_6df21.vcxproj"(기본 대상)(1)->
(ClCompile 대상) -> 
  C:\__Dev\dcmtk-3.6.7\build\CMakeTmp\CheckSymbolExists.cxx(6,1): error C2065: 'sigjmp_buf': 선언되지 않은 식별자입니다. [C:\__Dev\dcmtk-3.6.7\build\CMakeFiles\CMakeTmp\cmTC_6df21.vcxproj]
  C:\__Dev\dcmtk-3.6.7\build\CMakeTmp\CheckSymbolExists.cxx(6,12): error C2146: 구문 오류: ';'이(가) 'definition' 식별자 앞에 없습니다. [C:\__Dev\dcmtk-3.6.7\build\CMakeFiles\CMakeTmp\cmTC_6df21.vcxproj]
  C:\__Dev\dcmtk-3.6.7\build\CMakeTmp\CheckSymbolExists.cxx(6,12): error C2065: 'definition': 선언되지 않은 식별자입니다. [C:\__Dev\dcmtk-3.6.7\build\CMakeFiles\CMakeTmp\cmTC_6df21.vcxproj]

    경고 0개
    오류 3개

경과 시간: 00:00:00.38


File C:/__Dev/dcmtk-3.6.7/build/CMakeTmp/CheckSymbolExists.cxx:
/* */
#include <setjmp.h>

int main()
{
sigjmp_buf definition;return 0;
}

char is signed failed with the following output:
Change Dir: C:/__Dev/dcmtk-3.6.7/build/CMakeFiles/CMakeTmp

Run Build Command(s):C:/Program Files/Microsoft Visual Studio/2022/Professional/MSBuild/Current/Bin/amd64/MSBuild.exe cmTC_2644b.vcxproj /p:Configuration=Release /p:Platform=x64 /p:VisualStudioVersion=17.0 /v:n && MSBuild version 17.6.3+07e294721 for .NET Framework
빌드 시작: 2023-07-05 오전 9:31:11

1 노드의 "C:\__Dev\dcmtk-3.6.7\build\CMakeFiles\CMakeTmp\cmTC_2644b.vcxproj" 프로젝트(기본 대상)입니다.
PrepareForBuild:
  "cmTC_2644b.dir\Release\" 디렉터리를 만들고 있습니다.
  "C:\__Dev\dcmtk-3.6.7\build\CMakeFiles\CMakeTmp\Release\" 디렉터리를 만들고 있습니다.
  "cmTC_2644b.dir\Release\cmTC_2644b.tlog\" 디렉터리를 만들고 있습니다.
InitializeBuildStatus:
  "AlwaysCreate"이(가) 지정되었기 때문에 "cmTC_2644b.dir\Release\cmTC_2644b.tlog\unsuccessfulbuild"을(를) 만들고 있습니다.
VcpkgTripletSelection:
  Using triplet "x64-windows" from "C:\__Dev\vcpkg\installed\x64-windows\"
ClCompile:
  C:\Program Files\Microsoft Visual Studio\2022\Professional\VC\Tools\MSVC\14.36.32532\bin\HostX64\x64\CL.exe /c /I"C:\__Dev\vcpkg\installed\x64-windows\include" /W1 /WX- /diagnostics:column /O2 /Ob2 /D _MBCS /D WIN32 /D _WINDOWS /D NDEBUG /D "CMAKE_INTDIR=\"Release\"" /Gm- /EHsc /MT /GS /fp:precise /Zc:wchar_t /Zc:forScope /Zc:inline /GR /Fo"cmTC_2644b.dir\Release\\" /Fd"cmTC_2644b.dir\Release\vc143.pdb" /external:W1 /Gd /TP /errorReport:queue "C:\__Dev\dcmtk-3.6.7\build\CMakeFiles\CMakeTmp\src.cxx"
  Microsoft (R) C/C++ 최적화 컴파일러 버전 19.36.32532(x64)
  src.cxx
  Copyright (c) Microsoft Corporation. All rights reserved.
  cl /c /I"C:\__Dev\vcpkg\installed\x64-windows\include" /W1 /WX- /diagnostics:column /O2 /Ob2 /D _MBCS /D WIN32 /D _WINDOWS /D NDEBUG /D "CMAKE_INTDIR=\"Release\"" /Gm- /EHsc /MT /GS /fp:precise /Zc:wchar_t /Zc:forScope /Zc:inline /GR /Fo"cmTC_2644b.dir\Release\\" /Fd"cmTC_2644b.dir\Release\vc143.pdb" /external:W1 /Gd /TP /errorReport:queue "C:\__Dev\dcmtk-3.6.7\build\CMakeFiles\CMakeTmp\src.cxx"
C:\__Dev\dcmtk-3.6.7\build\CMakeFiles\CMakeTmp\src.cxx(5,53): error C2131: 식이 상수로 계산되지 않았습니다. [C:\__Dev\dcmtk-3.6.7\build\CMakeFiles\CMakeTmp\cmTC_2644b.vcxproj]
C:\__Dev\dcmtk-3.6.7\build\CMakeFiles\CMakeTmp\src.cxx(5,48): message : reinterpret_cast를 계산하여 오류가 발생했습니다. [C:\__Dev\dcmtk-3.6.7\build\CMakeFiles\CMakeTmp\cmTC_2644b.vcxproj]
"C:\__Dev\dcmtk-3.6.7\build\CMakeFiles\CMakeTmp\cmTC_2644b.vcxproj" 프로젝트를 빌드했습니다(기본 대상). - 실패

빌드하지 못했습니다.

"C:\__Dev\dcmtk-3.6.7\build\CMakeFiles\CMakeTmp\cmTC_2644b.vcxproj"(기본 대상)(1)->
(ClCompile 대상) -> 
  C:\__Dev\dcmtk-3.6.7\build\CMakeFiles\CMakeTmp\src.cxx(5,53): error C2131: 식이 상수로 계산되지 않았습니다. [C:\__Dev\dcmtk-3.6.7\build\CMakeFiles\CMakeTmp\cmTC_2644b.vcxproj]

    경고 0개
    오류 1개

경과 시간: 00:00:00.37


strerror_r returns an int failed with the following output:
Change Dir: C:/__Dev/dcmtk-3.6.7/build/CMakeFiles/CMakeTmp

Run Build Command(s):C:/Program Files/Microsoft Visual Studio/2022/Professional/MSBuild/Current/Bin/amd64/MSBuild.exe cmTC_b6069.vcxproj /p:Configuration=Release /p:Platform=x64 /p:VisualStudioVersion=17.0 /v:n && MSBuild version 17.6.3+07e294721 for .NET Framework
빌드 시작: 2023-07-05 오전 9:31:15

1 노드의 "C:\__Dev\dcmtk-3.6.7\build\CMakeFiles\CMakeTmp\cmTC_b6069.vcxproj" 프로젝트(기본 대상)입니다.
PrepareForBuild:
  "cmTC_b6069.dir\Release\" 디렉터리를 만들고 있습니다.
  "C:\__Dev\dcmtk-3.6.7\build\CMakeFiles\CMakeTmp\Release\" 디렉터리를 만들고 있습니다.
  "cmTC_b6069.dir\Release\cmTC_b6069.tlog\" 디렉터리를 만들고 있습니다.
InitializeBuildStatus:
  "AlwaysCreate"이(가) 지정되었기 때문에 "cmTC_b6069.dir\Release\cmTC_b6069.tlog\unsuccessfulbuild"을(를) 만들고 있습니다.
VcpkgTripletSelection:
  Using triplet "x64-windows" from "C:\__Dev\vcpkg\installed\x64-windows\"
ClCompile:
  C:\Program Files\Microsoft Visual Studio\2022\Professional\VC\Tools\MSVC\14.36.32532\bin\HostX64\x64\CL.exe /c /I"C:\__Dev\vcpkg\installed\x64-windows\include" /W1 /WX- /diagnostics:column /O2 /Ob2 /D _MBCS /D WIN32 /D _WINDOWS /D NDEBUG /D "CMAKE_INTDIR=\"Release\"" /Gm- /EHsc /MT /GS /fp:precise /Zc:wchar_t /Zc:forScope /Zc:inline /GR /Fo"cmTC_b6069.dir\Release\\" /Fd"cmTC_b6069.dir\Release\vc143.pdb" /external:W1 /Gd /TP /errorReport:queue "C:\__Dev\dcmtk-3.6.7\build\CMakeFiles\CMakeTmp\src.cxx"
  Microsoft (R) C/C++ 최적화 컴파일러 버전 19.36.32532(x64)
  src.cxx
  Copyright (c) Microsoft Corporation. All rights reserved.
  cl /c /I"C:\__Dev\vcpkg\installed\x64-windows\include" /W1 /WX- /diagnostics:column /O2 /Ob2 /D _MBCS /D WIN32 /D _WINDOWS /D NDEBUG /D "CMAKE_INTDIR=\"Release\"" /Gm- /EHsc /MT /GS /fp:precise /Zc:wchar_t /Zc:forScope /Zc:inline /GR /Fo"cmTC_b6069.dir\Release\\" /Fd"cmTC_b6069.dir\Release\vc143.pdb" /external:W1 /Gd /TP /errorReport:queue "C:\__Dev\dcmtk-3.6.7\build\CMakeFiles\CMakeTmp\src.cxx"
C:\__Dev\dcmtk-3.6.7\build\CMakeFiles\CMakeTmp\src.cxx(6,13): error C3861: 'strerror_r': 식별자를 찾을 수 없습니다. [C:\__Dev\dcmtk-3.6.7\build\CMakeFiles\CMakeTmp\cmTC_b6069.vcxproj]
"C:\__Dev\dcmtk-3.6.7\build\CMakeFiles\CMakeTmp\cmTC_b6069.vcxproj" 프로젝트를 빌드했습니다(기본 대상). - 실패

빌드하지 못했습니다.

"C:\__Dev\dcmtk-3.6.7\build\CMakeFiles\CMakeTmp\cmTC_b6069.vcxproj"(기본 대상)(1)->
(ClCompile 대상) -> 
  C:\__Dev\dcmtk-3.6.7\build\CMakeFiles\CMakeTmp\src.cxx(6,13): error C3861: 'strerror_r': 식별자를 찾을 수 없습니다. [C:\__Dev\dcmtk-3.6.7\build\CMakeFiles\CMakeTmp\cmTC_b6069.vcxproj]

    경고 0개
    오류 1개

경과 시간: 00:00:00.43


variable length arrays are supported failed with the following output:
Change Dir: C:/__Dev/dcmtk-3.6.7/build/CMakeFiles/CMakeTmp

Run Build Command(s):C:/Program Files/Microsoft Visual Studio/2022/Professional/MSBuild/Current/Bin/amd64/MSBuild.exe cmTC_44133.vcxproj /p:Configuration=Release /p:Platform=x64 /p:VisualStudioVersion=17.0 /v:n && MSBuild version 17.6.3+07e294721 for .NET Framework
빌드 시작: 2023-07-05 오전 9:31:15

1 노드의 "C:\__Dev\dcmtk-3.6.7\build\CMakeFiles\CMakeTmp\cmTC_44133.vcxproj" 프로젝트(기본 대상)입니다.
PrepareForBuild:
  "cmTC_44133.dir\Release\" 디렉터리를 만들고 있습니다.
  "C:\__Dev\dcmtk-3.6.7\build\CMakeFiles\CMakeTmp\Release\" 디렉터리를 만들고 있습니다.
  "cmTC_44133.dir\Release\cmTC_44133.tlog\" 디렉터리를 만들고 있습니다.
InitializeBuildStatus:
  "AlwaysCreate"이(가) 지정되었기 때문에 "cmTC_44133.dir\Release\cmTC_44133.tlog\unsuccessfulbuild"을(를) 만들고 있습니다.
VcpkgTripletSelection:
  Using triplet "x64-windows" from "C:\__Dev\vcpkg\installed\x64-windows\"
ClCompile:
  C:\Program Files\Microsoft Visual Studio\2022\Professional\VC\Tools\MSVC\14.36.32532\bin\HostX64\x64\CL.exe /c /I"C:\__Dev\vcpkg\installed\x64-windows\include" /W1 /WX- /diagnostics:column /O2 /Ob2 /D _MBCS /D WIN32 /D _WINDOWS /D NDEBUG /D "CMAKE_INTDIR=\"Release\"" /Gm- /EHsc /MT /GS /fp:precise /Zc:wchar_t /Zc:forScope /Zc:inline /GR /Fo"cmTC_44133.dir\Release\\" /Fd"cmTC_44133.dir\Release\vc143.pdb" /external:W1 /Gd /TP /errorReport:queue "C:\__Dev\dcmtk-3.6.7\build\CMakeFiles\CMakeTmp\src.cxx"
  Microsoft (R) C/C++ 최적화 컴파일러 버전 19.36.32532(x64)
  src.cxx
  Copyright (c) Microsoft Corporation. All rights reserved.
  cl /c /I"C:\__Dev\vcpkg\installed\x64-windows\include" /W1 /WX- /diagnostics:column /O2 /Ob2 /D _MBCS /D WIN32 /D _WINDOWS /D NDEBUG /D "CMAKE_INTDIR=\"Release\"" /Gm- /EHsc /MT /GS /fp:precise /Zc:wchar_t /Zc:forScope /Zc:inline /GR /Fo"cmTC_44133.dir\Release\\" /Fd"cmTC_44133.dir\Release\vc143.pdb" /external:W1 /Gd /TP /errorReport:queue "C:\__Dev\dcmtk-3.6.7\build\CMakeFiles\CMakeTmp\src.cxx"
C:\__Dev\dcmtk-3.6.7\build\CMakeFiles\CMakeTmp\src.cxx(4,13): error C2131: 식이 상수로 계산되지 않았습니다. [C:\__Dev\dcmtk-3.6.7\build\CMakeFiles\CMakeTmp\cmTC_44133.vcxproj]
C:\__Dev\dcmtk-3.6.7\build\CMakeFiles\CMakeTmp\src.cxx(4,13): message : 수명을 벗어난 변수 읽기로 인해 오류가 발생했습니다. [C:\__Dev\dcmtk-3.6.7\build\CMakeFiles\CMakeTmp\cmTC_44133.vcxproj]
C:\__Dev\dcmtk-3.6.7\build\CMakeFiles\CMakeTmp\src.cxx(4,13): message : 'n' 사용량 참조 [C:\__Dev\dcmtk-3.6.7\build\CMakeFiles\CMakeTmp\cmTC_44133.vcxproj]
"C:\__Dev\dcmtk-3.6.7\build\CMakeFiles\CMakeTmp\cmTC_44133.vcxproj" 프로젝트를 빌드했습니다(기본 대상). - 실패

빌드하지 못했습니다.

"C:\__Dev\dcmtk-3.6.7\build\CMakeFiles\CMakeTmp\cmTC_44133.vcxproj"(기본 대상)(1)->
(ClCompile 대상) -> 
  C:\__Dev\dcmtk-3.6.7\build\CMakeFiles\CMakeTmp\src.cxx(4,13): error C2131: 식이 상수로 계산되지 않았습니다. [C:\__Dev\dcmtk-3.6.7\build\CMakeFiles\CMakeTmp\cmTC_44133.vcxproj]

    경고 0개
    오류 1개

경과 시간: 00:00:00.37


std::ios::nocreate exists failed with the following output:
Change Dir: C:/__Dev/dcmtk-3.6.7/build/CMakeFiles/CMakeTmp

Run Build Command(s):C:/Program Files/Microsoft Visual Studio/2022/Professional/MSBuild/Current/Bin/amd64/MSBuild.exe cmTC_bdc37.vcxproj /p:Configuration=Release /p:Platform=x64 /p:VisualStudioVersion=17.0 /v:n && MSBuild version 17.6.3+07e294721 for .NET Framework
빌드 시작: 2023-07-05 오전 9:31:16

1 노드의 "C:\__Dev\dcmtk-3.6.7\build\CMakeFiles\CMakeTmp\cmTC_bdc37.vcxproj" 프로젝트(기본 대상)입니다.
PrepareForBuild:
  "cmTC_bdc37.dir\Release\" 디렉터리를 만들고 있습니다.
  "C:\__Dev\dcmtk-3.6.7\build\CMakeFiles\CMakeTmp\Release\" 디렉터리를 만들고 있습니다.
  "cmTC_bdc37.dir\Release\cmTC_bdc37.tlog\" 디렉터리를 만들고 있습니다.
InitializeBuildStatus:
  "AlwaysCreate"이(가) 지정되었기 때문에 "cmTC_bdc37.dir\Release\cmTC_bdc37.tlog\unsuccessfulbuild"을(를) 만들고 있습니다.
VcpkgTripletSelection:
  Using triplet "x64-windows" from "C:\__Dev\vcpkg\installed\x64-windows\"
ClCompile:
  C:\Program Files\Microsoft Visual Studio\2022\Professional\VC\Tools\MSVC\14.36.32532\bin\HostX64\x64\CL.exe /c /I"C:\__Dev\vcpkg\installed\x64-windows\include" /W1 /WX- /diagnostics:column /O2 /Ob2 /D _MBCS /D WIN32 /D _WINDOWS /D NDEBUG /D "CMAKE_INTDIR=\"Release\"" /Gm- /EHsc /MT /GS /fp:precise /Zc:wchar_t /Zc:forScope /Zc:inline /GR /Fo"cmTC_bdc37.dir\Release\\" /Fd"cmTC_bdc37.dir\Release\vc143.pdb" /external:W1 /Gd /TP /errorReport:queue "C:\__Dev\dcmtk-3.6.7\build\CMakeFiles\CMakeTmp\src.cxx"
  Microsoft (R) C/C++ 최적화 컴파일러 버전 19.36.32532(x64)
  src.cxx
  Copyright (c) Microsoft Corporation. All rights reserved.
  cl /c /I"C:\__Dev\vcpkg\installed\x64-windows\include" /W1 /WX- /diagnostics:column /O2 /Ob2 /D _MBCS /D WIN32 /D _WINDOWS /D NDEBUG /D "CMAKE_INTDIR=\"Release\"" /Gm- /EHsc /MT /GS /fp:precise /Zc:wchar_t /Zc:forScope /Zc:inline /GR /Fo"cmTC_bdc37.dir\Release\\" /Fd"cmTC_bdc37.dir\Release\vc143.pdb" /external:W1 /Gd /TP /errorReport:queue "C:\__Dev\dcmtk-3.6.7\build\CMakeFiles\CMakeTmp\src.cxx"
C:\__Dev\dcmtk-3.6.7\build\CMakeFiles\CMakeTmp\src.cxx(7,40): error C2039: 'nocreate': 'std::basic_ios<char,std::char_traits<char>>'의 멤버가 아닙니다. [C:\__Dev\dcmtk-3.6.7\build\CMakeFiles\CMakeTmp\cmTC_bdc37.vcxproj]
C:\Program Files\Microsoft Visual Studio\2022\Professional\VC\Tools\MSVC\14.36.32532\include\iosfwd(235,35): message : 'std::basic_ios<char,std::char_traits<char>>' 선언을 참조하십시오. [C:\__Dev\dcmtk-3.6.7\build\CMakeFiles\CMakeTmp\cmTC_bdc37.vcxproj]
C:\__Dev\dcmtk-3.6.7\build\CMakeFiles\CMakeTmp\src.cxx(7,48): error C2065: 'nocreate': 선언되지 않은 식별자입니다. [C:\__Dev\dcmtk-3.6.7\build\CMakeFiles\CMakeTmp\cmTC_bdc37.vcxproj]
"C:\__Dev\dcmtk-3.6.7\build\CMakeFiles\CMakeTmp\cmTC_bdc37.vcxproj" 프로젝트를 빌드했습니다(기본 대상). - 실패

빌드하지 못했습니다.

"C:\__Dev\dcmtk-3.6.7\build\CMakeFiles\CMakeTmp\cmTC_bdc37.vcxproj"(기본 대상)(1)->
(ClCompile 대상) -> 
  C:\__Dev\dcmtk-3.6.7\build\CMakeFiles\CMakeTmp\src.cxx(7,40): error C2039: 'nocreate': 'std::basic_ios<char,std::char_traits<char>>'의 멤버가 아닙니다. [C:\__Dev\dcmtk-3.6.7\build\CMakeFiles\CMakeTmp\cmTC_bdc37.vcxproj]
  C:\__Dev\dcmtk-3.6.7\build\CMakeFiles\CMakeTmp\src.cxx(7,48): error C2065: 'nocreate': 선언되지 않은 식별자입니다. [C:\__Dev\dcmtk-3.6.7\build\CMakeFiles\CMakeTmp\cmTC_bdc37.vcxproj]

    경고 0개
    오류 2개

경과 시간: 00:00:00.63


compiling "C:\__Dev\dcmtk-3.6.7\config\tests\lfs64.cc" failed with the following output:
Change Dir: C:/__Dev/dcmtk-3.6.7/build/CMakeFiles/CMakeTmp

Run Build Command(s):C:/Program Files/Microsoft Visual Studio/2022/Professional/MSBuild/Current/Bin/amd64/MSBuild.exe cmTC_bb30f.vcxproj /p:Configuration=Release /p:Platform=x64 /p:VisualStudioVersion=17.0 /v:n && MSBuild version 17.6.3+07e294721 for .NET Framework
빌드 시작: 2023-07-05 오전 9:31:17

1 노드의 "C:\__Dev\dcmtk-3.6.7\build\CMakeFiles\CMakeTmp\cmTC_bb30f.vcxproj" 프로젝트(기본 대상)입니다.
PrepareForBuild:
  "cmTC_bb30f.dir\Release\" 디렉터리를 만들고 있습니다.
  "C:\__Dev\dcmtk-3.6.7\build\CMakeFiles\CMakeTmp\Release\" 디렉터리를 만들고 있습니다.
  "cmTC_bb30f.dir\Release\cmTC_bb30f.tlog\" 디렉터리를 만들고 있습니다.
InitializeBuildStatus:
  "AlwaysCreate"이(가) 지정되었기 때문에 "cmTC_bb30f.dir\Release\cmTC_bb30f.tlog\unsuccessfulbuild"을(를) 만들고 있습니다.
VcpkgTripletSelection:
  Using triplet "x64-windows" from "C:\__Dev\vcpkg\installed\x64-windows\"
ClCompile:
  C:\Program Files\Microsoft Visual Studio\2022\Professional\VC\Tools\MSVC\14.36.32532\bin\HostX64\x64\CL.exe /c /I"C:\__Dev\vcpkg\installed\x64-windows\include" /W1 /WX- /diagnostics:column /O2 /Ob2 /D _MBCS /D WIN32 /D _WINDOWS /D NDEBUG /D "CMAKE_INTDIR=\"Release\"" /Gm- /EHsc /MT /GS /fp:precise /Zc:wchar_t /Zc:forScope /Zc:inline /GR /Fo"cmTC_bb30f.dir\Release\\" /Fd"cmTC_bb30f.dir\Release\vc143.pdb" /external:W1 /Gd /TP /errorReport:queue "C:\__Dev\dcmtk-3.6.7\config\tests\lfs64.cc"
  Microsoft (R) C/C++ 최적화 컴파일러 버전 19.36.32532(x64)
  lfs64.cc
  Copyright (c) Microsoft Corporation. All rights reserved.
  cl /c /I"C:\__Dev\vcpkg\installed\x64-windows\include" /W1 /WX- /diagnostics:column /O2 /Ob2 /D _MBCS /D WIN32 /D _WINDOWS /D NDEBUG /D "CMAKE_INTDIR=\"Release\"" /Gm- /EHsc /MT /GS /fp:precise /Zc:wchar_t /Zc:forScope /Zc:inline /GR /Fo"cmTC_bb30f.dir\Release\\" /Fd"cmTC_bb30f.dir\Release\vc143.pdb" /external:W1 /Gd /TP /errorReport:queue "C:\__Dev\dcmtk-3.6.7\config\tests\lfs64.cc"
C:\__Dev\dcmtk-3.6.7\config\tests\lfs64.cc(27,13): error C3861: 'fopen64': 식별자를 찾을 수 없습니다. [C:\__Dev\dcmtk-3.6.7\build\CMakeFiles\CMakeTmp\cmTC_bb30f.vcxproj]
"C:\__Dev\dcmtk-3.6.7\build\CMakeFiles\CMakeTmp\cmTC_bb30f.vcxproj" 프로젝트를 빌드했습니다(기본 대상). - 실패

빌드하지 못했습니다.

"C:\__Dev\dcmtk-3.6.7\build\CMakeFiles\CMakeTmp\cmTC_bb30f.vcxproj"(기본 대상)(1)->
(ClCompile 대상) -> 
  C:\__Dev\dcmtk-3.6.7\config\tests\lfs64.cc(27,13): error C3861: 'fopen64': 식별자를 찾을 수 없습니다. [C:\__Dev\dcmtk-3.6.7\build\CMakeFiles\CMakeTmp\cmTC_bb30f.vcxproj]

    경고 0개
    오류 1개

경과 시간: 00:00:00.39


compiling "C:\__Dev\dcmtk-3.6.7\config\tests\lfs64.cc" with arguments: "-D_LARGEFILE64_SOURCE" failed with the following output:
Change Dir: C:/__Dev/dcmtk-3.6.7/build/CMakeFiles/CMakeTmp

Run Build Command(s):C:/Program Files/Microsoft Visual Studio/2022/Professional/MSBuild/Current/Bin/amd64/MSBuild.exe cmTC_14253.vcxproj /p:Configuration=Release /p:Platform=x64 /p:VisualStudioVersion=17.0 /v:n && MSBuild version 17.6.3+07e294721 for .NET Framework
빌드 시작: 2023-07-05 오전 9:31:18

1 노드의 "C:\__Dev\dcmtk-3.6.7\build\CMakeFiles\CMakeTmp\cmTC_14253.vcxproj" 프로젝트(기본 대상)입니다.
PrepareForBuild:
  "cmTC_14253.dir\Release\" 디렉터리를 만들고 있습니다.
  "C:\__Dev\dcmtk-3.6.7\build\CMakeFiles\CMakeTmp\Release\" 디렉터리를 만들고 있습니다.
  "cmTC_14253.dir\Release\cmTC_14253.tlog\" 디렉터리를 만들고 있습니다.
InitializeBuildStatus:
  "AlwaysCreate"이(가) 지정되었기 때문에 "cmTC_14253.dir\Release\cmTC_14253.tlog\unsuccessfulbuild"을(를) 만들고 있습니다.
VcpkgTripletSelection:
  Using triplet "x64-windows" from "C:\__Dev\vcpkg\installed\x64-windows\"
ClCompile:
  C:\Program Files\Microsoft Visual Studio\2022\Professional\VC\Tools\MSVC\14.36.32532\bin\HostX64\x64\CL.exe /c /I"C:\__Dev\vcpkg\installed\x64-windows\include" /W1 /WX- /diagnostics:column /O2 /Ob2 /D _MBCS /D WIN32 /D _WINDOWS /D NDEBUG /D _LARGEFILE64_SOURCE /D "CMAKE_INTDIR=\"Release\"" /Gm- /EHsc /MT /GS /fp:precise /Zc:wchar_t /Zc:forScope /Zc:inline /GR /Fo"cmTC_14253.dir\Release\\" /Fd"cmTC_14253.dir\Release\vc143.pdb" /external:W1 /Gd /TP /errorReport:queue "C:\__Dev\dcmtk-3.6.7\config\tests\lfs64.cc"
  Microsoft (R) C/C++ 최적화 컴파일러 버전 19.36.32532(x64)
  lfs64.cc
  Copyright (c) Microsoft Corporation. All rights reserved.
  cl /c /I"C:\__Dev\vcpkg\installed\x64-windows\include" /W1 /WX- /diagnostics:column /O2 /Ob2 /D _MBCS /D WIN32 /D _WINDOWS /D NDEBUG /D _LARGEFILE64_SOURCE /D "CMAKE_INTDIR=\"Release\"" /Gm- /EHsc /MT /GS /fp:precise /Zc:wchar_t /Zc:forScope /Zc:inline /GR /Fo"cmTC_14253.dir\Release\\" /Fd"cmTC_14253.dir\Release\vc143.pdb" /external:W1 /Gd /TP /errorReport:queue "C:\__Dev\dcmtk-3.6.7\config\tests\lfs64.cc"
C:\__Dev\dcmtk-3.6.7\config\tests\lfs64.cc(20,1): warning C4005: '_LARGEFILE64_SOURCE': 매크로 재정의 [C:\__Dev\dcmtk-3.6.7\build\CMakeFiles\CMakeTmp\cmTC_14253.vcxproj]
C:\__Dev\dcmtk-3.6.7\config\tests\lfs64.cc(20,1): message : 이전에 명령줄에서 선언된 '_LARGEFILE64_SOURCE' [C:\__Dev\dcmtk-3.6.7\build\CMakeFiles\CMakeTmp\cmTC_14253.vcxproj]
C:\__Dev\dcmtk-3.6.7\config\tests\lfs64.cc(27,13): error C3861: 'fopen64': 식별자를 찾을 수 없습니다. [C:\__Dev\dcmtk-3.6.7\build\CMakeFiles\CMakeTmp\cmTC_14253.vcxproj]
"C:\__Dev\dcmtk-3.6.7\build\CMakeFiles\CMakeTmp\cmTC_14253.vcxproj" 프로젝트를 빌드했습니다(기본 대상). - 실패

빌드하지 못했습니다.

"C:\__Dev\dcmtk-3.6.7\build\CMakeFiles\CMakeTmp\cmTC_14253.vcxproj"(기본 대상)(1)->
(ClCompile 대상) -> 
  C:\__Dev\dcmtk-3.6.7\config\tests\lfs64.cc(20,1): warning C4005: '_LARGEFILE64_SOURCE': 매크로 재정의 [C:\__Dev\dcmtk-3.6.7\build\CMakeFiles\CMakeTmp\cmTC_14253.vcxproj]


"C:\__Dev\dcmtk-3.6.7\build\CMakeFiles\CMakeTmp\cmTC_14253.vcxproj"(기본 대상)(1)->
(ClCompile 대상) -> 
  C:\__Dev\dcmtk-3.6.7\config\tests\lfs64.cc(27,13): error C3861: 'fopen64': 식별자를 찾을 수 없습니다. [C:\__Dev\dcmtk-3.6.7\build\CMakeFiles\CMakeTmp\cmTC_14253.vcxproj]

    경고 1개
    오류 1개

경과 시간: 00:00:00.39


compiling "C:\__Dev\dcmtk-3.6.7\config\tests\lfs.c" failed with the following output:
Change Dir: C:/__Dev/dcmtk-3.6.7/build/CMakeFiles/CMakeTmp

Run Build Command(s):C:/Program Files/Microsoft Visual Studio/2022/Professional/MSBuild/Current/Bin/amd64/MSBuild.exe cmTC_eb696.vcxproj /p:Configuration=Release /p:Platform=x64 /p:VisualStudioVersion=17.0 /v:n && MSBuild version 17.6.3+07e294721 for .NET Framework
빌드 시작: 2023-07-05 오전 9:31:20

1 노드의 "C:\__Dev\dcmtk-3.6.7\build\CMakeFiles\CMakeTmp\cmTC_eb696.vcxproj" 프로젝트(기본 대상)입니다.
PrepareForBuild:
  "cmTC_eb696.dir\Release\" 디렉터리를 만들고 있습니다.
  "C:\__Dev\dcmtk-3.6.7\build\CMakeFiles\CMakeTmp\Release\" 디렉터리를 만들고 있습니다.
  "cmTC_eb696.dir\Release\cmTC_eb696.tlog\" 디렉터리를 만들고 있습니다.
InitializeBuildStatus:
  "AlwaysCreate"이(가) 지정되었기 때문에 "cmTC_eb696.dir\Release\cmTC_eb696.tlog\unsuccessfulbuild"을(를) 만들고 있습니다.
VcpkgTripletSelection:
  Using triplet "x64-windows" from "C:\__Dev\vcpkg\installed\x64-windows\"
ClCompile:
  C:\Program Files\Microsoft Visual Studio\2022\Professional\VC\Tools\MSVC\14.36.32532\bin\HostX64\x64\CL.exe /c /I"C:\__Dev\vcpkg\installed\x64-windows\include" /W1 /WX- /diagnostics:column /O2 /Ob2 /D _MBCS /D WIN32 /D _WINDOWS /D NDEBUG /D "CMAKE_INTDIR=\"Release\"" /Gm- /MT /GS /fp:precise /Zc:wchar_t /Zc:forScope /Zc:inline /Fo"cmTC_eb696.dir\Release\\" /Fd"cmTC_eb696.dir\Release\vc143.pdb" /external:W1 /Gd /TC /errorReport:queue "C:\__Dev\dcmtk-3.6.7\config\tests\lfs.c"
  Microsoft (R) C/C++ 최적화 컴파일러 버전 19.36.32532(x64)
  lfs.c
  Copyright (c) Microsoft Corporation. All rights reserved.
  cl /c /I"C:\__Dev\vcpkg\installed\x64-windows\include" /W1 /WX- /diagnostics:column /O2 /Ob2 /D _MBCS /D WIN32 /D _WINDOWS /D NDEBUG /D "CMAKE_INTDIR=\"Release\"" /Gm- /MT /GS /fp:precise /Zc:wchar_t /Zc:forScope /Zc:inline /Fo"cmTC_eb696.dir\Release\\" /Fd"cmTC_eb696.dir\Release\vc143.pdb" /external:W1 /Gd /TC /errorReport:queue "C:\__Dev\dcmtk-3.6.7\config\tests\lfs.c"
C:\__Dev\dcmtk-3.6.7\config\tests\lfs.c(28,23): warning C4293: '<<': 시프트 횟수가 음수이거나 너무 큽니다. 정의되지 않은 동작입니다. [C:\__Dev\dcmtk-3.6.7\build\CMakeFiles\CMakeTmp\cmTC_eb696.vcxproj]
C:\__Dev\dcmtk-3.6.7\config\tests\lfs.c(28,58): warning C4293: '<<': 시프트 횟수가 음수이거나 너무 큽니다. 정의되지 않은 동작입니다. [C:\__Dev\dcmtk-3.6.7\build\CMakeFiles\CMakeTmp\cmTC_eb696.vcxproj]
C:\__Dev\dcmtk-3.6.7\config\tests\lfs.c(28,97): error C2118: 첨자가 음수입니다. [C:\__Dev\dcmtk-3.6.7\build\CMakeFiles\CMakeTmp\cmTC_eb696.vcxproj]
"C:\__Dev\dcmtk-3.6.7\build\CMakeFiles\CMakeTmp\cmTC_eb696.vcxproj" 프로젝트를 빌드했습니다(기본 대상). - 실패

빌드하지 못했습니다.

"C:\__Dev\dcmtk-3.6.7\build\CMakeFiles\CMakeTmp\cmTC_eb696.vcxproj"(기본 대상)(1)->
(ClCompile 대상) -> 
  C:\__Dev\dcmtk-3.6.7\config\tests\lfs.c(28,23): warning C4293: '<<': 시프트 횟수가 음수이거나 너무 큽니다. 정의되지 않은 동작입니다. [C:\__Dev\dcmtk-3.6.7\build\CMakeFiles\CMakeTmp\cmTC_eb696.vcxproj]
  C:\__Dev\dcmtk-3.6.7\config\tests\lfs.c(28,58): warning C4293: '<<': 시프트 횟수가 음수이거나 너무 큽니다. 정의되지 않은 동작입니다. [C:\__Dev\dcmtk-3.6.7\build\CMakeFiles\CMakeTmp\cmTC_eb696.vcxproj]


"C:\__Dev\dcmtk-3.6.7\build\CMakeFiles\CMakeTmp\cmTC_eb696.vcxproj"(기본 대상)(1)->
(ClCompile 대상) -> 
  C:\__Dev\dcmtk-3.6.7\config\tests\lfs.c(28,97): error C2118: 첨자가 음수입니다. [C:\__Dev\dcmtk-3.6.7\build\CMakeFiles\CMakeTmp\cmTC_eb696.vcxproj]

    경고 2개
    오류 1개

경과 시간: 00:00:00.37


compiling "C:\__Dev\dcmtk-3.6.7\config\tests\lfs.c" with arguments: "-n32" failed with the following output:
Change Dir: C:/__Dev/dcmtk-3.6.7/build/CMakeFiles/CMakeTmp

Run Build Command(s):C:/Program Files/Microsoft Visual Studio/2022/Professional/MSBuild/Current/Bin/amd64/MSBuild.exe cmTC_b75fe.vcxproj /p:Configuration=Release /p:Platform=x64 /p:VisualStudioVersion=17.0 /v:n && MSBuild version 17.6.3+07e294721 for .NET Framework
빌드 시작: 2023-07-05 오전 9:31:21

1 노드의 "C:\__Dev\dcmtk-3.6.7\build\CMakeFiles\CMakeTmp\cmTC_b75fe.vcxproj" 프로젝트(기본 대상)입니다.
PrepareForBuild:
  "cmTC_b75fe.dir\Release\" 디렉터리를 만들고 있습니다.
  "C:\__Dev\dcmtk-3.6.7\build\CMakeFiles\CMakeTmp\Release\" 디렉터리를 만들고 있습니다.
  "cmTC_b75fe.dir\Release\cmTC_b75fe.tlog\" 디렉터리를 만들고 있습니다.
InitializeBuildStatus:
  "AlwaysCreate"이(가) 지정되었기 때문에 "cmTC_b75fe.dir\Release\cmTC_b75fe.tlog\unsuccessfulbuild"을(를) 만들고 있습니다.
VcpkgTripletSelection:
  Using triplet "x64-windows" from "C:\__Dev\vcpkg\installed\x64-windows\"
ClCompile:
  C:\Program Files\Microsoft Visual Studio\2022\Professional\VC\Tools\MSVC\14.36.32532\bin\HostX64\x64\CL.exe /c /I"C:\__Dev\vcpkg\installed\x64-windows\include" /W1 /WX- /diagnostics:column /O2 /Ob2 /D _MBCS /D WIN32 /D _WINDOWS /D NDEBUG /D "CMAKE_INTDIR=\"Release\"" /Gm- /MT /GS /fp:precise /Zc:wchar_t /Zc:forScope /Zc:inline /Fo"cmTC_b75fe.dir\Release\\" /Fd"cmTC_b75fe.dir\Release\vc143.pdb" /external:W1 /Gd /TC /errorReport:queue "C:\__Dev\dcmtk-3.6.7\config\tests\lfs.c"
  Microsoft (R) C/C++ 최적화 컴파일러 버전 19.36.32532(x64)
  lfs.c
  Copyright (c) Microsoft Corporation. All rights reserved.
  cl /c /I"C:\__Dev\vcpkg\installed\x64-windows\include" /W1 /WX- /diagnostics:column /O2 /Ob2 /D _MBCS /D WIN32 /D _WINDOWS /D NDEBUG /D "CMAKE_INTDIR=\"Release\"" /Gm- /MT /GS /fp:precise /Zc:wchar_t /Zc:forScope /Zc:inline /Fo"cmTC_b75fe.dir\Release\\" /Fd"cmTC_b75fe.dir\Release\vc143.pdb" /external:W1 /Gd /TC /errorReport:queue "C:\__Dev\dcmtk-3.6.7\config\tests\lfs.c"
C:\__Dev\dcmtk-3.6.7\config\tests\lfs.c(28,23): warning C4293: '<<': 시프트 횟수가 음수이거나 너무 큽니다. 정의되지 않은 동작입니다. [C:\__Dev\dcmtk-3.6.7\build\CMakeFiles\CMakeTmp\cmTC_b75fe.vcxproj]
C:\__Dev\dcmtk-3.6.7\config\tests\lfs.c(28,58): warning C4293: '<<': 시프트 횟수가 음수이거나 너무 큽니다. 정의되지 않은 동작입니다. [C:\__Dev\dcmtk-3.6.7\build\CMakeFiles\CMakeTmp\cmTC_b75fe.vcxproj]
C:\__Dev\dcmtk-3.6.7\config\tests\lfs.c(28,97): error C2118: 첨자가 음수입니다. [C:\__Dev\dcmtk-3.6.7\build\CMakeFiles\CMakeTmp\cmTC_b75fe.vcxproj]
"C:\__Dev\dcmtk-3.6.7\build\CMakeFiles\CMakeTmp\cmTC_b75fe.vcxproj" 프로젝트를 빌드했습니다(기본 대상). - 실패

빌드하지 못했습니다.

"C:\__Dev\dcmtk-3.6.7\build\CMakeFiles\CMakeTmp\cmTC_b75fe.vcxproj"(기본 대상)(1)->
(ClCompile 대상) -> 
  C:\__Dev\dcmtk-3.6.7\config\tests\lfs.c(28,23): warning C4293: '<<': 시프트 횟수가 음수이거나 너무 큽니다. 정의되지 않은 동작입니다. [C:\__Dev\dcmtk-3.6.7\build\CMakeFiles\CMakeTmp\cmTC_b75fe.vcxproj]
  C:\__Dev\dcmtk-3.6.7\config\tests\lfs.c(28,58): warning C4293: '<<': 시프트 횟수가 음수이거나 너무 큽니다. 정의되지 않은 동작입니다. [C:\__Dev\dcmtk-3.6.7\build\CMakeFiles\CMakeTmp\cmTC_b75fe.vcxproj]


"C:\__Dev\dcmtk-3.6.7\build\CMakeFiles\CMakeTmp\cmTC_b75fe.vcxproj"(기본 대상)(1)->
(ClCompile 대상) -> 
  C:\__Dev\dcmtk-3.6.7\config\tests\lfs.c(28,97): error C2118: 첨자가 음수입니다. [C:\__Dev\dcmtk-3.6.7\build\CMakeFiles\CMakeTmp\cmTC_b75fe.vcxproj]

    경고 2개
    오류 1개

경과 시간: 00:00:00.38


compiling "C:\__Dev\dcmtk-3.6.7\config\tests\lfs.c" with arguments: "-D_FILE_OFFSET_BITS=64" failed with the following output:
Change Dir: C:/__Dev/dcmtk-3.6.7/build/CMakeFiles/CMakeTmp

Run Build Command(s):C:/Program Files/Microsoft Visual Studio/2022/Professional/MSBuild/Current/Bin/amd64/MSBuild.exe cmTC_94541.vcxproj /p:Configuration=Release /p:Platform=x64 /p:VisualStudioVersion=17.0 /v:n && MSBuild version 17.6.3+07e294721 for .NET Framework
빌드 시작: 2023-07-05 오전 9:31:22

1 노드의 "C:\__Dev\dcmtk-3.6.7\build\CMakeFiles\CMakeTmp\cmTC_94541.vcxproj" 프로젝트(기본 대상)입니다.
PrepareForBuild:
  "cmTC_94541.dir\Release\" 디렉터리를 만들고 있습니다.
  "C:\__Dev\dcmtk-3.6.7\build\CMakeFiles\CMakeTmp\Release\" 디렉터리를 만들고 있습니다.
  "cmTC_94541.dir\Release\cmTC_94541.tlog\" 디렉터리를 만들고 있습니다.
InitializeBuildStatus:
  "AlwaysCreate"이(가) 지정되었기 때문에 "cmTC_94541.dir\Release\cmTC_94541.tlog\unsuccessfulbuild"을(를) 만들고 있습니다.
VcpkgTripletSelection:
  Using triplet "x64-windows" from "C:\__Dev\vcpkg\installed\x64-windows\"
ClCompile:
  C:\Program Files\Microsoft Visual Studio\2022\Professional\VC\Tools\MSVC\14.36.32532\bin\HostX64\x64\CL.exe /c /I"C:\__Dev\vcpkg\installed\x64-windows\include" /W1 /WX- /diagnostics:column /O2 /Ob2 /D _MBCS /D WIN32 /D _WINDOWS /D NDEBUG /D _FILE_OFFSET_BITS=64 /D "CMAKE_INTDIR=\"Release\"" /Gm- /MT /GS /fp:precise /Zc:wchar_t /Zc:forScope /Zc:inline /Fo"cmTC_94541.dir\Release\\" /Fd"cmTC_94541.dir\Release\vc143.pdb" /external:W1 /Gd /TC /errorReport:queue "C:\__Dev\dcmtk-3.6.7\config\tests\lfs.c"
  Microsoft (R) C/C++ 최적화 컴파일러 버전 19.36.32532(x64)
  lfs.c
  Copyright (c) Microsoft Corporation. All rights reserved.
  cl /c /I"C:\__Dev\vcpkg\installed\x64-windows\include" /W1 /WX- /diagnostics:column /O2 /Ob2 /D _MBCS /D WIN32 /D _WINDOWS /D NDEBUG /D _FILE_OFFSET_BITS=64 /D "CMAKE_INTDIR=\"Release\"" /Gm- /MT /GS /fp:precise /Zc:wchar_t /Zc:forScope /Zc:inline /Fo"cmTC_94541.dir\Release\\" /Fd"cmTC_94541.dir\Release\vc143.pdb" /external:W1 /Gd /TC /errorReport:queue "C:\__Dev\dcmtk-3.6.7\config\tests\lfs.c"
C:\__Dev\dcmtk-3.6.7\config\tests\lfs.c(28,23): warning C4293: '<<': 시프트 횟수가 음수이거나 너무 큽니다. 정의되지 않은 동작입니다. [C:\__Dev\dcmtk-3.6.7\build\CMakeFiles\CMakeTmp\cmTC_94541.vcxproj]
C:\__Dev\dcmtk-3.6.7\config\tests\lfs.c(28,58): warning C4293: '<<': 시프트 횟수가 음수이거나 너무 큽니다. 정의되지 않은 동작입니다. [C:\__Dev\dcmtk-3.6.7\build\CMakeFiles\CMakeTmp\cmTC_94541.vcxproj]
C:\__Dev\dcmtk-3.6.7\config\tests\lfs.c(28,97): error C2118: 첨자가 음수입니다. [C:\__Dev\dcmtk-3.6.7\build\CMakeFiles\CMakeTmp\cmTC_94541.vcxproj]
"C:\__Dev\dcmtk-3.6.7\build\CMakeFiles\CMakeTmp\cmTC_94541.vcxproj" 프로젝트를 빌드했습니다(기본 대상). - 실패

빌드하지 못했습니다.

"C:\__Dev\dcmtk-3.6.7\build\CMakeFiles\CMakeTmp\cmTC_94541.vcxproj"(기본 대상)(1)->
(ClCompile 대상) -> 
  C:\__Dev\dcmtk-3.6.7\config\tests\lfs.c(28,23): warning C4293: '<<': 시프트 횟수가 음수이거나 너무 큽니다. 정의되지 않은 동작입니다. [C:\__Dev\dcmtk-3.6.7\build\CMakeFiles\CMakeTmp\cmTC_94541.vcxproj]
  C:\__Dev\dcmtk-3.6.7\config\tests\lfs.c(28,58): warning C4293: '<<': 시프트 횟수가 음수이거나 너무 큽니다. 정의되지 않은 동작입니다. [C:\__Dev\dcmtk-3.6.7\build\CMakeFiles\CMakeTmp\cmTC_94541.vcxproj]


"C:\__Dev\dcmtk-3.6.7\build\CMakeFiles\CMakeTmp\cmTC_94541.vcxproj"(기본 대상)(1)->
(ClCompile 대상) -> 
  C:\__Dev\dcmtk-3.6.7\config\tests\lfs.c(28,97): error C2118: 첨자가 음수입니다. [C:\__Dev\dcmtk-3.6.7\build\CMakeFiles\CMakeTmp\cmTC_94541.vcxproj]

    경고 2개
    오류 1개

경과 시간: 00:00:00.39


compiling "C:\__Dev\dcmtk-3.6.7\config\tests\lfs.c" with arguments: "-n32 -D_FILE_OFFSET_BITS=64" failed with the following output:
Change Dir: C:/__Dev/dcmtk-3.6.7/build/CMakeFiles/CMakeTmp

Run Build Command(s):C:/Program Files/Microsoft Visual Studio/2022/Professional/MSBuild/Current/Bin/amd64/MSBuild.exe cmTC_fbfca.vcxproj /p:Configuration=Release /p:Platform=x64 /p:VisualStudioVersion=17.0 /v:n && MSBuild version 17.6.3+07e294721 for .NET Framework
빌드 시작: 2023-07-05 오전 9:31:22

1 노드의 "C:\__Dev\dcmtk-3.6.7\build\CMakeFiles\CMakeTmp\cmTC_fbfca.vcxproj" 프로젝트(기본 대상)입니다.
PrepareForBuild:
  "cmTC_fbfca.dir\Release\" 디렉터리를 만들고 있습니다.
  "C:\__Dev\dcmtk-3.6.7\build\CMakeFiles\CMakeTmp\Release\" 디렉터리를 만들고 있습니다.
  "cmTC_fbfca.dir\Release\cmTC_fbfca.tlog\" 디렉터리를 만들고 있습니다.
InitializeBuildStatus:
  "AlwaysCreate"이(가) 지정되었기 때문에 "cmTC_fbfca.dir\Release\cmTC_fbfca.tlog\unsuccessfulbuild"을(를) 만들고 있습니다.
VcpkgTripletSelection:
  Using triplet "x64-windows" from "C:\__Dev\vcpkg\installed\x64-windows\"
ClCompile:
  C:\Program Files\Microsoft Visual Studio\2022\Professional\VC\Tools\MSVC\14.36.32532\bin\HostX64\x64\CL.exe /c /I"C:\__Dev\vcpkg\installed\x64-windows\include" /W1 /WX- /diagnostics:column /O2 /Ob2 /D _MBCS /D WIN32 /D _WINDOWS /D NDEBUG /D _FILE_OFFSET_BITS=64 /D "CMAKE_INTDIR=\"Release\"" /Gm- /MT /GS /fp:precise /Zc:wchar_t /Zc:forScope /Zc:inline /Fo"cmTC_fbfca.dir\Release\\" /Fd"cmTC_fbfca.dir\Release\vc143.pdb" /external:W1 /Gd /TC /errorReport:queue "C:\__Dev\dcmtk-3.6.7\config\tests\lfs.c"
  Microsoft (R) C/C++ 최적화 컴파일러 버전 19.36.32532(x64)
  lfs.c
  Copyright (c) Microsoft Corporation. All rights reserved.
  cl /c /I"C:\__Dev\vcpkg\installed\x64-windows\include" /W1 /WX- /diagnostics:column /O2 /Ob2 /D _MBCS /D WIN32 /D _WINDOWS /D NDEBUG /D _FILE_OFFSET_BITS=64 /D "CMAKE_INTDIR=\"Release\"" /Gm- /MT /GS /fp:precise /Zc:wchar_t /Zc:forScope /Zc:inline /Fo"cmTC_fbfca.dir\Release\\" /Fd"cmTC_fbfca.dir\Release\vc143.pdb" /external:W1 /Gd /TC /errorReport:queue "C:\__Dev\dcmtk-3.6.7\config\tests\lfs.c"
C:\__Dev\dcmtk-3.6.7\config\tests\lfs.c(28,23): warning C4293: '<<': 시프트 횟수가 음수이거나 너무 큽니다. 정의되지 않은 동작입니다. [C:\__Dev\dcmtk-3.6.7\build\CMakeFiles\CMakeTmp\cmTC_fbfca.vcxproj]
C:\__Dev\dcmtk-3.6.7\config\tests\lfs.c(28,58): warning C4293: '<<': 시프트 횟수가 음수이거나 너무 큽니다. 정의되지 않은 동작입니다. [C:\__Dev\dcmtk-3.6.7\build\CMakeFiles\CMakeTmp\cmTC_fbfca.vcxproj]
C:\__Dev\dcmtk-3.6.7\config\tests\lfs.c(28,97): error C2118: 첨자가 음수입니다. [C:\__Dev\dcmtk-3.6.7\build\CMakeFiles\CMakeTmp\cmTC_fbfca.vcxproj]
"C:\__Dev\dcmtk-3.6.7\build\CMakeFiles\CMakeTmp\cmTC_fbfca.vcxproj" 프로젝트를 빌드했습니다(기본 대상). - 실패

빌드하지 못했습니다.

"C:\__Dev\dcmtk-3.6.7\build\CMakeFiles\CMakeTmp\cmTC_fbfca.vcxproj"(기본 대상)(1)->
(ClCompile 대상) -> 
  C:\__Dev\dcmtk-3.6.7\config\tests\lfs.c(28,23): warning C4293: '<<': 시프트 횟수가 음수이거나 너무 큽니다. 정의되지 않은 동작입니다. [C:\__Dev\dcmtk-3.6.7\build\CMakeFiles\CMakeTmp\cmTC_fbfca.vcxproj]
  C:\__Dev\dcmtk-3.6.7\config\tests\lfs.c(28,58): warning C4293: '<<': 시프트 횟수가 음수이거나 너무 큽니다. 정의되지 않은 동작입니다. [C:\__Dev\dcmtk-3.6.7\build\CMakeFiles\CMakeTmp\cmTC_fbfca.vcxproj]


"C:\__Dev\dcmtk-3.6.7\build\CMakeFiles\CMakeTmp\cmTC_fbfca.vcxproj"(기본 대상)(1)->
(ClCompile 대상) -> 
  C:\__Dev\dcmtk-3.6.7\config\tests\lfs.c(28,97): error C2118: 첨자가 음수입니다. [C:\__Dev\dcmtk-3.6.7\build\CMakeFiles\CMakeTmp\cmTC_fbfca.vcxproj]

    경고 2개
    오류 1개

경과 시간: 00:00:00.37


compiling "C:\__Dev\dcmtk-3.6.7\config\tests\lfs.c" with arguments: "-D_LARGE_FILES=1" failed with the following output:
Change Dir: C:/__Dev/dcmtk-3.6.7/build/CMakeFiles/CMakeTmp

Run Build Command(s):C:/Program Files/Microsoft Visual Studio/2022/Professional/MSBuild/Current/Bin/amd64/MSBuild.exe cmTC_8b7bd.vcxproj /p:Configuration=Release /p:Platform=x64 /p:VisualStudioVersion=17.0 /v:n && MSBuild version 17.6.3+07e294721 for .NET Framework
빌드 시작: 2023-07-05 오전 9:31:23

1 노드의 "C:\__Dev\dcmtk-3.6.7\build\CMakeFiles\CMakeTmp\cmTC_8b7bd.vcxproj" 프로젝트(기본 대상)입니다.
PrepareForBuild:
  "cmTC_8b7bd.dir\Release\" 디렉터리를 만들고 있습니다.
  "C:\__Dev\dcmtk-3.6.7\build\CMakeFiles\CMakeTmp\Release\" 디렉터리를 만들고 있습니다.
  "cmTC_8b7bd.dir\Release\cmTC_8b7bd.tlog\" 디렉터리를 만들고 있습니다.
InitializeBuildStatus:
  "AlwaysCreate"이(가) 지정되었기 때문에 "cmTC_8b7bd.dir\Release\cmTC_8b7bd.tlog\unsuccessfulbuild"을(를) 만들고 있습니다.
VcpkgTripletSelection:
  Using triplet "x64-windows" from "C:\__Dev\vcpkg\installed\x64-windows\"
ClCompile:
  C:\Program Files\Microsoft Visual Studio\2022\Professional\VC\Tools\MSVC\14.36.32532\bin\HostX64\x64\CL.exe /c /I"C:\__Dev\vcpkg\installed\x64-windows\include" /W1 /WX- /diagnostics:column /O2 /Ob2 /D _MBCS /D WIN32 /D _WINDOWS /D NDEBUG /D _LARGE_FILES=1 /D "CMAKE_INTDIR=\"Release\"" /Gm- /MT /GS /fp:precise /Zc:wchar_t /Zc:forScope /Zc:inline /Fo"cmTC_8b7bd.dir\Release\\" /Fd"cmTC_8b7bd.dir\Release\vc143.pdb" /external:W1 /Gd /TC /errorReport:queue "C:\__Dev\dcmtk-3.6.7\config\tests\lfs.c"
  Microsoft (R) C/C++ 최적화 컴파일러 버전 19.36.32532(x64)
  lfs.c
  Copyright (c) Microsoft Corporation. All rights reserved.
  cl /c /I"C:\__Dev\vcpkg\installed\x64-windows\include" /W1 /WX- /diagnostics:column /O2 /Ob2 /D _MBCS /D WIN32 /D _WINDOWS /D NDEBUG /D _LARGE_FILES=1 /D "CMAKE_INTDIR=\"Release\"" /Gm- /MT /GS /fp:precise /Zc:wchar_t /Zc:forScope /Zc:inline /Fo"cmTC_8b7bd.dir\Release\\" /Fd"cmTC_8b7bd.dir\Release\vc143.pdb" /external:W1 /Gd /TC /errorReport:queue "C:\__Dev\dcmtk-3.6.7\config\tests\lfs.c"
C:\__Dev\dcmtk-3.6.7\config\tests\lfs.c(28,23): warning C4293: '<<': 시프트 횟수가 음수이거나 너무 큽니다. 정의되지 않은 동작입니다. [C:\__Dev\dcmtk-3.6.7\build\CMakeFiles\CMakeTmp\cmTC_8b7bd.vcxproj]
C:\__Dev\dcmtk-3.6.7\config\tests\lfs.c(28,58): warning C4293: '<<': 시프트 횟수가 음수이거나 너무 큽니다. 정의되지 않은 동작입니다. [C:\__Dev\dcmtk-3.6.7\build\CMakeFiles\CMakeTmp\cmTC_8b7bd.vcxproj]
C:\__Dev\dcmtk-3.6.7\config\tests\lfs.c(28,97): error C2118: 첨자가 음수입니다. [C:\__Dev\dcmtk-3.6.7\build\CMakeFiles\CMakeTmp\cmTC_8b7bd.vcxproj]
"C:\__Dev\dcmtk-3.6.7\build\CMakeFiles\CMakeTmp\cmTC_8b7bd.vcxproj" 프로젝트를 빌드했습니다(기본 대상). - 실패

빌드하지 못했습니다.

"C:\__Dev\dcmtk-3.6.7\build\CMakeFiles\CMakeTmp\cmTC_8b7bd.vcxproj"(기본 대상)(1)->
(ClCompile 대상) -> 
  C:\__Dev\dcmtk-3.6.7\config\tests\lfs.c(28,23): warning C4293: '<<': 시프트 횟수가 음수이거나 너무 큽니다. 정의되지 않은 동작입니다. [C:\__Dev\dcmtk-3.6.7\build\CMakeFiles\CMakeTmp\cmTC_8b7bd.vcxproj]
  C:\__Dev\dcmtk-3.6.7\config\tests\lfs.c(28,58): warning C4293: '<<': 시프트 횟수가 음수이거나 너무 큽니다. 정의되지 않은 동작입니다. [C:\__Dev\dcmtk-3.6.7\build\CMakeFiles\CMakeTmp\cmTC_8b7bd.vcxproj]


"C:\__Dev\dcmtk-3.6.7\build\CMakeFiles\CMakeTmp\cmTC_8b7bd.vcxproj"(기본 대상)(1)->
(ClCompile 대상) -> 
  C:\__Dev\dcmtk-3.6.7\config\tests\lfs.c(28,97): error C2118: 첨자가 음수입니다. [C:\__Dev\dcmtk-3.6.7\build\CMakeFiles\CMakeTmp\cmTC_8b7bd.vcxproj]

    경고 2개
    오류 1개

경과 시간: 00:00:00.38


compiling "C:\__Dev\dcmtk-3.6.7\config\tests\lfs.c" with arguments: "-n32 -D_LARGE_FILES=1" failed with the following output:
Change Dir: C:/__Dev/dcmtk-3.6.7/build/CMakeFiles/CMakeTmp

Run Build Command(s):C:/Program Files/Microsoft Visual Studio/2022/Professional/MSBuild/Current/Bin/amd64/MSBuild.exe cmTC_e8bdf.vcxproj /p:Configuration=Release /p:Platform=x64 /p:VisualStudioVersion=17.0 /v:n && MSBuild version 17.6.3+07e294721 for .NET Framework
빌드 시작: 2023-07-05 오전 9:31:24

1 노드의 "C:\__Dev\dcmtk-3.6.7\build\CMakeFiles\CMakeTmp\cmTC_e8bdf.vcxproj" 프로젝트(기본 대상)입니다.
PrepareForBuild:
  "cmTC_e8bdf.dir\Release\" 디렉터리를 만들고 있습니다.
  "C:\__Dev\dcmtk-3.6.7\build\CMakeFiles\CMakeTmp\Release\" 디렉터리를 만들고 있습니다.
  "cmTC_e8bdf.dir\Release\cmTC_e8bdf.tlog\" 디렉터리를 만들고 있습니다.
InitializeBuildStatus:
  "AlwaysCreate"이(가) 지정되었기 때문에 "cmTC_e8bdf.dir\Release\cmTC_e8bdf.tlog\unsuccessfulbuild"을(를) 만들고 있습니다.
VcpkgTripletSelection:
  Using triplet "x64-windows" from "C:\__Dev\vcpkg\installed\x64-windows\"
ClCompile:
  C:\Program Files\Microsoft Visual Studio\2022\Professional\VC\Tools\MSVC\14.36.32532\bin\HostX64\x64\CL.exe /c /I"C:\__Dev\vcpkg\installed\x64-windows\include" /W1 /WX- /diagnostics:column /O2 /Ob2 /D _MBCS /D WIN32 /D _WINDOWS /D NDEBUG /D _LARGE_FILES=1 /D "CMAKE_INTDIR=\"Release\"" /Gm- /MT /GS /fp:precise /Zc:wchar_t /Zc:forScope /Zc:inline /Fo"cmTC_e8bdf.dir\Release\\" /Fd"cmTC_e8bdf.dir\Release\vc143.pdb" /external:W1 /Gd /TC /errorReport:queue "C:\__Dev\dcmtk-3.6.7\config\tests\lfs.c"
  Microsoft (R) C/C++ 최적화 컴파일러 버전 19.36.32532(x64)
  lfs.c
  Copyright (c) Microsoft Corporation. All rights reserved.
  cl /c /I"C:\__Dev\vcpkg\installed\x64-windows\include" /W1 /WX- /diagnostics:column /O2 /Ob2 /D _MBCS /D WIN32 /D _WINDOWS /D NDEBUG /D _LARGE_FILES=1 /D "CMAKE_INTDIR=\"Release\"" /Gm- /MT /GS /fp:precise /Zc:wchar_t /Zc:forScope /Zc:inline /Fo"cmTC_e8bdf.dir\Release\\" /Fd"cmTC_e8bdf.dir\Release\vc143.pdb" /external:W1 /Gd /TC /errorReport:queue "C:\__Dev\dcmtk-3.6.7\config\tests\lfs.c"
C:\__Dev\dcmtk-3.6.7\config\tests\lfs.c(28,23): warning C4293: '<<': 시프트 횟수가 음수이거나 너무 큽니다. 정의되지 않은 동작입니다. [C:\__Dev\dcmtk-3.6.7\build\CMakeFiles\CMakeTmp\cmTC_e8bdf.vcxproj]
C:\__Dev\dcmtk-3.6.7\config\tests\lfs.c(28,58): warning C4293: '<<': 시프트 횟수가 음수이거나 너무 큽니다. 정의되지 않은 동작입니다. [C:\__Dev\dcmtk-3.6.7\build\CMakeFiles\CMakeTmp\cmTC_e8bdf.vcxproj]
C:\__Dev\dcmtk-3.6.7\config\tests\lfs.c(28,97): error C2118: 첨자가 음수입니다. [C:\__Dev\dcmtk-3.6.7\build\CMakeFiles\CMakeTmp\cmTC_e8bdf.vcxproj]
"C:\__Dev\dcmtk-3.6.7\build\CMakeFiles\CMakeTmp\cmTC_e8bdf.vcxproj" 프로젝트를 빌드했습니다(기본 대상). - 실패

빌드하지 못했습니다.

"C:\__Dev\dcmtk-3.6.7\build\CMakeFiles\CMakeTmp\cmTC_e8bdf.vcxproj"(기본 대상)(1)->
(ClCompile 대상) -> 
  C:\__Dev\dcmtk-3.6.7\config\tests\lfs.c(28,23): warning C4293: '<<': 시프트 횟수가 음수이거나 너무 큽니다. 정의되지 않은 동작입니다. [C:\__Dev\dcmtk-3.6.7\build\CMakeFiles\CMakeTmp\cmTC_e8bdf.vcxproj]
  C:\__Dev\dcmtk-3.6.7\config\tests\lfs.c(28,58): warning C4293: '<<': 시프트 횟수가 음수이거나 너무 큽니다. 정의되지 않은 동작입니다. [C:\__Dev\dcmtk-3.6.7\build\CMakeFiles\CMakeTmp\cmTC_e8bdf.vcxproj]


"C:\__Dev\dcmtk-3.6.7\build\CMakeFiles\CMakeTmp\cmTC_e8bdf.vcxproj"(기본 대상)(1)->
(ClCompile 대상) -> 
  C:\__Dev\dcmtk-3.6.7\config\tests\lfs.c(28,97): error C2118: 첨자가 음수입니다. [C:\__Dev\dcmtk-3.6.7\build\CMakeFiles\CMakeTmp\cmTC_e8bdf.vcxproj]

    경고 2개
    오류 1개

경과 시간: 00:00:00.39


__alignof__ is supported failed with the following output:
Change Dir: C:/__Dev/dcmtk-3.6.7/build/CMakeFiles/CMakeTmp

Run Build Command(s):C:/Program Files/Microsoft Visual Studio/2022/Professional/MSBuild/Current/Bin/amd64/MSBuild.exe cmTC_db443.vcxproj /p:Configuration=Release /p:Platform=x64 /p:VisualStudioVersion=17.0 /v:n && MSBuild version 17.6.3+07e294721 for .NET Framework
빌드 시작: 2023-07-05 오전 9:31:24

1 노드의 "C:\__Dev\dcmtk-3.6.7\build\CMakeFiles\CMakeTmp\cmTC_db443.vcxproj" 프로젝트(기본 대상)입니다.
PrepareForBuild:
  "cmTC_db443.dir\Release\" 디렉터리를 만들고 있습니다.
  "C:\__Dev\dcmtk-3.6.7\build\CMakeFiles\CMakeTmp\Release\" 디렉터리를 만들고 있습니다.
  "cmTC_db443.dir\Release\cmTC_db443.tlog\" 디렉터리를 만들고 있습니다.
InitializeBuildStatus:
  "AlwaysCreate"이(가) 지정되었기 때문에 "cmTC_db443.dir\Release\cmTC_db443.tlog\unsuccessfulbuild"을(를) 만들고 있습니다.
VcpkgTripletSelection:
  Using triplet "x64-windows" from "C:\__Dev\vcpkg\installed\x64-windows\"
ClCompile:
  C:\Program Files\Microsoft Visual Studio\2022\Professional\VC\Tools\MSVC\14.36.32532\bin\HostX64\x64\CL.exe /c /I"C:\__Dev\vcpkg\installed\x64-windows\include" /W1 /WX- /diagnostics:column /O2 /Ob2 /D _MBCS /D WIN32 /D _WINDOWS /D NDEBUG /D "CMAKE_INTDIR=\"Release\"" /Gm- /EHsc /MT /GS /fp:precise /Zc:wchar_t /Zc:forScope /Zc:inline /GR /Fo"cmTC_db443.dir\Release\\" /Fd"cmTC_db443.dir\Release\vc143.pdb" /external:W1 /Gd /TP /errorReport:queue "C:\__Dev\dcmtk-3.6.7\build\CMakeFiles\CMakeTmp\src.cxx"
  Microsoft (R) C/C++ 최적화 컴파일러 버전 19.36.32532(x64)
  src.cxx
  Copyright (c) Microsoft Corporation. All rights reserved.
  cl /c /I"C:\__Dev\vcpkg\installed\x64-windows\include" /W1 /WX- /diagnostics:column /O2 /Ob2 /D _MBCS /D WIN32 /D _WINDOWS /D NDEBUG /D "CMAKE_INTDIR=\"Release\"" /Gm- /EHsc /MT /GS /fp:precise /Zc:wchar_t /Zc:forScope /Zc:inline /GR /Fo"cmTC_db443.dir\Release\\" /Fd"cmTC_db443.dir\Release\vc143.pdb" /external:W1 /Gd /TP /errorReport:queue "C:\__Dev\dcmtk-3.6.7\build\CMakeFiles\CMakeTmp\src.cxx"
C:\__Dev\dcmtk-3.6.7\build\CMakeFiles\CMakeTmp\src.cxx(3,27): error C2760: 구문 오류: 여기서 ')'은(는) 예상치 못한 오류였습니다. 예상된 오류는 '식'였습니다 [C:\__Dev\dcmtk-3.6.7\build\CMakeFiles\CMakeTmp\cmTC_db443.vcxproj]
C:\__Dev\dcmtk-3.6.7\build\CMakeFiles\CMakeTmp\src.cxx(3,27): error C2059: 구문 오류: ')' [C:\__Dev\dcmtk-3.6.7\build\CMakeFiles\CMakeTmp\cmTC_db443.vcxproj]
C:\__Dev\dcmtk-3.6.7\build\CMakeFiles\CMakeTmp\src.cxx(3,28): error C2143: 구문 오류: ';'이(가) ']' 앞에 없습니다. [C:\__Dev\dcmtk-3.6.7\build\CMakeFiles\CMakeTmp\cmTC_db443.vcxproj]
C:\__Dev\dcmtk-3.6.7\build\CMakeFiles\CMakeTmp\src.cxx(3,10): error C2133: 'c': 알 수 없는 크기입니다. [C:\__Dev\dcmtk-3.6.7\build\CMakeFiles\CMakeTmp\cmTC_db443.vcxproj]
"C:\__Dev\dcmtk-3.6.7\build\CMakeFiles\CMakeTmp\cmTC_db443.vcxproj" 프로젝트를 빌드했습니다(기본 대상). - 실패

빌드하지 못했습니다.

"C:\__Dev\dcmtk-3.6.7\build\CMakeFiles\CMakeTmp\cmTC_db443.vcxproj"(기본 대상)(1)->
(ClCompile 대상) -> 
  C:\__Dev\dcmtk-3.6.7\build\CMakeFiles\CMakeTmp\src.cxx(3,27): error C2760: 구문 오류: 여기서 ')'은(는) 예상치 못한 오류였습니다. 예상된 오류는 '식'였습니다 [C:\__Dev\dcmtk-3.6.7\build\CMakeFiles\CMakeTmp\cmTC_db443.vcxproj]
  C:\__Dev\dcmtk-3.6.7\build\CMakeFiles\CMakeTmp\src.cxx(3,27): error C2059: 구문 오류: ')' [C:\__Dev\dcmtk-3.6.7\build\CMakeFiles\CMakeTmp\cmTC_db443.vcxproj]
  C:\__Dev\dcmtk-3.6.7\build\CMakeFiles\CMakeTmp\src.cxx(3,28): error C2143: 구문 오류: ';'이(가) ']' 앞에 없습니다. [C:\__Dev\dcmtk-3.6.7\build\CMakeFiles\CMakeTmp\cmTC_db443.vcxproj]
  C:\__Dev\dcmtk-3.6.7\build\CMakeFiles\CMakeTmp\src.cxx(3,10): error C2133: 'c': 알 수 없는 크기입니다. [C:\__Dev\dcmtk-3.6.7\build\CMakeFiles\CMakeTmp\cmTC_db443.vcxproj]

    경고 0개
    오류 4개

경과 시간: 00:00:00.36


__attribute__((aligned)) is supported failed with the following output:
Change Dir: C:/__Dev/dcmtk-3.6.7/build/CMakeFiles/CMakeTmp

Run Build Command(s):C:/Program Files/Microsoft Visual Studio/2022/Professional/MSBuild/Current/Bin/amd64/MSBuild.exe cmTC_f2510.vcxproj /p:Configuration=Release /p:Platform=x64 /p:VisualStudioVersion=17.0 /v:n && MSBuild version 17.6.3+07e294721 for .NET Framework
빌드 시작: 2023-07-05 오전 9:31:27

1 노드의 "C:\__Dev\dcmtk-3.6.7\build\CMakeFiles\CMakeTmp\cmTC_f2510.vcxproj" 프로젝트(기본 대상)입니다.
PrepareForBuild:
  "cmTC_f2510.dir\Release\" 디렉터리를 만들고 있습니다.
  "C:\__Dev\dcmtk-3.6.7\build\CMakeFiles\CMakeTmp\Release\" 디렉터리를 만들고 있습니다.
  "cmTC_f2510.dir\Release\cmTC_f2510.tlog\" 디렉터리를 만들고 있습니다.
InitializeBuildStatus:
  "AlwaysCreate"이(가) 지정되었기 때문에 "cmTC_f2510.dir\Release\cmTC_f2510.tlog\unsuccessfulbuild"을(를) 만들고 있습니다.
VcpkgTripletSelection:
  Using triplet "x64-windows" from "C:\__Dev\vcpkg\installed\x64-windows\"
ClCompile:
  C:\Program Files\Microsoft Visual Studio\2022\Professional\VC\Tools\MSVC\14.36.32532\bin\HostX64\x64\CL.exe /c /I"C:\__Dev\vcpkg\installed\x64-windows\include" /W1 /WX- /diagnostics:column /O2 /Ob2 /D _MBCS /D WIN32 /D _WINDOWS /D NDEBUG /D "CMAKE_INTDIR=\"Release\"" /Gm- /EHsc /MT /GS /fp:precise /Zc:wchar_t /Zc:forScope /Zc:inline /GR /Fo"cmTC_f2510.dir\Release\\" /Fd"cmTC_f2510.dir\Release\vc143.pdb" /external:W1 /Gd /TP /errorReport:queue "C:\__Dev\dcmtk-3.6.7\build\CMakeFiles\CMakeTmp\src.cxx"
  Microsoft (R) C/C++ 최적화 컴파일러 버전 19.36.32532(x64)
  src.cxx
  Copyright (c) Microsoft Corporation. All rights reserved.
  cl /c /I"C:\__Dev\vcpkg\installed\x64-windows\include" /W1 /WX- /diagnostics:column /O2 /Ob2 /D _MBCS /D WIN32 /D _WINDOWS /D NDEBUG /D "CMAKE_INTDIR=\"Release\"" /Gm- /EHsc /MT /GS /fp:precise /Zc:wchar_t /Zc:forScope /Zc:inline /GR /Fo"cmTC_f2510.dir\Release\\" /Fd"cmTC_f2510.dir\Release\vc143.pdb" /external:W1 /Gd /TP /errorReport:queue "C:\__Dev\dcmtk-3.6.7\build\CMakeFiles\CMakeTmp\src.cxx"
C:\__Dev\dcmtk-3.6.7\build\CMakeFiles\CMakeTmp\src.cxx(3,20): error C3861: 'aligned': 식별자를 찾을 수 없습니다. [C:\__Dev\dcmtk-3.6.7\build\CMakeFiles\CMakeTmp\cmTC_f2510.vcxproj]
C:\__Dev\dcmtk-3.6.7\build\CMakeFiles\CMakeTmp\src.cxx(3,5): error C3861: '__attribute__': 식별자를 찾을 수 없습니다. [C:\__Dev\dcmtk-3.6.7\build\CMakeFiles\CMakeTmp\cmTC_f2510.vcxproj]
C:\__Dev\dcmtk-3.6.7\build\CMakeFiles\CMakeTmp\src.cxx(3,33): error C2144: 구문 오류: char'은(는) ';' 다음에 와야 합니다. [C:\__Dev\dcmtk-3.6.7\build\CMakeFiles\CMakeTmp\cmTC_f2510.vcxproj]
"C:\__Dev\dcmtk-3.6.7\build\CMakeFiles\CMakeTmp\cmTC_f2510.vcxproj" 프로젝트를 빌드했습니다(기본 대상). - 실패

빌드하지 못했습니다.

"C:\__Dev\dcmtk-3.6.7\build\CMakeFiles\CMakeTmp\cmTC_f2510.vcxproj"(기본 대상)(1)->
(ClCompile 대상) -> 
  C:\__Dev\dcmtk-3.6.7\build\CMakeFiles\CMakeTmp\src.cxx(3,20): error C3861: 'aligned': 식별자를 찾을 수 없습니다. [C:\__Dev\dcmtk-3.6.7\build\CMakeFiles\CMakeTmp\cmTC_f2510.vcxproj]
  C:\__Dev\dcmtk-3.6.7\build\CMakeFiles\CMakeTmp\src.cxx(3,5): error C3861: '__attribute__': 식별자를 찾을 수 없습니다. [C:\__Dev\dcmtk-3.6.7\build\CMakeFiles\CMakeTmp\cmTC_f2510.vcxproj]
  C:\__Dev\dcmtk-3.6.7\build\CMakeFiles\CMakeTmp\src.cxx(3,33): error C2144: 구문 오류: char'은(는) ';' 다음에 와야 합니다. [C:\__Dev\dcmtk-3.6.7\build\CMakeFiles\CMakeTmp\cmTC_f2510.vcxproj]

    경고 0개
    오류 3개

경과 시간: 00:00:00.38


__attribute__((aligned)) supports templates failed with the following output:
Change Dir: C:/__Dev/dcmtk-3.6.7/build/CMakeFiles/CMakeTmp

Run Build Command(s):C:/Program Files/Microsoft Visual Studio/2022/Professional/MSBuild/Current/Bin/amd64/MSBuild.exe cmTC_99ae2.vcxproj /p:Configuration=Release /p:Platform=x64 /p:VisualStudioVersion=17.0 /v:n && MSBuild version 17.6.3+07e294721 for .NET Framework
빌드 시작: 2023-07-05 오전 9:31:27

1 노드의 "C:\__Dev\dcmtk-3.6.7\build\CMakeFiles\CMakeTmp\cmTC_99ae2.vcxproj" 프로젝트(기본 대상)입니다.
PrepareForBuild:
  "cmTC_99ae2.dir\Release\" 디렉터리를 만들고 있습니다.
  "C:\__Dev\dcmtk-3.6.7\build\CMakeFiles\CMakeTmp\Release\" 디렉터리를 만들고 있습니다.
  "cmTC_99ae2.dir\Release\cmTC_99ae2.tlog\" 디렉터리를 만들고 있습니다.
InitializeBuildStatus:
  "AlwaysCreate"이(가) 지정되었기 때문에 "cmTC_99ae2.dir\Release\cmTC_99ae2.tlog\unsuccessfulbuild"을(를) 만들고 있습니다.
VcpkgTripletSelection:
  Using triplet "x64-windows" from "C:\__Dev\vcpkg\installed\x64-windows\"
ClCompile:
  C:\Program Files\Microsoft Visual Studio\2022\Professional\VC\Tools\MSVC\14.36.32532\bin\HostX64\x64\CL.exe /c /I"C:\__Dev\vcpkg\installed\x64-windows\include" /W1 /WX- /diagnostics:column /O2 /Ob2 /D _MBCS /D WIN32 /D _WINDOWS /D NDEBUG /D "CMAKE_INTDIR=\"Release\"" /Gm- /EHsc /MT /GS /fp:precise /Zc:wchar_t /Zc:forScope /Zc:inline /GR /Fo"cmTC_99ae2.dir\Release\\" /Fd"cmTC_99ae2.dir\Release\vc143.pdb" /external:W1 /Gd /TP /errorReport:queue "C:\__Dev\dcmtk-3.6.7\build\CMakeFiles\CMakeTmp\src.cxx"
  Microsoft (R) C/C++ 최적화 컴파일러 버전 19.36.32532(x64)
  src.cxx
  Copyright (c) Microsoft Corporation. All rights reserved.
  cl /c /I"C:\__Dev\vcpkg\installed\x64-windows\include" /W1 /WX- /diagnostics:column /O2 /Ob2 /D _MBCS /D WIN32 /D _WINDOWS /D NDEBUG /D "CMAKE_INTDIR=\"Release\"" /Gm- /EHsc /MT /GS /fp:precise /Zc:wchar_t /Zc:forScope /Zc:inline /GR /Fo"cmTC_99ae2.dir\Release\\" /Fd"cmTC_99ae2.dir\Release\vc143.pdb" /external:W1 /Gd /TP /errorReport:queue "C:\__Dev\dcmtk-3.6.7\build\CMakeFiles\CMakeTmp\src.cxx"
C:\__Dev\dcmtk-3.6.7\build\CMakeFiles\CMakeTmp\src.cxx(2,30): error C3646: '__attribute__': 알 수 없는 재정의 지정자입니다. [C:\__Dev\dcmtk-3.6.7\build\CMakeFiles\CMakeTmp\cmTC_99ae2.vcxproj]
C:\__Dev\dcmtk-3.6.7\build\CMakeFiles\CMakeTmp\src.cxx(2,60): message : 컴파일되는 클래스 템플릿 인스턴스화 'test<T>'에 대한 참조를 확인하세요. [C:\__Dev\dcmtk-3.6.7\build\CMakeFiles\CMakeTmp\cmTC_99ae2.vcxproj]
C:\__Dev\dcmtk-3.6.7\build\CMakeFiles\CMakeTmp\src.cxx(2,45): error C3861: 'aligned': 식별자를 찾을 수 없습니다. [C:\__Dev\dcmtk-3.6.7\build\CMakeFiles\CMakeTmp\cmTC_99ae2.vcxproj]
C:\__Dev\dcmtk-3.6.7\build\CMakeFiles\CMakeTmp\src.cxx(2): error C2096: 'type': 데이터 멤버는 괄호로 묶인 이니셜라이저로 초기화할 수 없습니다. [C:\__Dev\dcmtk-3.6.7\build\CMakeFiles\CMakeTmp\cmTC_99ae2.vcxproj]
C:\__Dev\dcmtk-3.6.7\build\CMakeFiles\CMakeTmp\src.cxx(2): error C2852: 'test<T>::type': 데이터 멤버만 클래스 내부에서 초기화될 수 있습니다. [C:\__Dev\dcmtk-3.6.7\build\CMakeFiles\CMakeTmp\cmTC_99ae2.vcxproj]
C:\__Dev\dcmtk-3.6.7\build\CMakeFiles\CMakeTmp\src.cxx(2): error C2852: 'test<char>::type': 데이터 멤버만 클래스 내부에서 초기화될 수 있습니다. [C:\__Dev\dcmtk-3.6.7\build\CMakeFiles\CMakeTmp\cmTC_99ae2.vcxproj]
"C:\__Dev\dcmtk-3.6.7\build\CMakeFiles\CMakeTmp\cmTC_99ae2.vcxproj" 프로젝트를 빌드했습니다(기본 대상). - 실패

빌드하지 못했습니다.

"C:\__Dev\dcmtk-3.6.7\build\CMakeFiles\CMakeTmp\cmTC_99ae2.vcxproj"(기본 대상)(1)->
(ClCompile 대상) -> 
  C:\__Dev\dcmtk-3.6.7\build\CMakeFiles\CMakeTmp\src.cxx(2,30): error C3646: '__attribute__': 알 수 없는 재정의 지정자입니다. [C:\__Dev\dcmtk-3.6.7\build\CMakeFiles\CMakeTmp\cmTC_99ae2.vcxproj]
  C:\__Dev\dcmtk-3.6.7\build\CMakeFiles\CMakeTmp\src.cxx(2,45): error C3861: 'aligned': 식별자를 찾을 수 없습니다. [C:\__Dev\dcmtk-3.6.7\build\CMakeFiles\CMakeTmp\cmTC_99ae2.vcxproj]
  C:\__Dev\dcmtk-3.6.7\build\CMakeFiles\CMakeTmp\src.cxx(2): error C2096: 'type': 데이터 멤버는 괄호로 묶인 이니셜라이저로 초기화할 수 없습니다. [C:\__Dev\dcmtk-3.6.7\build\CMakeFiles\CMakeTmp\cmTC_99ae2.vcxproj]
  C:\__Dev\dcmtk-3.6.7\build\CMakeFiles\CMakeTmp\src.cxx(2): error C2852: 'test<T>::type': 데이터 멤버만 클래스 내부에서 초기화될 수 있습니다. [C:\__Dev\dcmtk-3.6.7\build\CMakeFiles\CMakeTmp\cmTC_99ae2.vcxproj]
  C:\__Dev\dcmtk-3.6.7\build\CMakeFiles\CMakeTmp\src.cxx(2): error C2852: 'test<char>::type': 데이터 멤버만 클래스 내부에서 초기화될 수 있습니다. [C:\__Dev\dcmtk-3.6.7\build\CMakeFiles\CMakeTmp\cmTC_99ae2.vcxproj]

    경고 0개
    오류 5개

경과 시간: 00:00:00.37


the compiler supports default constructor detection via SFINAE failed with the following output:
Change Dir: C:/__Dev/dcmtk-3.6.7/build/CMakeFiles/CMakeTmp

Run Build Command(s):C:/Program Files/Microsoft Visual Studio/2022/Professional/MSBuild/Current/Bin/amd64/MSBuild.exe cmTC_9d049.vcxproj /p:Configuration=Release /p:Platform=x64 /p:VisualStudioVersion=17.0 /v:n && MSBuild version 17.6.3+07e294721 for .NET Framework
빌드 시작: 2023-07-05 오전 9:31:30

1 노드의 "C:\__Dev\dcmtk-3.6.7\build\CMakeFiles\CMakeTmp\cmTC_9d049.vcxproj" 프로젝트(기본 대상)입니다.
PrepareForBuild:
  "cmTC_9d049.dir\Release\" 디렉터리를 만들고 있습니다.
  "C:\__Dev\dcmtk-3.6.7\build\CMakeFiles\CMakeTmp\Release\" 디렉터리를 만들고 있습니다.
  "cmTC_9d049.dir\Release\cmTC_9d049.tlog\" 디렉터리를 만들고 있습니다.
InitializeBuildStatus:
  "AlwaysCreate"이(가) 지정되었기 때문에 "cmTC_9d049.dir\Release\cmTC_9d049.tlog\unsuccessfulbuild"을(를) 만들고 있습니다.
VcpkgTripletSelection:
  Using triplet "x64-windows" from "C:\__Dev\vcpkg\installed\x64-windows\"
ClCompile:
  C:\Program Files\Microsoft Visual Studio\2022\Professional\VC\Tools\MSVC\14.36.32532\bin\HostX64\x64\CL.exe /c /I"C:\__Dev\vcpkg\installed\x64-windows\include" /W1 /WX- /diagnostics:column /O2 /Ob2 /D _MBCS /D WIN32 /D _WINDOWS /D NDEBUG /D "CMAKE_INTDIR=\"Release\"" /Gm- /EHsc /MT /GS /fp:precise /Zc:wchar_t /Zc:forScope /Zc:inline /GR /Fo"cmTC_9d049.dir\Release\\" /Fd"cmTC_9d049.dir\Release\vc143.pdb" /external:W1 /Gd /TP /errorReport:queue "C:\__Dev\dcmtk-3.6.7\build\CMakeFiles\CMakeTmp\src.cxx"
  Microsoft (R) C/C++ 최적화 컴파일러 버전 19.36.32532(x64)
  src.cxx
  Copyright (c) Microsoft Corporation. All rights reserved.
  cl /c /I"C:\__Dev\vcpkg\installed\x64-windows\include" /W1 /WX- /diagnostics:column /O2 /Ob2 /D _MBCS /D WIN32 /D _WINDOWS /D NDEBUG /D "CMAKE_INTDIR=\"Release\"" /Gm- /EHsc /MT /GS /fp:precise /Zc:wchar_t /Zc:forScope /Zc:inline /GR /Fo"cmTC_9d049.dir\Release\\" /Fd"cmTC_9d049.dir\Release\vc143.pdb" /external:W1 /Gd /TP /errorReport:queue "C:\__Dev\dcmtk-3.6.7\build\CMakeFiles\CMakeTmp\src.cxx"
C:\__Dev\dcmtk-3.6.7\build\CMakeFiles\CMakeTmp\src.cxx(6,39): error C2100: 간접 참조가 잘못되었습니다. [C:\__Dev\dcmtk-3.6.7\build\CMakeFiles\CMakeTmp\cmTC_9d049.vcxproj]
C:\__Dev\dcmtk-3.6.7\build\CMakeFiles\CMakeTmp\src.cxx(6,47): error C2059: 구문 오류: ')' [C:\__Dev\dcmtk-3.6.7\build\CMakeFiles\CMakeTmp\cmTC_9d049.vcxproj]
C:\__Dev\dcmtk-3.6.7\build\CMakeFiles\CMakeTmp\src.cxx(7,20): error C2947: template-argument-list을(를) 끝내려면 '>' 기호가 있어야 하는데 '>'이(가) 있습니다. [C:\__Dev\dcmtk-3.6.7\build\CMakeFiles\CMakeTmp\cmTC_9d049.vcxproj]
C:\__Dev\dcmtk-3.6.7\build\CMakeFiles\CMakeTmp\src.cxx(8,1): error C2144: 구문 오류: no_type'은(는) ')' 다음에 와야 합니다. [C:\__Dev\dcmtk-3.6.7\build\CMakeFiles\CMakeTmp\cmTC_9d049.vcxproj]
C:\__Dev\dcmtk-3.6.7\build\CMakeFiles\CMakeTmp\src.cxx(8,1): error C2144: 구문 오류: no_type'은(는) ';' 다음에 와야 합니다. [C:\__Dev\dcmtk-3.6.7\build\CMakeFiles\CMakeTmp\cmTC_9d049.vcxproj]
C:\__Dev\dcmtk-3.6.7\build\CMakeFiles\CMakeTmp\src.cxx(16,26): error C2065: 'sfinae': 선언되지 않은 식별자입니다. [C:\__Dev\dcmtk-3.6.7\build\CMakeFiles\CMakeTmp\cmTC_9d049.vcxproj]
C:\__Dev\dcmtk-3.6.7\build\CMakeFiles\CMakeTmp\src.cxx(16,33): error C2955: 'test': 클래스 템플릿을(를) 사용하려면 템플릿 인수 목록이 필요합니다. [C:\__Dev\dcmtk-3.6.7\build\CMakeFiles\CMakeTmp\cmTC_9d049.vcxproj]
C:\__Dev\dcmtk-3.6.7\build\CMakeFiles\CMakeTmp\src.cxx(9,13): message : 'test' 선언을 참조하십시오. [C:\__Dev\dcmtk-3.6.7\build\CMakeFiles\CMakeTmp\cmTC_9d049.vcxproj]
"C:\__Dev\dcmtk-3.6.7\build\CMakeFiles\CMakeTmp\cmTC_9d049.vcxproj" 프로젝트를 빌드했습니다(기본 대상). - 실패

빌드하지 못했습니다.

"C:\__Dev\dcmtk-3.6.7\build\CMakeFiles\CMakeTmp\cmTC_9d049.vcxproj"(기본 대상)(1)->
(ClCompile 대상) -> 
  C:\__Dev\dcmtk-3.6.7\build\CMakeFiles\CMakeTmp\src.cxx(6,39): error C2100: 간접 참조가 잘못되었습니다. [C:\__Dev\dcmtk-3.6.7\build\CMakeFiles\CMakeTmp\cmTC_9d049.vcxproj]
  C:\__Dev\dcmtk-3.6.7\build\CMakeFiles\CMakeTmp\src.cxx(6,47): error C2059: 구문 오류: ')' [C:\__Dev\dcmtk-3.6.7\build\CMakeFiles\CMakeTmp\cmTC_9d049.vcxproj]
  C:\__Dev\dcmtk-3.6.7\build\CMakeFiles\CMakeTmp\src.cxx(7,20): error C2947: template-argument-list을(를) 끝내려면 '>' 기호가 있어야 하는데 '>'이(가) 있습니다. [C:\__Dev\dcmtk-3.6.7\build\CMakeFiles\CMakeTmp\cmTC_9d049.vcxproj]
  C:\__Dev\dcmtk-3.6.7\build\CMakeFiles\CMakeTmp\src.cxx(8,1): error C2144: 구문 오류: no_type'은(는) ')' 다음에 와야 합니다. [C:\__Dev\dcmtk-3.6.7\build\CMakeFiles\CMakeTmp\cmTC_9d049.vcxproj]
  C:\__Dev\dcmtk-3.6.7\build\CMakeFiles\CMakeTmp\src.cxx(8,1): error C2144: 구문 오류: no_type'은(는) ';' 다음에 와야 합니다. [C:\__Dev\dcmtk-3.6.7\build\CMakeFiles\CMakeTmp\cmTC_9d049.vcxproj]
  C:\__Dev\dcmtk-3.6.7\build\CMakeFiles\CMakeTmp\src.cxx(16,26): error C2065: 'sfinae': 선언되지 않은 식별자입니다. [C:\__Dev\dcmtk-3.6.7\build\CMakeFiles\CMakeTmp\cmTC_9d049.vcxproj]
  C:\__Dev\dcmtk-3.6.7\build\CMakeFiles\CMakeTmp\src.cxx(16,33): error C2955: 'test': 클래스 템플릿을(를) 사용하려면 템플릿 인수 목록이 필요합니다. [C:\__Dev\dcmtk-3.6.7\build\CMakeFiles\CMakeTmp\cmTC_9d049.vcxproj]

    경고 0개
    오류 7개

경과 시간: 00:00:00.37


the compiler supports __attribute__((deprecated)) failed with the following output:
Change Dir: C:/__Dev/dcmtk-3.6.7/build/CMakeFiles/CMakeTmp

Run Build Command(s):C:/Program Files/Microsoft Visual Studio/2022/Professional/MSBuild/Current/Bin/amd64/MSBuild.exe cmTC_472d2.vcxproj /p:Configuration=Release /p:Platform=x64 /p:VisualStudioVersion=17.0 /v:n && MSBuild version 17.6.3+07e294721 for .NET Framework
빌드 시작: 2023-07-05 오전 9:31:40

1 노드의 "C:\__Dev\dcmtk-3.6.7\build\CMakeFiles\CMakeTmp\cmTC_472d2.vcxproj" 프로젝트(기본 대상)입니다.
PrepareForBuild:
  "cmTC_472d2.dir\Release\" 디렉터리를 만들고 있습니다.
  "C:\__Dev\dcmtk-3.6.7\build\CMakeFiles\CMakeTmp\Release\" 디렉터리를 만들고 있습니다.
  "cmTC_472d2.dir\Release\cmTC_472d2.tlog\" 디렉터리를 만들고 있습니다.
InitializeBuildStatus:
  "AlwaysCreate"이(가) 지정되었기 때문에 "cmTC_472d2.dir\Release\cmTC_472d2.tlog\unsuccessfulbuild"을(를) 만들고 있습니다.
VcpkgTripletSelection:
  Using triplet "x64-windows" from "C:\__Dev\vcpkg\installed\x64-windows\"
ClCompile:
  C:\Program Files\Microsoft Visual Studio\2022\Professional\VC\Tools\MSVC\14.36.32532\bin\HostX64\x64\CL.exe /c /I"C:\__Dev\vcpkg\installed\x64-windows\include" /W1 /WX- /diagnostics:column /O2 /Ob2 /D _MBCS /D WIN32 /D _WINDOWS /D NDEBUG /D "CMAKE_INTDIR=\"Release\"" /Gm- /EHsc /MT /GS /fp:precise /Zc:wchar_t /Zc:forScope /Zc:inline /GR /Fo"cmTC_472d2.dir\Release\\" /Fd"cmTC_472d2.dir\Release\vc143.pdb" /external:W1 /Gd /TP /errorReport:queue "C:\__Dev\dcmtk-3.6.7\build\CMakeFiles\CMakeTmp\src.cxx"
  Microsoft (R) C/C++ 최적화 컴파일러 버전 19.36.32532(x64)
  src.cxx
  Copyright (c) Microsoft Corporation. All rights reserved.
  cl /c /I"C:\__Dev\vcpkg\installed\x64-windows\include" /W1 /WX- /diagnostics:column /O2 /Ob2 /D _MBCS /D WIN32 /D _WINDOWS /D NDEBUG /D "CMAKE_INTDIR=\"Release\"" /Gm- /EHsc /MT /GS /fp:precise /Zc:wchar_t /Zc:forScope /Zc:inline /GR /Fo"cmTC_472d2.dir\Release\\" /Fd"cmTC_472d2.dir\Release\vc143.pdb" /external:W1 /Gd /TP /errorReport:queue "C:\__Dev\dcmtk-3.6.7\build\CMakeFiles\CMakeTmp\src.cxx"
C:\__Dev\dcmtk-3.6.7\build\CMakeFiles\CMakeTmp\src.cxx(1,16): error C2065: 'deprecated': 선언되지 않은 식별자입니다. [C:\__Dev\dcmtk-3.6.7\build\CMakeFiles\CMakeTmp\cmTC_472d2.vcxproj]
C:\__Dev\dcmtk-3.6.7\build\CMakeFiles\CMakeTmp\src.cxx(1,27): error C4430: 형식 지정자가 없습니다. int로 가정합니다. 참고: C++에서는 기본 int를 지원하지 않습니다. [C:\__Dev\dcmtk-3.6.7\build\CMakeFiles\CMakeTmp\cmTC_472d2.vcxproj]
C:\__Dev\dcmtk-3.6.7\build\CMakeFiles\CMakeTmp\src.cxx(1,29): error C2062: 예기치 않은 'int' 형식입니다. [C:\__Dev\dcmtk-3.6.7\build\CMakeFiles\CMakeTmp\cmTC_472d2.vcxproj]
C:\__Dev\dcmtk-3.6.7\build\CMakeFiles\CMakeTmp\src.cxx(1,39): error C2143: 구문 오류: ';'이(가) '{' 앞에 없습니다. [C:\__Dev\dcmtk-3.6.7\build\CMakeFiles\CMakeTmp\cmTC_472d2.vcxproj]
C:\__Dev\dcmtk-3.6.7\build\CMakeFiles\CMakeTmp\src.cxx(1,39): error C2447: '{': 함수 헤더가 없습니다. 이전 스타일의 형식 목록입니까? [C:\__Dev\dcmtk-3.6.7\build\CMakeFiles\CMakeTmp\cmTC_472d2.vcxproj]
"C:\__Dev\dcmtk-3.6.7\build\CMakeFiles\CMakeTmp\cmTC_472d2.vcxproj" 프로젝트를 빌드했습니다(기본 대상). - 실패

빌드하지 못했습니다.

"C:\__Dev\dcmtk-3.6.7\build\CMakeFiles\CMakeTmp\cmTC_472d2.vcxproj"(기본 대상)(1)->
(ClCompile 대상) -> 
  C:\__Dev\dcmtk-3.6.7\build\CMakeFiles\CMakeTmp\src.cxx(1,16): error C2065: 'deprecated': 선언되지 않은 식별자입니다. [C:\__Dev\dcmtk-3.6.7\build\CMakeFiles\CMakeTmp\cmTC_472d2.vcxproj]
  C:\__Dev\dcmtk-3.6.7\build\CMakeFiles\CMakeTmp\src.cxx(1,27): error C4430: 형식 지정자가 없습니다. int로 가정합니다. 참고: C++에서는 기본 int를 지원하지 않습니다. [C:\__Dev\dcmtk-3.6.7\build\CMakeFiles\CMakeTmp\cmTC_472d2.vcxproj]
  C:\__Dev\dcmtk-3.6.7\build\CMakeFiles\CMakeTmp\src.cxx(1,29): error C2062: 예기치 않은 'int' 형식입니다. [C:\__Dev\dcmtk-3.6.7\build\CMakeFiles\CMakeTmp\cmTC_472d2.vcxproj]
  C:\__Dev\dcmtk-3.6.7\build\CMakeFiles\CMakeTmp\src.cxx(1,39): error C2143: 구문 오류: ';'이(가) '{' 앞에 없습니다. [C:\__Dev\dcmtk-3.6.7\build\CMakeFiles\CMakeTmp\cmTC_472d2.vcxproj]
  C:\__Dev\dcmtk-3.6.7\build\CMakeFiles\CMakeTmp\src.cxx(1,39): error C2447: '{': 함수 헤더가 없습니다. 이전 스타일의 형식 목록입니까? [C:\__Dev\dcmtk-3.6.7\build\CMakeFiles\CMakeTmp\cmTC_472d2.vcxproj]

    경고 0개
    오류 5개

경과 시간: 00:00:00.37


the compiler supports __attribute__((deprecated("message"))) failed with the following output:
Change Dir: C:/__Dev/dcmtk-3.6.7/build/CMakeFiles/CMakeTmp

Run Build Command(s):C:/Program Files/Microsoft Visual Studio/2022/Professional/MSBuild/Current/Bin/amd64/MSBuild.exe cmTC_d0afe.vcxproj /p:Configuration=Release /p:Platform=x64 /p:VisualStudioVersion=17.0 /v:n && MSBuild version 17.6.3+07e294721 for .NET Framework
빌드 시작: 2023-07-05 오전 9:31:41

1 노드의 "C:\__Dev\dcmtk-3.6.7\build\CMakeFiles\CMakeTmp\cmTC_d0afe.vcxproj" 프로젝트(기본 대상)입니다.
PrepareForBuild:
  "cmTC_d0afe.dir\Release\" 디렉터리를 만들고 있습니다.
  "C:\__Dev\dcmtk-3.6.7\build\CMakeFiles\CMakeTmp\Release\" 디렉터리를 만들고 있습니다.
  "cmTC_d0afe.dir\Release\cmTC_d0afe.tlog\" 디렉터리를 만들고 있습니다.
InitializeBuildStatus:
  "AlwaysCreate"이(가) 지정되었기 때문에 "cmTC_d0afe.dir\Release\cmTC_d0afe.tlog\unsuccessfulbuild"을(를) 만들고 있습니다.
VcpkgTripletSelection:
  Using triplet "x64-windows" from "C:\__Dev\vcpkg\installed\x64-windows\"
ClCompile:
  C:\Program Files\Microsoft Visual Studio\2022\Professional\VC\Tools\MSVC\14.36.32532\bin\HostX64\x64\CL.exe /c /I"C:\__Dev\vcpkg\installed\x64-windows\include" /W1 /WX- /diagnostics:column /O2 /Ob2 /D _MBCS /D WIN32 /D _WINDOWS /D NDEBUG /D "CMAKE_INTDIR=\"Release\"" /Gm- /EHsc /MT /GS /fp:precise /Zc:wchar_t /Zc:forScope /Zc:inline /GR /Fo"cmTC_d0afe.dir\Release\\" /Fd"cmTC_d0afe.dir\Release\vc143.pdb" /external:W1 /Gd /TP /errorReport:queue "C:\__Dev\dcmtk-3.6.7\build\CMakeFiles\CMakeTmp\src.cxx"
  Microsoft (R) C/C++ 최적화 컴파일러 버전 19.36.32532(x64)
  src.cxx
  Copyright (c) Microsoft Corporation. All rights reserved.
  cl /c /I"C:\__Dev\vcpkg\installed\x64-windows\include" /W1 /WX- /diagnostics:column /O2 /Ob2 /D _MBCS /D WIN32 /D _WINDOWS /D NDEBUG /D "CMAKE_INTDIR=\"Release\"" /Gm- /EHsc /MT /GS /fp:precise /Zc:wchar_t /Zc:forScope /Zc:inline /GR /Fo"cmTC_d0afe.dir\Release\\" /Fd"cmTC_d0afe.dir\Release\vc143.pdb" /external:W1 /Gd /TP /errorReport:queue "C:\__Dev\dcmtk-3.6.7\build\CMakeFiles\CMakeTmp\src.cxx"
C:\__Dev\dcmtk-3.6.7\build\CMakeFiles\CMakeTmp\src.cxx(1,16): error C3861: 'deprecated': 식별자를 찾을 수 없습니다. [C:\__Dev\dcmtk-3.6.7\build\CMakeFiles\CMakeTmp\cmTC_d0afe.vcxproj]
C:\__Dev\dcmtk-3.6.7\build\CMakeFiles\CMakeTmp\src.cxx(1,38): error C4430: 형식 지정자가 없습니다. int로 가정합니다. 참고: C++에서는 기본 int를 지원하지 않습니다. [C:\__Dev\dcmtk-3.6.7\build\CMakeFiles\CMakeTmp\cmTC_d0afe.vcxproj]
C:\__Dev\dcmtk-3.6.7\build\CMakeFiles\CMakeTmp\src.cxx(1,40): error C2062: 예기치 않은 'int' 형식입니다. [C:\__Dev\dcmtk-3.6.7\build\CMakeFiles\CMakeTmp\cmTC_d0afe.vcxproj]
C:\__Dev\dcmtk-3.6.7\build\CMakeFiles\CMakeTmp\src.cxx(1,50): error C2143: 구문 오류: ';'이(가) '{' 앞에 없습니다. [C:\__Dev\dcmtk-3.6.7\build\CMakeFiles\CMakeTmp\cmTC_d0afe.vcxproj]
C:\__Dev\dcmtk-3.6.7\build\CMakeFiles\CMakeTmp\src.cxx(1,50): error C2447: '{': 함수 헤더가 없습니다. 이전 스타일의 형식 목록입니까? [C:\__Dev\dcmtk-3.6.7\build\CMakeFiles\CMakeTmp\cmTC_d0afe.vcxproj]
"C:\__Dev\dcmtk-3.6.7\build\CMakeFiles\CMakeTmp\cmTC_d0afe.vcxproj" 프로젝트를 빌드했습니다(기본 대상). - 실패

빌드하지 못했습니다.

"C:\__Dev\dcmtk-3.6.7\build\CMakeFiles\CMakeTmp\cmTC_d0afe.vcxproj"(기본 대상)(1)->
(ClCompile 대상) -> 
  C:\__Dev\dcmtk-3.6.7\build\CMakeFiles\CMakeTmp\src.cxx(1,16): error C3861: 'deprecated': 식별자를 찾을 수 없습니다. [C:\__Dev\dcmtk-3.6.7\build\CMakeFiles\CMakeTmp\cmTC_d0afe.vcxproj]
  C:\__Dev\dcmtk-3.6.7\build\CMakeFiles\CMakeTmp\src.cxx(1,38): error C4430: 형식 지정자가 없습니다. int로 가정합니다. 참고: C++에서는 기본 int를 지원하지 않습니다. [C:\__Dev\dcmtk-3.6.7\build\CMakeFiles\CMakeTmp\cmTC_d0afe.vcxproj]
  C:\__Dev\dcmtk-3.6.7\build\CMakeFiles\CMakeTmp\src.cxx(1,40): error C2062: 예기치 않은 'int' 형식입니다. [C:\__Dev\dcmtk-3.6.7\build\CMakeFiles\CMakeTmp\cmTC_d0afe.vcxproj]
  C:\__Dev\dcmtk-3.6.7\build\CMakeFiles\CMakeTmp\src.cxx(1,50): error C2143: 구문 오류: ';'이(가) '{' 앞에 없습니다. [C:\__Dev\dcmtk-3.6.7\build\CMakeFiles\CMakeTmp\cmTC_d0afe.vcxproj]
  C:\__Dev\dcmtk-3.6.7\build\CMakeFiles\CMakeTmp\src.cxx(1,50): error C2447: '{': 함수 헤더가 없습니다. 이전 스타일의 형식 목록입니까? [C:\__Dev\dcmtk-3.6.7\build\CMakeFiles\CMakeTmp\cmTC_d0afe.vcxproj]

    경고 0개
    오류 5개

경과 시간: 00:00:00.38


the iterator category contiguous is declared failed with the following output:
Change Dir: C:/__Dev/dcmtk-3.6.7/build/CMakeFiles/CMakeTmp

Run Build Command(s):C:/Program Files/Microsoft Visual Studio/2022/Professional/MSBuild/Current/Bin/amd64/MSBuild.exe cmTC_a2e80.vcxproj /p:Configuration=Release /p:Platform=x64 /p:VisualStudioVersion=17.0 /v:n && MSBuild version 17.6.3+07e294721 for .NET Framework
빌드 시작: 2023-07-05 오전 9:31:53

1 노드의 "C:\__Dev\dcmtk-3.6.7\build\CMakeFiles\CMakeTmp\cmTC_a2e80.vcxproj" 프로젝트(기본 대상)입니다.
PrepareForBuild:
  "cmTC_a2e80.dir\Release\" 디렉터리를 만들고 있습니다.
  "C:\__Dev\dcmtk-3.6.7\build\CMakeFiles\CMakeTmp\Release\" 디렉터리를 만들고 있습니다.
  "cmTC_a2e80.dir\Release\cmTC_a2e80.tlog\" 디렉터리를 만들고 있습니다.
InitializeBuildStatus:
  "AlwaysCreate"이(가) 지정되었기 때문에 "cmTC_a2e80.dir\Release\cmTC_a2e80.tlog\unsuccessfulbuild"을(를) 만들고 있습니다.
VcpkgTripletSelection:
  Using triplet "x64-windows" from "C:\__Dev\vcpkg\installed\x64-windows\"
ClCompile:
  C:\Program Files\Microsoft Visual Studio\2022\Professional\VC\Tools\MSVC\14.36.32532\bin\HostX64\x64\CL.exe /c /I"C:\__Dev\vcpkg\installed\x64-windows\include" /W1 /WX- /diagnostics:column /O2 /Ob2 /D _MBCS /D WIN32 /D _WINDOWS /D NDEBUG /D "CMAKE_INTDIR=\"Release\"" /Gm- /EHsc /MT /GS /fp:precise /Zc:wchar_t /Zc:forScope /Zc:inline /GR /Fo"cmTC_a2e80.dir\Release\\" /Fd"cmTC_a2e80.dir\Release\vc143.pdb" /external:W1 /Gd /TP /errorReport:queue "C:\__Dev\dcmtk-3.6.7\build\CMakeFiles\CMakeTmp\src.cxx"
  Microsoft (R) C/C++ 최적화 컴파일러 버전 19.36.32532(x64)
  src.cxx
  Copyright (c) Microsoft Corporation. All rights reserved.
  cl /c /I"C:\__Dev\vcpkg\installed\x64-windows\include" /W1 /WX- /diagnostics:column /O2 /Ob2 /D _MBCS /D WIN32 /D _WINDOWS /D NDEBUG /D "CMAKE_INTDIR=\"Release\"" /Gm- /EHsc /MT /GS /fp:precise /Zc:wchar_t /Zc:forScope /Zc:inline /GR /Fo"cmTC_a2e80.dir\Release\\" /Fd"cmTC_a2e80.dir\Release\vc143.pdb" /external:W1 /Gd /TP /errorReport:queue "C:\__Dev\dcmtk-3.6.7\build\CMakeFiles\CMakeTmp\src.cxx"
C:\__Dev\dcmtk-3.6.7\build\CMakeFiles\CMakeTmp\src.cxx(4,18): error C2039: 'contiguous_iterator_tag': 'std'의 멤버가 아닙니다. [C:\__Dev\dcmtk-3.6.7\build\CMakeFiles\CMakeTmp\cmTC_a2e80.vcxproj]
C:\Program Files\Microsoft Visual Studio\2022\Professional\VC\Tools\MSVC\14.36.32532\include\iterator(21,1): message : 'std' 선언을 참조하십시오. [C:\__Dev\dcmtk-3.6.7\build\CMakeFiles\CMakeTmp\cmTC_a2e80.vcxproj]
C:\__Dev\dcmtk-3.6.7\build\CMakeFiles\CMakeTmp\src.cxx(4,50): error C4430: 형식 지정자가 없습니다. int로 가정합니다. 참고: C++에서는 기본 int를 지원하지 않습니다. [C:\__Dev\dcmtk-3.6.7\build\CMakeFiles\CMakeTmp\cmTC_a2e80.vcxproj]
C:\__Dev\dcmtk-3.6.7\build\CMakeFiles\CMakeTmp\src.cxx(4,42): error C2146: 구문 오류: ';'이(가) 'category' 식별자 앞에 없습니다. [C:\__Dev\dcmtk-3.6.7\build\CMakeFiles\CMakeTmp\cmTC_a2e80.vcxproj]
C:\__Dev\dcmtk-3.6.7\build\CMakeFiles\CMakeTmp\src.cxx(4,42): error C2065: 'category': 선언되지 않은 식별자입니다. [C:\__Dev\dcmtk-3.6.7\build\CMakeFiles\CMakeTmp\cmTC_a2e80.vcxproj]
"C:\__Dev\dcmtk-3.6.7\build\CMakeFiles\CMakeTmp\cmTC_a2e80.vcxproj" 프로젝트를 빌드했습니다(기본 대상). - 실패

빌드하지 못했습니다.

"C:\__Dev\dcmtk-3.6.7\build\CMakeFiles\CMakeTmp\cmTC_a2e80.vcxproj"(기본 대상)(1)->
(ClCompile 대상) -> 
  C:\__Dev\dcmtk-3.6.7\build\CMakeFiles\CMakeTmp\src.cxx(4,18): error C2039: 'contiguous_iterator_tag': 'std'의 멤버가 아닙니다. [C:\__Dev\dcmtk-3.6.7\build\CMakeFiles\CMakeTmp\cmTC_a2e80.vcxproj]
  C:\__Dev\dcmtk-3.6.7\build\CMakeFiles\CMakeTmp\src.cxx(4,50): error C4430: 형식 지정자가 없습니다. int로 가정합니다. 참고: C++에서는 기본 int를 지원하지 않습니다. [C:\__Dev\dcmtk-3.6.7\build\CMakeFiles\CMakeTmp\cmTC_a2e80.vcxproj]
  C:\__Dev\dcmtk-3.6.7\build\CMakeFiles\CMakeTmp\src.cxx(4,42): error C2146: 구문 오류: ';'이(가) 'category' 식별자 앞에 없습니다. [C:\__Dev\dcmtk-3.6.7\build\CMakeFiles\CMakeTmp\cmTC_a2e80.vcxproj]
  C:\__Dev\dcmtk-3.6.7\build\CMakeFiles\CMakeTmp\src.cxx(4,42): error C2065: 'category': 선언되지 않은 식별자입니다. [C:\__Dev\dcmtk-3.6.7\build\CMakeFiles\CMakeTmp\cmTC_a2e80.vcxproj]

    경고 0개
    오류 4개

경과 시간: 00:00:00.53


Determining if the RAND_egd exist failed with the following output:
Change Dir: C:/__Dev/dcmtk-3.6.7/build/CMakeFiles/CMakeTmp

Run Build Command(s):C:/Program Files/Microsoft Visual Studio/2022/Professional/MSBuild/Current/Bin/amd64/MSBuild.exe cmTC_0f7b3.vcxproj /p:Configuration=Release /p:Platform=x64 /p:VisualStudioVersion=17.0 /v:n && MSBuild version 17.6.3+07e294721 for .NET Framework
빌드 시작: 2023-07-05 오전 9:42:31

1 노드의 "C:\__Dev\dcmtk-3.6.7\build\CMakeFiles\CMakeTmp\cmTC_0f7b3.vcxproj" 프로젝트(기본 대상)입니다.
PrepareForBuild:
  "cmTC_0f7b3.dir\Release\" 디렉터리를 만들고 있습니다.
  "C:\__Dev\dcmtk-3.6.7\build\CMakeFiles\CMakeTmp\Release\" 디렉터리를 만들고 있습니다.
  "cmTC_0f7b3.dir\Release\cmTC_0f7b3.tlog\" 디렉터리를 만들고 있습니다.
InitializeBuildStatus:
  "AlwaysCreate"이(가) 지정되었기 때문에 "cmTC_0f7b3.dir\Release\cmTC_0f7b3.tlog\unsuccessfulbuild"을(를) 만들고 있습니다.
VcpkgTripletSelection:
  Using triplet "x64-windows" from "C:\__Dev\vcpkg\installed\x64-windows\"
ClCompile:
  C:\Program Files\Microsoft Visual Studio\2022\Professional\VC\Tools\MSVC\14.36.32532\bin\HostX64\x64\CL.exe /c /I"C:\__Dev\dcmtk-3.6.7\external\zlib-1.2.12\include" /I"C:\__Dev\dcmtk-3.6.7\external\libpng-1.6.37\include" /I"C:\__Dev\dcmtk-3.6.7\external\openssl-1.1.1n\include" /I"C:\__Dev\vcpkg\installed\x64-windows\include" /W1 /WX- /diagnostics:column /O2 /Ob2 /D _MBCS /D WIN32 /D _WINDOWS /D NDEBUG /D "CMAKE_INTDIR=\"Release\"" /Gm- /EHsc /MT /GS /fp:precise /Zc:wchar_t /Zc:forScope /Zc:inline /GR /Fo"cmTC_0f7b3.dir\Release\\" /Fd"cmTC_0f7b3.dir\Release\vc143.pdb" /external:W1 /Gd /TP /errorReport:queue "C:\__Dev\dcmtk-3.6.7\build\CMakeTmp\CheckSymbolExists.cxx"
  Microsoft (R) C/C++ 최적화 컴파일러 버전 19.36.32532(x64)
  CheckSymbolExists.cxx
  Copyright (c) Microsoft Corporation. All rights reserved.
  cl /c /I"C:\__Dev\dcmtk-3.6.7\external\zlib-1.2.12\include" /I"C:\__Dev\dcmtk-3.6.7\external\libpng-1.6.37\include" /I"C:\__Dev\dcmtk-3.6.7\external\openssl-1.1.1n\include" /I"C:\__Dev\vcpkg\installed\x64-windows\include" /W1 /WX- /diagnostics:column /O2 /Ob2 /D _MBCS /D WIN32 /D _WINDOWS /D NDEBUG /D "CMAKE_INTDIR=\"Release\"" /Gm- /EHsc /MT /GS /fp:precise /Zc:wchar_t /Zc:forScope /Zc:inline /GR /Fo"cmTC_0f7b3.dir\Release\\" /Fd"cmTC_0f7b3.dir\Release\vc143.pdb" /external:W1 /Gd /TP /errorReport:queue "C:\__Dev\dcmtk-3.6.7\build\CMakeTmp\CheckSymbolExists.cxx"
C:\__Dev\dcmtk-3.6.7\build\CMakeTmp\CheckSymbolExists.cxx(6,1): error C2065: 'RAND_egd': 선언되지 않은 식별자입니다. [C:\__Dev\dcmtk-3.6.7\build\CMakeFiles\CMakeTmp\cmTC_0f7b3.vcxproj]
"C:\__Dev\dcmtk-3.6.7\build\CMakeFiles\CMakeTmp\cmTC_0f7b3.vcxproj" 프로젝트를 빌드했습니다(기본 대상). - 실패

빌드하지 못했습니다.

"C:\__Dev\dcmtk-3.6.7\build\CMakeFiles\CMakeTmp\cmTC_0f7b3.vcxproj"(기본 대상)(1)->
(ClCompile 대상) -> 
  C:\__Dev\dcmtk-3.6.7\build\CMakeTmp\CheckSymbolExists.cxx(6,1): error C2065: 'RAND_egd': 선언되지 않은 식별자입니다. [C:\__Dev\dcmtk-3.6.7\build\CMakeFiles\CMakeTmp\cmTC_0f7b3.vcxproj]

    경고 0개
    오류 1개

경과 시간: 00:00:00.38


File C:/__Dev/dcmtk-3.6.7/build/CMakeTmp/CheckSymbolExists.cxx:
/* */
#include <openssl/rand.h>

int main()
{
RAND_egd;return 0;
}

Determining if the SSL_CTX_set0_tmp_dh_pkey exist failed with the following output:
Change Dir: C:/__Dev/dcmtk-3.6.7/build/CMakeFiles/CMakeTmp

Run Build Command(s):C:/Program Files/Microsoft Visual Studio/2022/Professional/MSBuild/Current/Bin/amd64/MSBuild.exe cmTC_467f6.vcxproj /p:Configuration=Release /p:Platform=x64 /p:VisualStudioVersion=17.0 /v:n && MSBuild version 17.6.3+07e294721 for .NET Framework
빌드 시작: 2023-07-05 오전 9:42:40

1 노드의 "C:\__Dev\dcmtk-3.6.7\build\CMakeFiles\CMakeTmp\cmTC_467f6.vcxproj" 프로젝트(기본 대상)입니다.
PrepareForBuild:
  "cmTC_467f6.dir\Release\" 디렉터리를 만들고 있습니다.
  "C:\__Dev\dcmtk-3.6.7\build\CMakeFiles\CMakeTmp\Release\" 디렉터리를 만들고 있습니다.
  "cmTC_467f6.dir\Release\cmTC_467f6.tlog\" 디렉터리를 만들고 있습니다.
InitializeBuildStatus:
  "AlwaysCreate"이(가) 지정되었기 때문에 "cmTC_467f6.dir\Release\cmTC_467f6.tlog\unsuccessfulbuild"을(를) 만들고 있습니다.
VcpkgTripletSelection:
  Using triplet "x64-windows" from "C:\__Dev\vcpkg\installed\x64-windows\"
ClCompile:
  C:\Program Files\Microsoft Visual Studio\2022\Professional\VC\Tools\MSVC\14.36.32532\bin\HostX64\x64\CL.exe /c /I"C:\__Dev\dcmtk-3.6.7\external\zlib-1.2.12\include" /I"C:\__Dev\dcmtk-3.6.7\external\libpng-1.6.37\include" /I"C:\__Dev\dcmtk-3.6.7\external\openssl-1.1.1n\include" /I"C:\__Dev\vcpkg\installed\x64-windows\include" /W1 /WX- /diagnostics:column /O2 /Ob2 /D _MBCS /D WIN32 /D _WINDOWS /D NDEBUG /D "CMAKE_INTDIR=\"Release\"" /Gm- /EHsc /MT /GS /fp:precise /Zc:wchar_t /Zc:forScope /Zc:inline /GR /Fo"cmTC_467f6.dir\Release\\" /Fd"cmTC_467f6.dir\Release\vc143.pdb" /external:W1 /Gd /TP /errorReport:queue "C:\__Dev\dcmtk-3.6.7\build\CMakeTmp\CheckSymbolExists.cxx"
  Microsoft (R) C/C++ 최적화 컴파일러 버전 19.36.32532(x64)
  CheckSymbolExists.cxx
  Copyright (c) Microsoft Corporation. All rights reserved.
  cl /c /I"C:\__Dev\dcmtk-3.6.7\external\zlib-1.2.12\include" /I"C:\__Dev\dcmtk-3.6.7\external\libpng-1.6.37\include" /I"C:\__Dev\dcmtk-3.6.7\external\openssl-1.1.1n\include" /I"C:\__Dev\vcpkg\installed\x64-windows\include" /W1 /WX- /diagnostics:column /O2 /Ob2 /D _MBCS /D WIN32 /D _WINDOWS /D NDEBUG /D "CMAKE_INTDIR=\"Release\"" /Gm- /EHsc /MT /GS /fp:precise /Zc:wchar_t /Zc:forScope /Zc:inline /GR /Fo"cmTC_467f6.dir\Release\\" /Fd"cmTC_467f6.dir\Release\vc143.pdb" /external:W1 /Gd /TP /errorReport:queue "C:\__Dev\dcmtk-3.6.7\build\CMakeTmp\CheckSymbolExists.cxx"
C:\__Dev\dcmtk-3.6.7\build\CMakeTmp\CheckSymbolExists.cxx(6,1): error C2065: 'SSL_CTX_set0_tmp_dh_pkey': 선언되지 않은 식별자입니다. [C:\__Dev\dcmtk-3.6.7\build\CMakeFiles\CMakeTmp\cmTC_467f6.vcxproj]
"C:\__Dev\dcmtk-3.6.7\build\CMakeFiles\CMakeTmp\cmTC_467f6.vcxproj" 프로젝트를 빌드했습니다(기본 대상). - 실패

빌드하지 못했습니다.

"C:\__Dev\dcmtk-3.6.7\build\CMakeFiles\CMakeTmp\cmTC_467f6.vcxproj"(기본 대상)(1)->
(ClCompile 대상) -> 
  C:\__Dev\dcmtk-3.6.7\build\CMakeTmp\CheckSymbolExists.cxx(6,1): error C2065: 'SSL_CTX_set0_tmp_dh_pkey': 선언되지 않은 식별자입니다. [C:\__Dev\dcmtk-3.6.7\build\CMakeFiles\CMakeTmp\cmTC_467f6.vcxproj]

    경고 0개
    오류 1개

경과 시간: 00:00:00.48


File C:/__Dev/dcmtk-3.6.7/build/CMakeTmp/CheckSymbolExists.cxx:
/* */
#include <openssl/ssl.h>

int main()
{
SSL_CTX_set0_tmp_dh_pkey;return 0;
}

Determining if the SSL_CTX_set1_sigalgs exist failed with the following output:
Change Dir: C:/__Dev/dcmtk-3.6.7/build/CMakeFiles/CMakeTmp

Run Build Command(s):C:/Program Files/Microsoft Visual Studio/2022/Professional/MSBuild/Current/Bin/amd64/MSBuild.exe cmTC_149e0.vcxproj /p:Configuration=Release /p:Platform=x64 /p:VisualStudioVersion=17.0 /v:n && MSBuild version 17.6.3+07e294721 for .NET Framework
빌드 시작: 2023-07-05 오전 9:42:42

1 노드의 "C:\__Dev\dcmtk-3.6.7\build\CMakeFiles\CMakeTmp\cmTC_149e0.vcxproj" 프로젝트(기본 대상)입니다.
PrepareForBuild:
  "cmTC_149e0.dir\Release\" 디렉터리를 만들고 있습니다.
  "C:\__Dev\dcmtk-3.6.7\build\CMakeFiles\CMakeTmp\Release\" 디렉터리를 만들고 있습니다.
  "cmTC_149e0.dir\Release\cmTC_149e0.tlog\" 디렉터리를 만들고 있습니다.
InitializeBuildStatus:
  "AlwaysCreate"이(가) 지정되었기 때문에 "cmTC_149e0.dir\Release\cmTC_149e0.tlog\unsuccessfulbuild"을(를) 만들고 있습니다.
VcpkgTripletSelection:
  Using triplet "x64-windows" from "C:\__Dev\vcpkg\installed\x64-windows\"
ClCompile:
  C:\Program Files\Microsoft Visual Studio\2022\Professional\VC\Tools\MSVC\14.36.32532\bin\HostX64\x64\CL.exe /c /I"C:\__Dev\dcmtk-3.6.7\external\zlib-1.2.12\include" /I"C:\__Dev\dcmtk-3.6.7\external\libpng-1.6.37\include" /I"C:\__Dev\dcmtk-3.6.7\external\openssl-1.1.1n\include" /I"C:\__Dev\vcpkg\installed\x64-windows\include" /W1 /WX- /diagnostics:column /O2 /Ob2 /D _MBCS /D WIN32 /D _WINDOWS /D NDEBUG /D "CMAKE_INTDIR=\"Release\"" /Gm- /EHsc /MT /GS /fp:precise /Zc:wchar_t /Zc:forScope /Zc:inline /GR /Fo"cmTC_149e0.dir\Release\\" /Fd"cmTC_149e0.dir\Release\vc143.pdb" /external:W1 /Gd /TP /errorReport:queue "C:\__Dev\dcmtk-3.6.7\build\CMakeTmp\CheckSymbolExists.cxx"
  Microsoft (R) C/C++ 최적화 컴파일러 버전 19.36.32532(x64)
  CheckSymbolExists.cxx
  Copyright (c) Microsoft Corporation. All rights reserved.
  cl /c /I"C:\__Dev\dcmtk-3.6.7\external\zlib-1.2.12\include" /I"C:\__Dev\dcmtk-3.6.7\external\libpng-1.6.37\include" /I"C:\__Dev\dcmtk-3.6.7\external\openssl-1.1.1n\include" /I"C:\__Dev\vcpkg\installed\x64-windows\include" /W1 /WX- /diagnostics:column /O2 /Ob2 /D _MBCS /D WIN32 /D _WINDOWS /D NDEBUG /D "CMAKE_INTDIR=\"Release\"" /Gm- /EHsc /MT /GS /fp:precise /Zc:wchar_t /Zc:forScope /Zc:inline /GR /Fo"cmTC_149e0.dir\Release\\" /Fd"cmTC_149e0.dir\Release\vc143.pdb" /external:W1 /Gd /TP /errorReport:queue "C:\__Dev\dcmtk-3.6.7\build\CMakeTmp\CheckSymbolExists.cxx"
C:\__Dev\dcmtk-3.6.7\build\CMakeTmp\CheckSymbolExists.cxx(6,1): error C2065: 'SSL_CTX_set1_sigalgs': 선언되지 않은 식별자입니다. [C:\__Dev\dcmtk-3.6.7\build\CMakeFiles\CMakeTmp\cmTC_149e0.vcxproj]
"C:\__Dev\dcmtk-3.6.7\build\CMakeFiles\CMakeTmp\cmTC_149e0.vcxproj" 프로젝트를 빌드했습니다(기본 대상). - 실패

빌드하지 못했습니다.

"C:\__Dev\dcmtk-3.6.7\build\CMakeFiles\CMakeTmp\cmTC_149e0.vcxproj"(기본 대상)(1)->
(ClCompile 대상) -> 
  C:\__Dev\dcmtk-3.6.7\build\CMakeTmp\CheckSymbolExists.cxx(6,1): error C2065: 'SSL_CTX_set1_sigalgs': 선언되지 않은 식별자입니다. [C:\__Dev\dcmtk-3.6.7\build\CMakeFiles\CMakeTmp\cmTC_149e0.vcxproj]

    경고 0개
    오류 1개

경과 시간: 00:00:00.48


File C:/__Dev/dcmtk-3.6.7/build/CMakeTmp/CheckSymbolExists.cxx:
/* */
#include <openssl/ssl.h>

int main()
{
SSL_CTX_set1_sigalgs;return 0;
}

Determining if the EVP_PKEY_get_group_name exist failed with the following output:
Change Dir: C:/__Dev/dcmtk-3.6.7/build/CMakeFiles/CMakeTmp

Run Build Command(s):C:/Program Files/Microsoft Visual Studio/2022/Professional/MSBuild/Current/Bin/amd64/MSBuild.exe cmTC_3f722.vcxproj /p:Configuration=Release /p:Platform=x64 /p:VisualStudioVersion=17.0 /v:n && MSBuild version 17.6.3+07e294721 for .NET Framework
빌드 시작: 2023-07-05 오전 9:43:03

1 노드의 "C:\__Dev\dcmtk-3.6.7\build\CMakeFiles\CMakeTmp\cmTC_3f722.vcxproj" 프로젝트(기본 대상)입니다.
PrepareForBuild:
  "cmTC_3f722.dir\Release\" 디렉터리를 만들고 있습니다.
  "C:\__Dev\dcmtk-3.6.7\build\CMakeFiles\CMakeTmp\Release\" 디렉터리를 만들고 있습니다.
  "cmTC_3f722.dir\Release\cmTC_3f722.tlog\" 디렉터리를 만들고 있습니다.
InitializeBuildStatus:
  "AlwaysCreate"이(가) 지정되었기 때문에 "cmTC_3f722.dir\Release\cmTC_3f722.tlog\unsuccessfulbuild"을(를) 만들고 있습니다.
VcpkgTripletSelection:
  Using triplet "x64-windows" from "C:\__Dev\vcpkg\installed\x64-windows\"
ClCompile:
  C:\Program Files\Microsoft Visual Studio\2022\Professional\VC\Tools\MSVC\14.36.32532\bin\HostX64\x64\CL.exe /c /I"C:\__Dev\dcmtk-3.6.7\external\zlib-1.2.12\include" /I"C:\__Dev\dcmtk-3.6.7\external\libpng-1.6.37\include" /I"C:\__Dev\dcmtk-3.6.7\external\openssl-1.1.1n\include" /I"C:\__Dev\vcpkg\installed\x64-windows\include" /W1 /WX- /diagnostics:column /O2 /Ob2 /D _MBCS /D WIN32 /D _WINDOWS /D NDEBUG /D "CMAKE_INTDIR=\"Release\"" /Gm- /EHsc /MT /GS /fp:precise /Zc:wchar_t /Zc:forScope /Zc:inline /GR /Fo"cmTC_3f722.dir\Release\\" /Fd"cmTC_3f722.dir\Release\vc143.pdb" /external:W1 /Gd /TP /errorReport:queue "C:\__Dev\dcmtk-3.6.7\build\CMakeTmp\CheckSymbolExists.cxx"
  Microsoft (R) C/C++ 최적화 컴파일러 버전 19.36.32532(x64)
  CheckSymbolExists.cxx
  Copyright (c) Microsoft Corporation. All rights reserved.
  cl /c /I"C:\__Dev\dcmtk-3.6.7\external\zlib-1.2.12\include" /I"C:\__Dev\dcmtk-3.6.7\external\libpng-1.6.37\include" /I"C:\__Dev\dcmtk-3.6.7\external\openssl-1.1.1n\include" /I"C:\__Dev\vcpkg\installed\x64-windows\include" /W1 /WX- /diagnostics:column /O2 /Ob2 /D _MBCS /D WIN32 /D _WINDOWS /D NDEBUG /D "CMAKE_INTDIR=\"Release\"" /Gm- /EHsc /MT /GS /fp:precise /Zc:wchar_t /Zc:forScope /Zc:inline /GR /Fo"cmTC_3f722.dir\Release\\" /Fd"cmTC_3f722.dir\Release\vc143.pdb" /external:W1 /Gd /TP /errorReport:queue "C:\__Dev\dcmtk-3.6.7\build\CMakeTmp\CheckSymbolExists.cxx"
C:\__Dev\dcmtk-3.6.7\build\CMakeTmp\CheckSymbolExists.cxx(6,1): error C2065: 'EVP_PKEY_get_group_name': 선언되지 않은 식별자입니다. [C:\__Dev\dcmtk-3.6.7\build\CMakeFiles\CMakeTmp\cmTC_3f722.vcxproj]
"C:\__Dev\dcmtk-3.6.7\build\CMakeFiles\CMakeTmp\cmTC_3f722.vcxproj" 프로젝트를 빌드했습니다(기본 대상). - 실패

빌드하지 못했습니다.

"C:\__Dev\dcmtk-3.6.7\build\CMakeFiles\CMakeTmp\cmTC_3f722.vcxproj"(기본 대상)(1)->
(ClCompile 대상) -> 
  C:\__Dev\dcmtk-3.6.7\build\CMakeTmp\CheckSymbolExists.cxx(6,1): error C2065: 'EVP_PKEY_get_group_name': 선언되지 않은 식별자입니다. [C:\__Dev\dcmtk-3.6.7\build\CMakeFiles\CMakeTmp\cmTC_3f722.vcxproj]

    경고 0개
    오류 1개

경과 시간: 00:00:00.44


File C:/__Dev/dcmtk-3.6.7/build/CMakeTmp/CheckSymbolExists.cxx:
/* */
#include <openssl/evp.h>

int main()
{
EVP_PKEY_get_group_name;return 0;
}

Determining if the OSSL_PROVIDER_load exist failed with the following output:
Change Dir: C:/__Dev/dcmtk-3.6.7/build/CMakeFiles/CMakeTmp

Run Build Command(s):C:/Program Files/Microsoft Visual Studio/2022/Professional/MSBuild/Current/Bin/amd64/MSBuild.exe cmTC_26b1a.vcxproj /p:Configuration=Release /p:Platform=x64 /p:VisualStudioVersion=17.0 /v:n && MSBuild version 17.6.3+07e294721 for .NET Framework
빌드 시작: 2023-07-05 오전 9:43:05

1 노드의 "C:\__Dev\dcmtk-3.6.7\build\CMakeFiles\CMakeTmp\cmTC_26b1a.vcxproj" 프로젝트(기본 대상)입니다.
PrepareForBuild:
  "cmTC_26b1a.dir\Release\" 디렉터리를 만들고 있습니다.
  "C:\__Dev\dcmtk-3.6.7\build\CMakeFiles\CMakeTmp\Release\" 디렉터리를 만들고 있습니다.
  "cmTC_26b1a.dir\Release\cmTC_26b1a.tlog\" 디렉터리를 만들고 있습니다.
InitializeBuildStatus:
  "AlwaysCreate"이(가) 지정되었기 때문에 "cmTC_26b1a.dir\Release\cmTC_26b1a.tlog\unsuccessfulbuild"을(를) 만들고 있습니다.
VcpkgTripletSelection:
  Using triplet "x64-windows" from "C:\__Dev\vcpkg\installed\x64-windows\"
ClCompile:
  C:\Program Files\Microsoft Visual Studio\2022\Professional\VC\Tools\MSVC\14.36.32532\bin\HostX64\x64\CL.exe /c /I"C:\__Dev\dcmtk-3.6.7\external\zlib-1.2.12\include" /I"C:\__Dev\dcmtk-3.6.7\external\libpng-1.6.37\include" /I"C:\__Dev\dcmtk-3.6.7\external\openssl-1.1.1n\include" /I"C:\__Dev\vcpkg\installed\x64-windows\include" /W1 /WX- /diagnostics:column /O2 /Ob2 /D _MBCS /D WIN32 /D _WINDOWS /D NDEBUG /D "CMAKE_INTDIR=\"Release\"" /Gm- /EHsc /MT /GS /fp:precise /Zc:wchar_t /Zc:forScope /Zc:inline /GR /Fo"cmTC_26b1a.dir\Release\\" /Fd"cmTC_26b1a.dir\Release\vc143.pdb" /external:W1 /Gd /TP /errorReport:queue "C:\__Dev\dcmtk-3.6.7\build\CMakeTmp\CheckSymbolExists.cxx"
  Microsoft (R) C/C++ 최적화 컴파일러 버전 19.36.32532(x64)
  CheckSymbolExists.cxx
  Copyright (c) Microsoft Corporation. All rights reserved.
  cl /c /I"C:\__Dev\dcmtk-3.6.7\external\zlib-1.2.12\include" /I"C:\__Dev\dcmtk-3.6.7\external\libpng-1.6.37\include" /I"C:\__Dev\dcmtk-3.6.7\external\openssl-1.1.1n\include" /I"C:\__Dev\vcpkg\installed\x64-windows\include" /W1 /WX- /diagnostics:column /O2 /Ob2 /D _MBCS /D WIN32 /D _WINDOWS /D NDEBUG /D "CMAKE_INTDIR=\"Release\"" /Gm- /EHsc /MT /GS /fp:precise /Zc:wchar_t /Zc:forScope /Zc:inline /GR /Fo"cmTC_26b1a.dir\Release\\" /Fd"cmTC_26b1a.dir\Release\vc143.pdb" /external:W1 /Gd /TP /errorReport:queue "C:\__Dev\dcmtk-3.6.7\build\CMakeTmp\CheckSymbolExists.cxx"
C:\__Dev\vcpkg\installed\x64-windows\include\openssl/macros.h(155,1): fatal  error C1189: #error:  "OPENSSL_API_COMPAT expresses an impossible API compatibility level" [C:\__Dev\dcmtk-3.6.7\build\CMakeFiles\CMakeTmp\cmTC_26b1a.vcxproj]
"C:\__Dev\dcmtk-3.6.7\build\CMakeFiles\CMakeTmp\cmTC_26b1a.vcxproj" 프로젝트를 빌드했습니다(기본 대상). - 실패

빌드하지 못했습니다.

"C:\__Dev\dcmtk-3.6.7\build\CMakeFiles\CMakeTmp\cmTC_26b1a.vcxproj"(기본 대상)(1)->
(ClCompile 대상) -> 
  C:\__Dev\vcpkg\installed\x64-windows\include\openssl/macros.h(155,1): fatal  error C1189: #error:  "OPENSSL_API_COMPAT expresses an impossible API compatibility level" [C:\__Dev\dcmtk-3.6.7\build\CMakeFiles\CMakeTmp\cmTC_26b1a.vcxproj]

    경고 0개
    오류 1개

경과 시간: 00:00:00.39


File C:/__Dev/dcmtk-3.6.7/build/CMakeTmp/CheckSymbolExists.cxx:
/* */
#include <openssl/provider.h>

int main()
{
OSSL_PROVIDER_load;return 0;
}

